Log file open, 09/23/19 21:08:34
LogWindows: Failed to load 'aqProf.dll' (GetLastError=126)
LogWindows: File 'aqProf.dll' does not exist
LogWindows: Failed to load 'VtuneApi.dll' (GetLastError=126)
LogWindows: File 'VtuneApi.dll' does not exist
LogWindows: Failed to load 'VtuneApi32e.dll' (GetLastError=126)
LogWindows: File 'VtuneApi32e.dll' does not exist
LogConsoleResponse: Display: Failed to find resolution value strings in scalability ini. Falling back to default.
LogInit: Display: Running engine for game: Physics
LogPlatformFile: Not using cached read wrapper
LogTaskGraph: Started task graph with 5 named threads and 47 total threads with 3 sets of task threads.
LogStats: Stats thread started at 0.099658
LogD3D11RHI: Loaded GFSDK_Aftermath_Lib.x64.dll
LogICUInternationalization: ICU TimeZone Detection - Raw Offset: -5:00, Platform Override: ''
LogPluginManager: Mounting plugin Paper2D
LogPluginManager: Mounting plugin AISupport
LogPluginManager: Mounting plugin LightPropagationVolume
LogPluginManager: Mounting plugin ActorLayerUtilities
LogPluginManager: Mounting plugin AnimationSharing
LogPluginManager: Mounting plugin CLionSourceCodeAccess
LogPluginManager: Mounting plugin CodeLiteSourceCodeAccess
LogPluginManager: Mounting plugin GitSourceControl
LogPluginManager: Mounting plugin KDevelopSourceCodeAccess
LogPluginManager: Mounting plugin NullSourceCodeAccess
LogPluginManager: Mounting plugin PerforceSourceControl
LogPluginManager: Mounting plugin SubversionSourceControl
LogPluginManager: Mounting plugin UObjectPlugin
LogPluginManager: Mounting plugin VisualStudioCodeSourceCodeAccess
LogPluginManager: Mounting plugin VisualStudioSourceCodeAccess
LogPluginManager: Mounting plugin XCodeSourceCodeAccess
LogPluginManager: Mounting plugin AssetManagerEditor
LogPluginManager: Mounting plugin CryptoKeys
LogPluginManager: Mounting plugin CurveEditorTools
LogPluginManager: Mounting plugin DataValidation
LogPluginManager: Mounting plugin FacialAnimation
LogPluginManager: Mounting plugin GameplayTagsEditor
LogPluginManager: Mounting plugin MacGraphicsSwitching
LogPluginManager: Mounting plugin MaterialAnalyzer
LogPluginManager: Mounting plugin MobileLauncherProfileWizard
LogPluginManager: Mounting plugin PluginBrowser
LogPluginManager: Mounting plugin SpeedTreeImporter
LogPluginManager: Mounting plugin DatasmithContent
LogPluginManager: Mounting plugin VariantManagerContent
LogPluginManager: Mounting plugin AlembicImporter
LogPluginManager: Mounting plugin AutomationUtils
LogPluginManager: Mounting plugin BackChannel
LogPluginManager: Mounting plugin CharacterAI
LogPluginManager: Mounting plugin GeometryCache
LogPluginManager: Mounting plugin HTML5Networking
LogPluginManager: Mounting plugin PlatformCrypto
LogPluginManager: Mounting plugin ProxyLODPlugin
LogPluginManager: Mounting plugin SkeletalReduction
LogPluginManager: Mounting plugin MagicLeap
LogPluginManager: Mounting plugin MagicLeapMedia
LogPluginManager: Mounting plugin AndroidMedia
LogPluginManager: Mounting plugin AvfMedia
LogPluginManager: Mounting plugin ImgMedia
LogPluginManager: Mounting plugin MediaCompositing
LogPluginManager: Mounting plugin MediaPlayerEditor
LogPluginManager: Mounting plugin WebMMedia
LogPluginManager: Mounting plugin WmfMedia
LogPluginManager: Mounting plugin TcpMessaging
LogPluginManager: Mounting plugin UdpMessaging
LogPluginManager: Mounting plugin ActorSequence
LogPluginManager: Mounting plugin LevelSequenceEditor
LogPluginManager: Mounting plugin MatineeToLevelSequence
LogPluginManager: Mounting plugin NetcodeUnitTest
LogPluginManager: Mounting plugin NUTUnrealEngine4
LogPluginManager: Mounting plugin OnlineSubsystemGooglePlay
LogPluginManager: Mounting plugin OnlineSubsystemIOS
LogPluginManager: Mounting plugin OnlineSubsystem
LogPluginManager: Mounting plugin OnlineSubsystemNull
LogPluginManager: Mounting plugin OnlineSubsystemUtils
LogPluginManager: Mounting plugin LauncherChunkInstaller
LogPluginManager: Mounting plugin AndroidDeviceProfileSelector
LogPluginManager: Mounting plugin AndroidMoviePlayer
LogPluginManager: Mounting plugin AndroidPermission
LogPluginManager: Mounting plugin AppleImageUtils
LogPluginManager: Mounting plugin AppleMoviePlayer
LogPluginManager: Mounting plugin ArchVisCharacter
LogPluginManager: Mounting plugin AudioCapture
LogPluginManager: Mounting plugin CableComponent
LogPluginManager: Mounting plugin CustomMeshComponent
LogPluginManager: Mounting plugin EditableMesh
LogPluginManager: Mounting plugin ExampleDeviceProfileSelector
LogPluginManager: Mounting plugin GoogleCloudMessaging
LogPluginManager: Mounting plugin IOSDeviceProfileSelector
LogPluginManager: Mounting plugin LinuxDeviceProfileSelector
LogPluginManager: Mounting plugin LocationServicesBPLibrary
LogPluginManager: Mounting plugin MobilePatchingUtils
LogPluginManager: Mounting plugin OculusVR
LogPluginManager: Mounting plugin PhysXVehicles
LogPluginManager: Mounting plugin ProceduralMeshComponent
LogPluginManager: Mounting plugin RuntimePhysXCooking
LogPluginManager: Mounting plugin SignificanceManager
LogPluginManager: Mounting plugin SteamVR
LogPluginManager: Mounting plugin WebMMoviePlayer
LogPluginManager: Mounting plugin WindowsMoviePlayer
LogPluginManager: Mounting plugin ScreenshotTools
LogInit: Warning: Incompatible or missing module: Physics
Running D:/ProgramFiles/Epic Games/UE_4.23/Engine/Binaries/DotNET/UnrealBuildTool.exe Development Win64 -Project="D:/Documents/Game-Physics/Physics/Physics.uproject" -TargetType=Editor -Progress -NoHotReloadFromIDE
Using 'git status' to determine working set for adaptive non-unity build (D:\Documents\Game-Physics).
Creating makefile for PhysicsEditor (no existing makefile)
@progress push 5%
Parsing headers for PhysicsEditor
  Running UnrealHeaderTool "D:\Documents\Game-Physics\Physics\Physics.uproject" "D:\Documents\Game-Physics\Physics\Intermediate\Build\Win64\PhysicsEditor\Development\PhysicsEditor.uhtmanifest" -LogCmds="loginit warning, logexit warning, logdatabase error" -Unattended -WarningsAsErrors -installed
Reflection code generated for PhysicsEditor in 6.2925673 seconds
@progress pop
Using Visual Studio 2017 14.16.27023 toolchain (D:\ProgramFiles\VisualStudio2017\VC\Tools\MSVC\14.16.27023) and Windows 10.0.16299.0 SDK (C:\Program Files (x86)\Windows Kits\10).
Distributing 21 actions to XGE
--------------------Build System Warning---------------------------------------
License is invalid:
    License information is invalid. Please try reloading your license file using the Coordinator Monitor application on the Coordinator machine, or reinstall IncrediBuild.
    This build will run in standalone mode.

-------------------------------------------------------------------------------
--------------------Project: Default-------------------------------------------
SharedPCH.Engine.cpp
Rod2D.cpp
Circle2D.cpp
ForceGenerator.cpp
Particle2D.cpp
D:\Documents\Game-Physics\Physics\Source\Physics\Particle2D.cpp(80): warning C4458: declaration of 'force' hides class member
d:\documents\game-physics\physics\source\physics\Particle2D.h(92): note: see declaration of 'AParticle2D::force'
Physics.cpp
PhysicsGameModeBase.cpp
Ring2D.cpp
Rectangle2D.cpp
Circle2D.gen.cpp
Particle2D.gen.cpp
Physics.init.gen.cpp
PhysicsGameModeBase.gen.cpp
Rectangle2D.gen.cpp
Ring2D.gen.cpp
Rod2D.gen.cpp
ForceGenerator.gen.cpp
Default.rc2 (0:00.07 at +0:34)
UE4Editor-Physics.dll (0:01.15 at +0:34)
   Creating library D:\Documents\Game-Physics\Physics\Intermediate\Build\Win64\UE4Editor\Development\Physics\UE4Editor-Physics.suppressed.lib and object D:\Documents\Game-Physics\Physics\Intermediate\Build\Win64\UE4Editor\Development\Physics\UE4Editor-Physics.suppressed.exp
UE4Editor-Physics.lib (0:00.18 at +0:35)
   Creating library D:\Documents\Game-Physics\Physics\Intermediate\Build\Win64\UE4Editor\Development\Physics\UE4Editor-Physics.lib and object D:\Documents\Game-Physics\Physics\Intermediate\Build\Win64\UE4Editor\Development\Physics\UE4Editor-Physics.exp
PhysicsEditor.target (0:00.17 at +0:36)
---------------------- Done ----------------------

    Rebuild All: 1 succeeded, 0 failed, 0 skipped

1 build system warning(s):
   - License is invalid

Total time in XGE executor: 36.44 seconds
Total execution time: 44.97 seconds
LogInit: Using libcurl 7.55.1-DEV
LogInit:  - built for x86_64-pc-win32
LogInit:  - supports SSL with OpenSSL/1.1.1
LogInit:  - supports HTTP deflate (compression) using libz 1.2.8
LogInit:  - other features:
LogInit:      CURL_VERSION_SSL
LogInit:      CURL_VERSION_LIBZ
LogInit:      CURL_VERSION_IPV6
LogInit:      CURL_VERSION_ASYNCHDNS
LogInit:      CURL_VERSION_LARGEFILE
LogInit:      CURL_VERSION_IDN
LogInit:  CurlRequestOptions (configurable via config and command line):
LogInit:  - bVerifyPeer = true  - Libcurl will verify peer certificate
LogInit:  - bUseHttpProxy = false  - Libcurl will NOT use HTTP proxy
LogInit:  - bDontReuseConnections = false  - Libcurl will reuse connections
LogInit:  - MaxHostConnections = 16  - Libcurl will limit the number of connections to a host
LogInit:  - LocalHostAddr = Default
LogInit:  - BufferSize = 65536
LogOnline: OSS: Creating online subsystem instance for: NULL
LogInit: WinSock: version 1.1 (2.2), MaxSocks=32767, MaxUdp=65467
LogInit: Build: ++UE4+Release-4.23-CL-8386587
LogInit: Engine Version: 4.23.0-8386587+++UE4+Release-4.23
LogInit: Compatible Engine Version: 4.23.0-8386587+++UE4+Release-4.23
LogInit: Net CL: 8386587
LogInit: OS: Windows 10 (Release 1903) (), CPU: AMD Ryzen 7 1700X Eight-Core Processor         , GPU: NVIDIA GeForce GTX 1080
LogInit: Compiled (64-bit): Aug 31 2019 02:04:44
LogInit: Compiled with Visual C++: 19.16.27030.01
LogInit: Build Configuration: Development
LogInit: Branch Name: ++UE4+Release-4.23
LogInit: Command Line: 
LogInit: Base Directory: D:/ProgramFiles/Epic Games/UE_4.23/Engine/Binaries/Win64/
LogInit: Installed Engine Build: 1
LogDevObjectVersion: Number of dev versions registered: 23
LogDevObjectVersion:   Dev-Blueprints (B0D832E4-1F89-4F0D-ACCF-7EB736FD4AA2): 10
LogDevObjectVersion:   Dev-Build (E1C64328-A22C-4D53-A36C-8E866417BD8C): 0
LogDevObjectVersion:   Dev-Core (375EC13C-06E4-48FB-B500-84F0262A717E): 3
LogDevObjectVersion:   Dev-Editor (E4B068ED-F494-42E9-A231-DA0B2E46BB41): 34
LogDevObjectVersion:   Dev-Framework (CFFC743F-43B0-4480-9391-14DF171D2073): 35
LogDevObjectVersion:   Dev-Mobile (B02B49B5-BB20-44E9-A304-32B752E40360): 2
LogDevObjectVersion:   Dev-Networking (A4E4105C-59A1-49B5-A7C5-40C4547EDFEE): 0
LogDevObjectVersion:   Dev-Online (39C831C9-5AE6-47DC-9A44-9C173E1C8E7C): 0
LogDevObjectVersion:   Dev-Physics (78F01B33-EBEA-4F98-B9B4-84EACCB95AA2): 0
LogDevObjectVersion:   Dev-Platform (6631380F-2D4D-43E0-8009-CF276956A95A): 0
LogDevObjectVersion:   Dev-Rendering (12F88B9F-8875-4AFC-A67C-D90C383ABD29): 31
LogDevObjectVersion:   Dev-Sequencer (7B5AE74C-D270-4C10-A958-57980B212A5A): 11
LogDevObjectVersion:   Dev-VR (D7296918-1DD6-4BDD-9DE2-64A83CC13884): 2
LogDevObjectVersion:   Dev-LoadTimes (C2A15278-BFE7-4AFE-6C17-90FF531DF755): 1
LogDevObjectVersion:   Private-Geometry (6EACA3D4-40EC-4CC1-B786-8BED09428FC5): 3
LogDevObjectVersion:   Dev-AnimPhys (29E575DD-E0A3-4627-9D10-D276232CDCEA): 17
LogDevObjectVersion:   Dev-Anim (AF43A65D-7FD3-4947-9873-3E8ED9C1BB05): 2
LogDevObjectVersion:   Dev-ReflectionCapture (6B266CEC-1EC7-4B8F-A30B-E4D90942FC07): 1
LogDevObjectVersion:   Dev-Automation (0DF73D61-A23F-47EA-B727-89E90C41499A): 1
LogDevObjectVersion:   FortniteMain (601D1886-AC64-4F84-AA16-D3DE0DEAC7D6): 27
LogDevObjectVersion:   Dev-Enterprise (9DFFBCD6-494F-0158-E221-12823C92A888): 6
LogDevObjectVersion:   Dev-Niagara (F2AED0AC-9AFE-416F-8664-AA7FFA26D6FC): 1
LogDevObjectVersion:   Dev-Destruction (174F1F0B-B4C6-45A5-B13F-2EE8D0FB917D): 9
LogInit: Presizing for max 16777216 objects, including 0 objects not considered by GC, pre-allocating 0 bytes for permanent pool.
LogInit: Object subsystem initialized
LogConfig: Setting CVar [[con.DebugEarlyDefault:1]]
LogConfig: Setting CVar [[r.setres:1280x720]]
[2019.09.24-01.09.22:835][  0]LogConfig: Setting CVar [[r.VSync:0]]
[2019.09.24-01.09.22:835][  0]LogConfig: Setting CVar [[r.RHICmdBypass:0]]
[2019.09.24-01.09.22:835][  0]LogConfig: Applying CVar settings from Section [/Script/Engine.RendererSettings] File [D:/Documents/Game-Physics/Physics/Saved/Config/Windows/Engine.ini]
[2019.09.24-01.09.22:835][  0]LogConfig: Setting CVar [[r.GPUCrashDebugging:0]]
[2019.09.24-01.09.22:835][  0]LogConfig: Applying CVar settings from Section [/Script/Engine.RendererOverrideSettings] File [D:/Documents/Game-Physics/Physics/Saved/Config/Windows/Engine.ini]
[2019.09.24-01.09.22:835][  0]LogConfig: Applying CVar settings from Section [/Script/Engine.StreamingSettings] File [D:/Documents/Game-Physics/Physics/Saved/Config/Windows/Engine.ini]
[2019.09.24-01.09.22:835][  0]LogConfig: Setting CVar [[s.MinBulkDataSizeForAsyncLoading:131072]]
[2019.09.24-01.09.22:835][  0]LogConfig: Setting CVar [[s.AsyncLoadingThreadEnabled:0]]
[2019.09.24-01.09.22:835][  0]LogConfig: Setting CVar [[s.EventDrivenLoaderEnabled:1]]
[2019.09.24-01.09.22:835][  0]LogConfig: Setting CVar [[s.WarnIfTimeLimitExceeded:0]]
[2019.09.24-01.09.22:835][  0]LogConfig: Setting CVar [[s.TimeLimitExceededMultiplier:1.5]]
[2019.09.24-01.09.22:835][  0]LogConfig: Setting CVar [[s.TimeLimitExceededMinTime:0.005]]
[2019.09.24-01.09.22:835][  0]LogConfig: Setting CVar [[s.UseBackgroundLevelStreaming:1]]
[2019.09.24-01.09.22:835][  0]LogConfig: Setting CVar [[s.PriorityAsyncLoadingExtraTime:15.0]]
[2019.09.24-01.09.22:835][  0]LogConfig: Setting CVar [[s.LevelStreamingActorsUpdateTimeLimit:5.0]]
[2019.09.24-01.09.22:835][  0]LogConfig: Setting CVar [[s.PriorityLevelStreamingActorsUpdateExtraTime:5.0]]
[2019.09.24-01.09.22:835][  0]LogConfig: Setting CVar [[s.LevelStreamingComponentsRegistrationGranularity:10]]
[2019.09.24-01.09.22:835][  0]LogConfig: Setting CVar [[s.UnregisterComponentsTimeLimit:1.0]]
[2019.09.24-01.09.22:835][  0]LogConfig: Setting CVar [[s.LevelStreamingComponentsUnregistrationGranularity:5]]
[2019.09.24-01.09.22:835][  0]LogConfig: Applying CVar settings from Section [/Script/Engine.GarbageCollectionSettings] File [D:/Documents/Game-Physics/Physics/Saved/Config/Windows/Engine.ini]
[2019.09.24-01.09.22:835][  0]LogConfig: Setting CVar [[gc.MaxObjectsNotConsideredByGC:1]]
[2019.09.24-01.09.22:835][  0]LogConfig: Setting CVar [[gc.SizeOfPermanentObjectPool:0]]
[2019.09.24-01.09.22:835][  0]LogConfig: Setting CVar [[gc.FlushStreamingOnGC:0]]
[2019.09.24-01.09.22:835][  0]LogConfig: Setting CVar [[gc.NumRetriesBeforeForcingGC:10]]
[2019.09.24-01.09.22:835][  0]LogConfig: Setting CVar [[gc.AllowParallelGC:1]]
[2019.09.24-01.09.22:835][  0]LogConfig: Setting CVar [[gc.TimeBetweenPurgingPendingKillObjects:61.1]]
[2019.09.24-01.09.22:835][  0]LogConfig: Setting CVar [[gc.MaxObjectsInEditor:16777216]]
[2019.09.24-01.09.22:835][  0]LogConfig: Setting CVar [[gc.IncrementalBeginDestroyEnabled:1]]
[2019.09.24-01.09.22:835][  0]LogConfig: Setting CVar [[gc.CreateGCClusters:1]]
[2019.09.24-01.09.22:835][  0]LogConfig: Setting CVar [[gc.MinGCClusterSize:5]]
[2019.09.24-01.09.22:835][  0]LogConfig: Setting CVar [[gc.ActorClusteringEnabled:0]]
[2019.09.24-01.09.22:835][  0]LogConfig: Setting CVar [[gc.BlueprintClusteringEnabled:0]]
[2019.09.24-01.09.22:835][  0]LogConfig: Setting CVar [[gc.UseDisregardForGCOnDedicatedServers:0]]
[2019.09.24-01.09.22:835][  0]LogConfig: Applying CVar settings from Section [/Script/Engine.NetworkSettings] File [D:/Documents/Game-Physics/Physics/Saved/Config/Windows/Engine.ini]
[2019.09.24-01.09.22:835][  0]LogConfig: Applying CVar settings from Section [/Script/UnrealEd.CookerSettings] File [D:/Documents/Game-Physics/Physics/Saved/Config/Windows/Engine.ini]
[2019.09.24-01.09.22:839][  0]LogConfig: Applying CVar settings from Section [ViewDistanceQuality@3] File [D:/Documents/Game-Physics/Physics/Saved/Config/Windows/Scalability.ini]
[2019.09.24-01.09.22:840][  0]LogConfig: Setting CVar [[r.SkeletalMeshLODBias:0]]
[2019.09.24-01.09.22:840][  0]LogConfig: Setting CVar [[r.ViewDistanceScale:1.0]]
[2019.09.24-01.09.22:840][  0]LogConfig: Applying CVar settings from Section [AntiAliasingQuality@3] File [D:/Documents/Game-Physics/Physics/Saved/Config/Windows/Scalability.ini]
[2019.09.24-01.09.22:840][  0]LogConfig: Setting CVar [[r.PostProcessAAQuality:4]]
[2019.09.24-01.09.22:840][  0]LogConfig: Applying CVar settings from Section [ShadowQuality@3] File [D:/Documents/Game-Physics/Physics/Saved/Config/Windows/Scalability.ini]
[2019.09.24-01.09.22:840][  0]LogConfig: Setting CVar [[r.LightFunctionQuality:1]]
[2019.09.24-01.09.22:840][  0]LogConfig: Setting CVar [[r.ShadowQuality:5]]
[2019.09.24-01.09.22:840][  0]LogConfig: Setting CVar [[r.Shadow.CSM.MaxCascades:10]]
[2019.09.24-01.09.22:840][  0]LogConfig: Setting CVar [[r.Shadow.MaxResolution:2048]]
[2019.09.24-01.09.22:840][  0]LogConfig: Setting CVar [[r.Shadow.MaxCSMResolution:2048]]
[2019.09.24-01.09.22:840][  0]LogConfig: Setting CVar [[r.Shadow.RadiusThreshold:0.01]]
[2019.09.24-01.09.22:840][  0]LogConfig: Setting CVar [[r.Shadow.DistanceScale:1.0]]
[2019.09.24-01.09.22:840][  0]LogConfig: Setting CVar [[r.Shadow.CSM.TransitionScale:1.0]]
[2019.09.24-01.09.22:840][  0]LogConfig: Setting CVar [[r.Shadow.PreShadowResolutionFactor:1.0]]
[2019.09.24-01.09.22:840][  0]LogConfig: Setting CVar [[r.DistanceFieldShadowing:1]]
[2019.09.24-01.09.22:840][  0]LogConfig: Setting CVar [[r.DistanceFieldAO:1]]
[2019.09.24-01.09.22:840][  0]LogConfig: Setting CVar [[r.AOQuality:2]]
[2019.09.24-01.09.22:840][  0]LogConfig: Setting CVar [[r.VolumetricFog:1]]
[2019.09.24-01.09.22:840][  0]LogConfig: Setting CVar [[r.VolumetricFog.GridPixelSize:8]]
[2019.09.24-01.09.22:840][  0]LogConfig: Setting CVar [[r.VolumetricFog.GridSizeZ:128]]
[2019.09.24-01.09.22:840][  0]LogConfig: Setting CVar [[r.VolumetricFog.HistoryMissSupersampleCount:4]]
[2019.09.24-01.09.22:840][  0]LogConfig: Setting CVar [[r.LightMaxDrawDistanceScale:1]]
[2019.09.24-01.09.22:840][  0]LogConfig: Setting CVar [[r.CapsuleShadows:1]]
[2019.09.24-01.09.22:840][  0]LogConfig: Applying CVar settings from Section [PostProcessQuality@3] File [D:/Documents/Game-Physics/Physics/Saved/Config/Windows/Scalability.ini]
[2019.09.24-01.09.22:840][  0]LogConfig: Setting CVar [[r.MotionBlurQuality:4]]
[2019.09.24-01.09.22:840][  0]LogConfig: Setting CVar [[r.AmbientOcclusionMipLevelFactor:0.4]]
[2019.09.24-01.09.22:840][  0]LogConfig: Setting CVar [[r.AmbientOcclusionMaxQuality:100]]
[2019.09.24-01.09.22:840][  0]LogConfig: Setting CVar [[r.AmbientOcclusionLevels:-1]]
[2019.09.24-01.09.22:840][  0]LogConfig: Setting CVar [[r.AmbientOcclusionRadiusScale:1.0]]
[2019.09.24-01.09.22:840][  0]LogConfig: Setting CVar [[r.DepthOfFieldQuality:2]]
[2019.09.24-01.09.22:840][  0]LogConfig: Setting CVar [[r.RenderTargetPoolMin:400]]
[2019.09.24-01.09.22:840][  0]LogConfig: Setting CVar [[r.LensFlareQuality:2]]
[2019.09.24-01.09.22:840][  0]LogConfig: Setting CVar [[r.SceneColorFringeQuality:1]]
[2019.09.24-01.09.22:840][  0]LogConfig: Setting CVar [[r.EyeAdaptationQuality:2]]
[2019.09.24-01.09.22:840][  0]LogConfig: Setting CVar [[r.BloomQuality:5]]
[2019.09.24-01.09.22:840][  0]LogConfig: Setting CVar [[r.FastBlurThreshold:100]]
[2019.09.24-01.09.22:840][  0]LogConfig: Setting CVar [[r.Upscale.Quality:3]]
[2019.09.24-01.09.22:840][  0]LogConfig: Setting CVar [[r.Tonemapper.GrainQuantization:1]]
[2019.09.24-01.09.22:840][  0]LogConfig: Setting CVar [[r.LightShaftQuality:1]]
[2019.09.24-01.09.22:840][  0]LogConfig: Setting CVar [[r.Filter.SizeScale:1]]
[2019.09.24-01.09.22:840][  0]LogConfig: Setting CVar [[r.Tonemapper.Quality:5]]
[2019.09.24-01.09.22:840][  0]LogConfig: Setting CVar [[r.DOF.Gather.AccumulatorQuality:1        ; higher gathering accumulator quality]]
[2019.09.24-01.09.22:840][  0]LogConfig: Setting CVar [[r.DOF.Gather.PostfilterMethod:1          ; Median3x3 postfilering method]]
[2019.09.24-01.09.22:840][  0]LogConfig: Setting CVar [[r.DOF.Gather.EnableBokehSettings:0       ; no bokeh simulation when gathering]]
[2019.09.24-01.09.22:840][  0]LogConfig: Setting CVar [[r.DOF.Gather.RingCount:4                 ; medium number of samples when gathering]]
[2019.09.24-01.09.22:840][  0]LogConfig: Setting CVar [[r.DOF.Scatter.ForegroundCompositing:1    ; additive foreground scattering]]
[2019.09.24-01.09.22:840][  0]LogConfig: Setting CVar [[r.DOF.Scatter.BackgroundCompositing:2    ; additive background scattering]]
[2019.09.24-01.09.22:840][  0]LogConfig: Setting CVar [[r.DOF.Scatter.EnableBokehSettings:1      ; bokeh simulation when scattering]]
[2019.09.24-01.09.22:840][  0]LogConfig: Setting CVar [[r.DOF.Scatter.MaxSpriteRatio:0.1         ; only a maximum of 10% of scattered bokeh]]
[2019.09.24-01.09.22:840][  0]LogConfig: Setting CVar [[r.DOF.Recombine.Quality:1                ; cheap slight out of focus]]
[2019.09.24-01.09.22:840][  0]LogConfig: Setting CVar [[r.DOF.Recombine.EnableBokehSettings:0    ; no bokeh simulation on slight out of focus]]
[2019.09.24-01.09.22:840][  0]LogConfig: Setting CVar [[r.DOF.TemporalAAQuality:1                ; more stable temporal accumulation]]
[2019.09.24-01.09.22:840][  0]LogConfig: Setting CVar [[r.DOF.Kernel.MaxForegroundRadius:0.025]]
[2019.09.24-01.09.22:840][  0]LogConfig: Setting CVar [[r.DOF.Kernel.MaxBackgroundRadius:0.025]]
[2019.09.24-01.09.22:840][  0]LogConfig: Applying CVar settings from Section [TextureQuality@3] File [D:/Documents/Game-Physics/Physics/Saved/Config/Windows/Scalability.ini]
[2019.09.24-01.09.22:840][  0]LogConfig: Setting CVar [[r.Streaming.MipBias:0]]
[2019.09.24-01.09.22:840][  0]LogConfig: Setting CVar [[r.Streaming.AmortizeCPUToGPUCopy:0]]
[2019.09.24-01.09.22:840][  0]LogConfig: Setting CVar [[r.Streaming.MaxNumTexturesToStreamPerFrame:0]]
[2019.09.24-01.09.22:840][  0]LogConfig: Setting CVar [[r.Streaming.Boost:1]]
[2019.09.24-01.09.22:840][  0]LogConfig: Setting CVar [[r.MaxAnisotropy:8]]
[2019.09.24-01.09.22:840][  0]LogConfig: Setting CVar [[r.Streaming.LimitPoolSizeToVRAM:0]]
[2019.09.24-01.09.22:840][  0]LogConfig: Setting CVar [[r.Streaming.PoolSize:1000]]
[2019.09.24-01.09.22:840][  0]LogConfig: Setting CVar [[r.Streaming.MaxEffectiveScreenSize:0]]
[2019.09.24-01.09.22:841][  0]LogConfig: Applying CVar settings from Section [EffectsQuality@3] File [D:/Documents/Game-Physics/Physics/Saved/Config/Windows/Scalability.ini]
[2019.09.24-01.09.22:841][  0]LogConfig: Setting CVar [[r.TranslucencyLightingVolumeDim:64]]
[2019.09.24-01.09.22:841][  0]LogConfig: Setting CVar [[r.RefractionQuality:2]]
[2019.09.24-01.09.22:841][  0]LogConfig: Setting CVar [[r.SSR.Quality:3]]
[2019.09.24-01.09.22:841][  0]LogConfig: Setting CVar [[r.SceneColorFormat:4]]
[2019.09.24-01.09.22:841][  0]LogConfig: Setting CVar [[r.DetailMode:2]]
[2019.09.24-01.09.22:841][  0]LogConfig: Setting CVar [[r.TranslucencyVolumeBlur:1]]
[2019.09.24-01.09.22:841][  0]LogConfig: Setting CVar [[r.MaterialQualityLevel:1 ; High quality]]
[2019.09.24-01.09.22:841][  0]LogConfig: Setting CVar [[r.SSS.Scale:1]]
[2019.09.24-01.09.22:841][  0]LogConfig: Setting CVar [[r.SSS.SampleSet:2]]
[2019.09.24-01.09.22:841][  0]LogConfig: Setting CVar [[r.SSS.Quality:1]]
[2019.09.24-01.09.22:841][  0]LogConfig: Setting CVar [[r.SSS.HalfRes:1]]
[2019.09.24-01.09.22:841][  0]LogConfig: Setting CVar [[r.EmitterSpawnRateScale:1.0]]
[2019.09.24-01.09.22:841][  0]LogConfig: Setting CVar [[r.ParticleLightQuality:2]]
[2019.09.24-01.09.22:841][  0]LogConfig: Applying CVar settings from Section [FoliageQuality@3] File [D:/Documents/Game-Physics/Physics/Saved/Config/Windows/Scalability.ini]
[2019.09.24-01.09.22:841][  0]LogConfig: Setting CVar [[foliage.DensityScale:1.0]]
[2019.09.24-01.09.22:841][  0]LogConfig: Setting CVar [[grass.DensityScale:1.0]]
[2019.09.24-01.09.22:841][  0]LogInit: Selected Device Profile: [Windows]
[2019.09.24-01.09.22:841][  0]LogInit: Applying CVar settings loaded from the selected device profile: [Windows]
[2019.09.24-01.09.22:844][  0]LogHAL: Display: Platform has ~ 32 GB [34275889152 / 34359738368 / 32], which maps to Largest [LargestMinGB=32, LargerMinGB=12, DefaultMinGB=8, SmallerMinGB=6, SmallestMinGB=0)
[2019.09.24-01.09.22:844][  0]LogInit: Going up to parent DeviceProfile []
[2019.09.24-01.09.22:844][  0]LogConfig: Applying CVar settings from Section [ViewDistanceQuality@3] File [D:/Documents/Game-Physics/Physics/Saved/Config/Windows/Scalability.ini]
[2019.09.24-01.09.22:844][  0]LogConfig: Setting CVar [[r.SkeletalMeshLODBias:0]]
[2019.09.24-01.09.22:844][  0]LogConfig: Setting CVar [[r.ViewDistanceScale:1.0]]
[2019.09.24-01.09.22:844][  0]LogConfig: Applying CVar settings from Section [AntiAliasingQuality@3] File [D:/Documents/Game-Physics/Physics/Saved/Config/Windows/Scalability.ini]
[2019.09.24-01.09.22:844][  0]LogConfig: Setting CVar [[r.PostProcessAAQuality:4]]
[2019.09.24-01.09.22:844][  0]LogConfig: Applying CVar settings from Section [ShadowQuality@3] File [D:/Documents/Game-Physics/Physics/Saved/Config/Windows/Scalability.ini]
[2019.09.24-01.09.22:844][  0]LogConfig: Setting CVar [[r.LightFunctionQuality:1]]
[2019.09.24-01.09.22:844][  0]LogConfig: Setting CVar [[r.ShadowQuality:5]]
[2019.09.24-01.09.22:844][  0]LogConfig: Setting CVar [[r.Shadow.CSM.MaxCascades:10]]
[2019.09.24-01.09.22:844][  0]LogConfig: Setting CVar [[r.Shadow.MaxResolution:2048]]
[2019.09.24-01.09.22:844][  0]LogConfig: Setting CVar [[r.Shadow.MaxCSMResolution:2048]]
[2019.09.24-01.09.22:844][  0]LogConfig: Setting CVar [[r.Shadow.RadiusThreshold:0.01]]
[2019.09.24-01.09.22:844][  0]LogConfig: Setting CVar [[r.Shadow.DistanceScale:1.0]]
[2019.09.24-01.09.22:844][  0]LogConfig: Setting CVar [[r.Shadow.CSM.TransitionScale:1.0]]
[2019.09.24-01.09.22:844][  0]LogConfig: Setting CVar [[r.Shadow.PreShadowResolutionFactor:1.0]]
[2019.09.24-01.09.22:844][  0]LogConfig: Setting CVar [[r.DistanceFieldShadowing:1]]
[2019.09.24-01.09.22:844][  0]LogConfig: Setting CVar [[r.DistanceFieldAO:1]]
[2019.09.24-01.09.22:844][  0]LogConfig: Setting CVar [[r.AOQuality:2]]
[2019.09.24-01.09.22:844][  0]LogConfig: Setting CVar [[r.VolumetricFog:1]]
[2019.09.24-01.09.22:844][  0]LogConfig: Setting CVar [[r.VolumetricFog.GridPixelSize:8]]
[2019.09.24-01.09.22:844][  0]LogConfig: Setting CVar [[r.VolumetricFog.GridSizeZ:128]]
[2019.09.24-01.09.22:844][  0]LogConfig: Setting CVar [[r.VolumetricFog.HistoryMissSupersampleCount:4]]
[2019.09.24-01.09.22:844][  0]LogConfig: Setting CVar [[r.LightMaxDrawDistanceScale:1]]
[2019.09.24-01.09.22:844][  0]LogConfig: Setting CVar [[r.CapsuleShadows:1]]
[2019.09.24-01.09.22:844][  0]LogConfig: Applying CVar settings from Section [PostProcessQuality@3] File [D:/Documents/Game-Physics/Physics/Saved/Config/Windows/Scalability.ini]
[2019.09.24-01.09.22:844][  0]LogConfig: Setting CVar [[r.MotionBlurQuality:4]]
[2019.09.24-01.09.22:844][  0]LogConfig: Setting CVar [[r.AmbientOcclusionMipLevelFactor:0.4]]
[2019.09.24-01.09.22:844][  0]LogConfig: Setting CVar [[r.AmbientOcclusionMaxQuality:100]]
[2019.09.24-01.09.22:844][  0]LogConfig: Setting CVar [[r.AmbientOcclusionLevels:-1]]
[2019.09.24-01.09.22:844][  0]LogConfig: Setting CVar [[r.AmbientOcclusionRadiusScale:1.0]]
[2019.09.24-01.09.22:844][  0]LogConfig: Setting CVar [[r.DepthOfFieldQuality:2]]
[2019.09.24-01.09.22:844][  0]LogConfig: Setting CVar [[r.RenderTargetPoolMin:400]]
[2019.09.24-01.09.22:844][  0]LogConfig: Setting CVar [[r.LensFlareQuality:2]]
[2019.09.24-01.09.22:844][  0]LogConfig: Setting CVar [[r.SceneColorFringeQuality:1]]
[2019.09.24-01.09.22:844][  0]LogConfig: Setting CVar [[r.EyeAdaptationQuality:2]]
[2019.09.24-01.09.22:844][  0]LogConfig: Setting CVar [[r.BloomQuality:5]]
[2019.09.24-01.09.22:844][  0]LogConfig: Setting CVar [[r.FastBlurThreshold:100]]
[2019.09.24-01.09.22:844][  0]LogConfig: Setting CVar [[r.Upscale.Quality:3]]
[2019.09.24-01.09.22:844][  0]LogConfig: Setting CVar [[r.Tonemapper.GrainQuantization:1]]
[2019.09.24-01.09.22:844][  0]LogConfig: Setting CVar [[r.LightShaftQuality:1]]
[2019.09.24-01.09.22:844][  0]LogConfig: Setting CVar [[r.Filter.SizeScale:1]]
[2019.09.24-01.09.22:844][  0]LogConfig: Setting CVar [[r.Tonemapper.Quality:5]]
[2019.09.24-01.09.22:844][  0]LogConfig: Setting CVar [[r.DOF.Gather.AccumulatorQuality:1        ; higher gathering accumulator quality]]
[2019.09.24-01.09.22:844][  0]LogConfig: Setting CVar [[r.DOF.Gather.PostfilterMethod:1          ; Median3x3 postfilering method]]
[2019.09.24-01.09.22:845][  0]LogConfig: Setting CVar [[r.DOF.Gather.EnableBokehSettings:0       ; no bokeh simulation when gathering]]
[2019.09.24-01.09.22:845][  0]LogConfig: Setting CVar [[r.DOF.Gather.RingCount:4                 ; medium number of samples when gathering]]
[2019.09.24-01.09.22:845][  0]LogConfig: Setting CVar [[r.DOF.Scatter.ForegroundCompositing:1    ; additive foreground scattering]]
[2019.09.24-01.09.22:845][  0]LogConfig: Setting CVar [[r.DOF.Scatter.BackgroundCompositing:2    ; additive background scattering]]
[2019.09.24-01.09.22:845][  0]LogConfig: Setting CVar [[r.DOF.Scatter.EnableBokehSettings:1      ; bokeh simulation when scattering]]
[2019.09.24-01.09.22:845][  0]LogConfig: Setting CVar [[r.DOF.Scatter.MaxSpriteRatio:0.1         ; only a maximum of 10% of scattered bokeh]]
[2019.09.24-01.09.22:845][  0]LogConfig: Setting CVar [[r.DOF.Recombine.Quality:1                ; cheap slight out of focus]]
[2019.09.24-01.09.22:845][  0]LogConfig: Setting CVar [[r.DOF.Recombine.EnableBokehSettings:0    ; no bokeh simulation on slight out of focus]]
[2019.09.24-01.09.22:845][  0]LogConfig: Setting CVar [[r.DOF.TemporalAAQuality:1                ; more stable temporal accumulation]]
[2019.09.24-01.09.22:845][  0]LogConfig: Setting CVar [[r.DOF.Kernel.MaxForegroundRadius:0.025]]
[2019.09.24-01.09.22:845][  0]LogConfig: Setting CVar [[r.DOF.Kernel.MaxBackgroundRadius:0.025]]
[2019.09.24-01.09.22:845][  0]LogConfig: Applying CVar settings from Section [TextureQuality@3] File [D:/Documents/Game-Physics/Physics/Saved/Config/Windows/Scalability.ini]
[2019.09.24-01.09.22:845][  0]LogConfig: Setting CVar [[r.Streaming.MipBias:0]]
[2019.09.24-01.09.22:845][  0]LogConfig: Setting CVar [[r.Streaming.AmortizeCPUToGPUCopy:0]]
[2019.09.24-01.09.22:845][  0]LogConfig: Setting CVar [[r.Streaming.MaxNumTexturesToStreamPerFrame:0]]
[2019.09.24-01.09.22:845][  0]LogConfig: Setting CVar [[r.Streaming.Boost:1]]
[2019.09.24-01.09.22:845][  0]LogConfig: Setting CVar [[r.MaxAnisotropy:8]]
[2019.09.24-01.09.22:845][  0]LogConfig: Setting CVar [[r.Streaming.LimitPoolSizeToVRAM:0]]
[2019.09.24-01.09.22:845][  0]LogConfig: Setting CVar [[r.Streaming.PoolSize:1000]]
[2019.09.24-01.09.22:845][  0]LogConfig: Setting CVar [[r.Streaming.MaxEffectiveScreenSize:0]]
[2019.09.24-01.09.22:845][  0]LogConfig: Applying CVar settings from Section [EffectsQuality@3] File [D:/Documents/Game-Physics/Physics/Saved/Config/Windows/Scalability.ini]
[2019.09.24-01.09.22:845][  0]LogConfig: Setting CVar [[r.TranslucencyLightingVolumeDim:64]]
[2019.09.24-01.09.22:845][  0]LogConfig: Setting CVar [[r.RefractionQuality:2]]
[2019.09.24-01.09.22:845][  0]LogConfig: Setting CVar [[r.SSR.Quality:3]]
[2019.09.24-01.09.22:845][  0]LogConfig: Setting CVar [[r.SceneColorFormat:4]]
[2019.09.24-01.09.22:845][  0]LogConfig: Setting CVar [[r.DetailMode:2]]
[2019.09.24-01.09.22:845][  0]LogConfig: Setting CVar [[r.TranslucencyVolumeBlur:1]]
[2019.09.24-01.09.22:845][  0]LogConfig: Setting CVar [[r.MaterialQualityLevel:1 ; High quality]]
[2019.09.24-01.09.22:845][  0]LogConfig: Setting CVar [[r.SSS.Scale:1]]
[2019.09.24-01.09.22:845][  0]LogConfig: Setting CVar [[r.SSS.SampleSet:2]]
[2019.09.24-01.09.22:845][  0]LogConfig: Setting CVar [[r.SSS.Quality:1]]
[2019.09.24-01.09.22:845][  0]LogConfig: Setting CVar [[r.SSS.HalfRes:1]]
[2019.09.24-01.09.22:845][  0]LogConfig: Setting CVar [[r.EmitterSpawnRateScale:1.0]]
[2019.09.24-01.09.22:845][  0]LogConfig: Setting CVar [[r.ParticleLightQuality:2]]
[2019.09.24-01.09.22:845][  0]LogConfig: Applying CVar settings from Section [FoliageQuality@3] File [D:/Documents/Game-Physics/Physics/Saved/Config/Windows/Scalability.ini]
[2019.09.24-01.09.22:845][  0]LogConfig: Setting CVar [[foliage.DensityScale:1.0]]
[2019.09.24-01.09.22:845][  0]LogConfig: Setting CVar [[grass.DensityScale:1.0]]
[2019.09.24-01.09.22:845][  0]LogConfig: Applying CVar settings from Section [Startup] File [../../../Engine/Config/ConsoleVariables.ini]
[2019.09.24-01.09.22:845][  0]LogConfig: Setting CVar [[net.UseAdaptiveNetUpdateFrequency:0]]
[2019.09.24-01.09.22:845][  0]LogConfig: Setting CVar [[p.chaos.AllowCreatePhysxBodies:1]]
[2019.09.24-01.09.22:845][  0]LogConfig: Applying CVar settings from Section [ConsoleVariables] File [D:/Documents/Game-Physics/Physics/Saved/Config/Windows/Engine.ini]
[2019.09.24-01.09.22:845][  0]LogInit: Computer: DESKTOP-I7DPOQ4
[2019.09.24-01.09.22:845][  0]LogInit: User: Jacob
[2019.09.24-01.09.22:845][  0]LogInit: CPU Page size=4096, Cores=8
[2019.09.24-01.09.22:845][  0]LogInit: High frequency timer resolution =10.000000 MHz
[2019.09.24-01.09.22:846][  0]LogMemory: Memory total: Physical=31.9GB (32GB approx)
[2019.09.24-01.09.22:846][  0]LogMemory: Platform Memory Stats for Windows
[2019.09.24-01.09.22:846][  0]LogMemory: Process Physical Memory: 105.36 MB used, 105.37 MB peak
[2019.09.24-01.09.22:846][  0]LogMemory: Process Virtual Memory: 91.11 MB used, 91.11 MB peak
[2019.09.24-01.09.22:846][  0]LogMemory: Physical Memory: 9404.68 MB used,  23283.36 MB free, 32688.04 MB total
[2019.09.24-01.09.22:846][  0]LogMemory: Virtual Memory: 4748.52 MB used,  134212976.00 MB free, 134217728.00 MB total
[2019.09.24-01.09.22:850][  0]LogWindows: WindowsPlatformFeatures enabled
[2019.09.24-01.09.22:875][  0]LogInit: Using OS detected language (en-US).
[2019.09.24-01.09.22:875][  0]LogInit: Using OS detected locale (en-US).
[2019.09.24-01.09.22:875][  0]LogTextLocalizationManager: No specific localization for 'en-US' exists, so the 'en' localization will be used.
[2019.09.24-01.09.23:060][  0]LogInit: Setting process to per monitor DPI aware
[2019.09.24-01.09.23:099][  0]LogSlate: New Slate User Created.  User Index 0, Is Virtual User: 0
[2019.09.24-01.09.23:099][  0]LogSlate: Slate User Registered.  User Index 0, Is Virtual User: 0
[2019.09.24-01.09.23:303][  0]LogHMD: Failed to initialize OpenVR with code 110
[2019.09.24-01.09.23:303][  0]LogD3D11RHI: D3D11 adapters:
[2019.09.24-01.09.23:384][  0]LogD3D11RHI:    0. 'NVIDIA GeForce GTX 1080' (Feature Level 11_0)
[2019.09.24-01.09.23:384][  0]LogD3D11RHI:       8079/0/16344 MB DedicatedVideo/DedicatedSystem/SharedSystem, Outputs:2, VendorId:0x10de
[2019.09.24-01.09.23:387][  0]LogD3D11RHI:    1. 'Microsoft Basic Render Driver' (Feature Level 11_0)
[2019.09.24-01.09.23:387][  0]LogD3D11RHI:       0/0/16344 MB DedicatedVideo/DedicatedSystem/SharedSystem, Outputs:0, VendorId:0x1414
[2019.09.24-01.09.23:387][  0]LogD3D11RHI: Chosen D3D11 Adapter: 0
[2019.09.24-01.09.23:397][  0]LogD3D11RHI: Creating new Direct3DDevice
[2019.09.24-01.09.23:397][  0]LogD3D11RHI:     GPU DeviceId: 0x1b80 (for the marketing name, search the web for "GPU Device Id")
[2019.09.24-01.09.23:397][  0]LogWindows: EnumDisplayDevices:
[2019.09.24-01.09.23:397][  0]LogWindows:    0. 'NVIDIA GeForce GTX 1080' (P:1 D:1)
[2019.09.24-01.09.23:397][  0]LogWindows:    1. 'NVIDIA GeForce GTX 1080' (P:0 D:1)
[2019.09.24-01.09.23:398][  0]LogWindows:    2. 'NVIDIA GeForce GTX 1080' (P:0 D:0)
[2019.09.24-01.09.23:398][  0]LogWindows:    3. 'NVIDIA GeForce GTX 1080' (P:0 D:0)
[2019.09.24-01.09.23:398][  0]LogWindows: DebugString: FoundDriverCount:4 
[2019.09.24-01.09.23:398][  0]LogD3D11RHI:     Adapter Name: NVIDIA GeForce GTX 1080
[2019.09.24-01.09.23:398][  0]LogD3D11RHI:   Driver Version: 399.24 (internal:24.21.13.9924, unified:399.24)
[2019.09.24-01.09.23:398][  0]LogD3D11RHI:      Driver Date: 9-5-2018
[2019.09.24-01.09.23:398][  0]LogRHI: Texture pool is 5655 MB (70% of 8079 MB)
[2019.09.24-01.09.23:449][  0]LogD3D11RHI: Async texture creation enabled
[2019.09.24-01.09.23:465][  0]LogD3D11RHI: GPU Timing Frequency: 1000.000000 (Debug: 2 2)
[2019.09.24-01.09.23:803][  0]LogTemp: Display: Module 'AllDesktopTargetPlatform' loaded TargetPlatform 'AllDesktop'
[2019.09.24-01.09.23:813][  0]LogTemp: Display: Module 'MacClientTargetPlatform' loaded TargetPlatform 'MacClient'
[2019.09.24-01.09.23:823][  0]LogTemp: Display: Module 'MacNoEditorTargetPlatform' loaded TargetPlatform 'MacNoEditor'
[2019.09.24-01.09.23:833][  0]LogTemp: Display: Module 'MacServerTargetPlatform' loaded TargetPlatform 'MacServer'
[2019.09.24-01.09.23:843][  0]LogTemp: Display: Module 'MacTargetPlatform' loaded TargetPlatform 'Mac'
[2019.09.24-01.09.23:853][  0]LogTemp: Display: Module 'WindowsClientTargetPlatform' loaded TargetPlatform 'WindowsClient'
[2019.09.24-01.09.23:862][  0]LogTemp: Display: Module 'WindowsNoEditorTargetPlatform' loaded TargetPlatform 'WindowsNoEditor'
[2019.09.24-01.09.23:873][  0]LogTemp: Display: Module 'WindowsServerTargetPlatform' loaded TargetPlatform 'WindowsServer'
[2019.09.24-01.09.23:878][  0]LogTemp: Display: Module 'WindowsTargetPlatform' loaded TargetPlatform 'Windows'
[2019.09.24-01.09.23:923][  0]LogTemp: Display: Module 'AndroidTargetPlatform' loaded TargetPlatform 'Android'
[2019.09.24-01.09.23:923][  0]LogTemp: Display: Module 'AndroidTargetPlatform' loaded TargetPlatform 'Android_ASTC'
[2019.09.24-01.09.23:923][  0]LogTemp: Display: Module 'AndroidTargetPlatform' loaded TargetPlatform 'Android_ATC'
[2019.09.24-01.09.23:923][  0]LogTemp: Display: Module 'AndroidTargetPlatform' loaded TargetPlatform 'Android_DXT'
[2019.09.24-01.09.23:923][  0]LogTemp: Display: Module 'AndroidTargetPlatform' loaded TargetPlatform 'Android_ETC1'
[2019.09.24-01.09.23:923][  0]LogTemp: Display: Module 'AndroidTargetPlatform' loaded TargetPlatform 'Android_ETC1a'
[2019.09.24-01.09.23:923][  0]LogTemp: Display: Module 'AndroidTargetPlatform' loaded TargetPlatform 'Android_ETC2'
[2019.09.24-01.09.23:923][  0]LogTemp: Display: Module 'AndroidTargetPlatform' loaded TargetPlatform 'Android_PVRTC'
[2019.09.24-01.09.23:923][  0]LogTemp: Display: Module 'AndroidTargetPlatform' loaded TargetPlatform 'AndroidClient'
[2019.09.24-01.09.23:923][  0]LogTemp: Display: Module 'AndroidTargetPlatform' loaded TargetPlatform 'Android_ASTCClient'
[2019.09.24-01.09.23:923][  0]LogTemp: Display: Module 'AndroidTargetPlatform' loaded TargetPlatform 'Android_ATCClient'
[2019.09.24-01.09.23:923][  0]LogTemp: Display: Module 'AndroidTargetPlatform' loaded TargetPlatform 'Android_DXTClient'
[2019.09.24-01.09.23:923][  0]LogTemp: Display: Module 'AndroidTargetPlatform' loaded TargetPlatform 'Android_ETC1Client'
[2019.09.24-01.09.23:923][  0]LogTemp: Display: Module 'AndroidTargetPlatform' loaded TargetPlatform 'Android_ETC1aClient'
[2019.09.24-01.09.23:923][  0]LogTemp: Display: Module 'AndroidTargetPlatform' loaded TargetPlatform 'Android_ETC2Client'
[2019.09.24-01.09.23:924][  0]LogTemp: Display: Module 'AndroidTargetPlatform' loaded TargetPlatform 'Android_PVRTCClient'
[2019.09.24-01.09.23:924][  0]LogTemp: Display: Module 'AndroidTargetPlatform' loaded TargetPlatform 'Android_Multi'
[2019.09.24-01.09.23:924][  0]LogTemp: Display: Module 'AndroidTargetPlatform' loaded TargetPlatform 'Android_MultiClient'
[2019.09.24-01.09.23:926][  0]LogTemp: Display: Module 'HTML5TargetPlatform' loaded TargetPlatform 'HTML5'
[2019.09.24-01.09.23:948][  0]LogTemp: Display: Module 'IOSTargetPlatform' loaded TargetPlatform 'IOSClient'
[2019.09.24-01.09.23:948][  0]LogTemp: Display: Module 'IOSTargetPlatform' loaded TargetPlatform 'IOS'
[2019.09.24-01.09.23:964][  0]LogTemp: Display: Module 'TVOSTargetPlatform' loaded TargetPlatform 'TVOSClient'
[2019.09.24-01.09.23:964][  0]LogTemp: Display: Module 'TVOSTargetPlatform' loaded TargetPlatform 'TVOS'
[2019.09.24-01.09.23:972][  0]LogTemp: Display: Module 'LinuxClientTargetPlatform' loaded TargetPlatform 'LinuxClient'
[2019.09.24-01.09.23:980][  0]LogTemp: Display: Module 'LinuxNoEditorTargetPlatform' loaded TargetPlatform 'LinuxNoEditor'
[2019.09.24-01.09.23:989][  0]LogTemp: Display: Module 'LinuxServerTargetPlatform' loaded TargetPlatform 'LinuxServer'
[2019.09.24-01.09.23:998][  0]LogTemp: Display: Module 'LinuxTargetPlatform' loaded TargetPlatform 'Linux'
[2019.09.24-01.09.24:025][  0]LogTemp: Display: Module 'LuminTargetPlatform' loaded TargetPlatform 'Lumin'
[2019.09.24-01.09.24:025][  0]LogTemp: Display: Module 'LuminTargetPlatform' loaded TargetPlatform 'LuminClient'
[2019.09.24-01.09.24:025][  0]LogTargetPlatformManager: Display: Building Assets For Windows
[2019.09.24-01.09.24:034][  0]LogAudioDebug: Display: Lib vorbis DLL was dynamically loaded.
[2019.09.24-01.09.24:082][  0]LogShaderCompilers: Guid format shader working directory is -3 characters bigger than the processId version (../../../../../../Documents/Game-Physics/Physics/Intermediate/Shaders/WorkingDirectory/17364/).
[2019.09.24-01.09.24:082][  0]LogShaderCompilers: Cleaned the shader compiler working directory 'C:/Users/Jacob/AppData/Local/Temp/UnrealShaderWorkingDir/F643FD9B44EF88C053CA3FB079E3D892/'.
[2019.09.24-01.09.24:084][  0]LogXGEController: Cleaning working directory: C:/Users/Jacob/AppData/Local/Temp/UnrealXGEWorkingDir/
[2019.09.24-01.09.24:085][  0]LogShaderCompilers: Display: Using XGE Shader Compiler (Interception Interface).
[2019.09.24-01.09.24:733][  0]LogDerivedDataCache: Display: Max Cache Size: 512 MB
[2019.09.24-01.09.24:778][  0]LogDerivedDataCache: Loaded boot cache 0.05s 73MB C:/Users/Jacob/AppData/Local/UnrealEngine/4.23/DerivedDataCache/Boot.ddc.
[2019.09.24-01.09.24:778][  0]LogDerivedDataCache: Display: Loaded Boot cache: C:/Users/Jacob/AppData/Local/UnrealEngine/4.23/DerivedDataCache/Boot.ddc
[2019.09.24-01.09.24:779][  0]LogDerivedDataCache: FDerivedDataBackendGraph:  Pak pak cache file ../../../../../../Documents/Game-Physics/Physics/DerivedDataCache/DDC.ddp not found, will not use a pak cache.
[2019.09.24-01.09.24:779][  0]LogDerivedDataCache: Unable to find inner node Pak for hierarchical cache Hierarchy.
[2019.09.24-01.09.24:779][  0]LogDerivedDataCache: FDerivedDataBackendGraph:  CompressedPak pak cache file ../../../../../../Documents/Game-Physics/Physics/DerivedDataCache/Compressed.ddp not found, will not use a pak cache.
[2019.09.24-01.09.24:779][  0]LogDerivedDataCache: Unable to find inner node CompressedPak for hierarchical cache Hierarchy.
[2019.09.24-01.09.24:791][  0]LogDerivedDataCache: Display: Pak cache opened for reading ../../../Engine/DerivedDataCache/Compressed.ddp.
[2019.09.24-01.09.24:791][  0]LogDerivedDataCache: FDerivedDataBackendGraph:  EnterprisePak pak cache file ../../../Enterprise/DerivedDataCache/Compressed.ddp not found, will not use a pak cache.
[2019.09.24-01.09.24:791][  0]LogDerivedDataCache: Unable to find inner node EnterprisePak for hierarchical cache Hierarchy.
[2019.09.24-01.09.24:793][  0]LogDerivedDataCache: Using Local data cache path C:/Users/Jacob/AppData/Local/UnrealEngine/Common/DerivedDataCache: Writable
[2019.09.24-01.09.24:793][  0]LogDerivedDataCache: Shared data cache path not found in *engine.ini, will not use an Shared cache.
[2019.09.24-01.09.24:793][  0]LogDerivedDataCache: Unable to find inner node Shared for hierarchical cache Hierarchy.
[2019.09.24-01.09.24:817][  0]LogMaterial: Verifying Global Shaders for PCD3D_SM5
[2019.09.24-01.09.24:820][  0]LogSlate: Using FreeType 2.6.0
[2019.09.24-01.09.24:821][  0]LogSlate: SlateFontServices - WITH_FREETYPE: 1, WITH_HARFBUZZ: 1
[2019.09.24-01.09.24:884][  0]LogAssetRegistry: FAssetRegistry took 0.0026 seconds to start up
[2019.09.24-01.09.25:179][  0]LogInit: Selected Device Profile: [Windows]
[2019.09.24-01.09.25:328][  0]LogMeshReduction: Using QuadricMeshReduction for automatic static mesh reduction
[2019.09.24-01.09.25:329][  0]LogMeshReduction: Using SimplygonMeshReduction for automatic skeletal mesh reduction
[2019.09.24-01.09.25:329][  0]LogMeshReduction: Using ProxyLODMeshReduction for automatic mesh merging
[2019.09.24-01.09.25:329][  0]LogMeshReduction: No distributed automatic mesh merging module available
[2019.09.24-01.09.25:329][  0]LogMeshMerging: No distributed automatic mesh merging module available
[2019.09.24-01.09.25:339][  0]LogNetVersion: Physics 1.0.0, NetCL: 8386587, EngineNetVer: 11, GameNetVer: 0 (Checksum: 2715820292)
[2019.09.24-01.09.25:758][  0]LogPackageLocalizationCache: Processed 12 localized package path(s) for 1 prioritized culture(s) in 0.047967 seconds
[2019.09.24-01.09.25:771][  0]LogUObjectArray: 43444 objects as part of root set at end of initial load.
[2019.09.24-01.09.25:771][  0]LogUObjectAllocator: 7548648 out of 0 bytes used by permanent object pool.
[2019.09.24-01.09.25:771][  0]LogUObjectArray: CloseDisregardForGC: 0/0 objects in disregard for GC pool
[2019.09.24-01.09.26:734][  0]LogTcpMessaging: Initializing TcpMessaging bridge
[2019.09.24-01.09.26:768][  0]LogUdpMessaging: Initializing bridge on interface 0.0.0.0:0 to multicast group 230.0.0.1:6666.
[2019.09.24-01.09.26:800][  0]LogWindows: Windows GetLastError: The operation completed successfully. (0)
[2019.09.24-01.09.27:571][  0]LogWindows: Error: === Critical error: ===
[2019.09.24-01.09.27:571][  0]LogWindows: Error: 
[2019.09.24-01.09.27:571][  0]LogWindows: Error: Fatal error: [File:D:/Build/++UE4/Sync/Engine/Source/Runtime/CoreUObject/Private/UObject/UObjectGlobals.cpp] [Line: 2505] 
[2019.09.24-01.09.27:571][  0]LogWindows: Error: UObject() constructor called but it's not the object that's currently being constructed with NewObject. Maybe you are trying to construct it on the stack, which is not supported.
[2019.09.24-01.09.27:571][  0]LogWindows: Error: 
[2019.09.24-01.09.27:571][  0]LogWindows: Error: 
[2019.09.24-01.09.27:571][  0]LogWindows: Error: [Callstack] 0x00007ff95182a839 KERNELBASE.dll!UnknownFunction []
[2019.09.24-01.09.27:571][  0]LogWindows: Error: [Callstack] 0x00007ff9217e9ef7 UE4Editor-Core.dll!UnknownFunction []
[2019.09.24-01.09.27:571][  0]LogWindows: Error: [Callstack] 0x00007ff9217ec754 UE4Editor-Core.dll!UnknownFunction []
[2019.09.24-01.09.27:571][  0]LogWindows: Error: [Callstack] 0x00007ff9215e1afa UE4Editor-Core.dll!UnknownFunction []
[2019.09.24-01.09.27:571][  0]LogWindows: Error: [Callstack] 0x00007ff9215367c3 UE4Editor-Core.dll!UnknownFunction []
[2019.09.24-01.09.27:571][  0]LogWindows: Error: [Callstack] 0x00007ff9215366a8 UE4Editor-Core.dll!UnknownFunction []
[2019.09.24-01.09.27:571][  0]LogWindows: Error: [Callstack] 0x00007ff922dc2a59 UE4Editor-CoreUObject.dll!UnknownFunction []
[2019.09.24-01.09.27:572][  0]LogWindows: Error: [Callstack] 0x00007ff90f9ae7f1 UE4Editor-Engine.dll!UnknownFunction []
[2019.09.24-01.09.27:572][  0]LogWindows: Error: [Callstack] 0x00007ff8e3bd3d0f UE4Editor-Physics.dll!AParticle2D::AParticle2D() [d:\documents\game-physics\physics\source\physics\particle2d.cpp:11]
[2019.09.24-01.09.27:572][  0]LogWindows: Error: [Callstack] 0x00007ff8e3bd4b86 UE4Editor-Physics.dll!ARectangle2D::ARectangle2D() [d:\documents\game-physics\physics\source\physics\rectangle2d.cpp:7]
[2019.09.24-01.09.27:572][  0]LogWindows: Error: [Callstack] 0x00007ff922ba0865 UE4Editor-CoreUObject.dll!UnknownFunction []
[2019.09.24-01.09.27:572][  0]LogWindows: Error: [Callstack] 0x00007ff922e13d1a UE4Editor-CoreUObject.dll!UnknownFunction []
[2019.09.24-01.09.27:572][  0]LogWindows: Error: [Callstack] 0x00007ff922df2106 UE4Editor-CoreUObject.dll!UnknownFunction []
[2019.09.24-01.09.27:572][  0]LogWindows: Error: [Callstack] 0x00007ff922d24e95 UE4Editor-CoreUObject.dll!UnknownFunction []
[2019.09.24-01.09.27:572][  0]LogWindows: Error: [Callstack] 0x00007ff9216183f7 UE4Editor-Core.dll!UnknownFunction []
[2019.09.24-01.09.27:572][  0]LogWindows: Error: [Callstack] 0x00007ff921630ceb UE4Editor-Core.dll!UnknownFunction []
[2019.09.24-01.09.27:572][  0]LogWindows: Error: [Callstack] 0x00007ff941b98fa7 UE4Editor-Projects.dll!UnknownFunction []
[2019.09.24-01.09.27:572][  0]LogWindows: Error: [Callstack] 0x00007ff941b99299 UE4Editor-Projects.dll!UnknownFunction []
[2019.09.24-01.09.27:572][  0]LogWindows: Error: [Callstack] 0x00007ff6fa55da01 UE4Editor.exe!UnknownFunction []
[2019.09.24-01.09.27:572][  0]LogWindows: Error: [Callstack] 0x00007ff6fa5649f1 UE4Editor.exe!UnknownFunction []
[2019.09.24-01.09.27:572][  0]LogWindows: Error: [Callstack] 0x00007ff6fa55a667 UE4Editor.exe!UnknownFunction []
[2019.09.24-01.09.27:572][  0]LogWindows: Error: [Callstack] 0x00007ff6fa55a9fa UE4Editor.exe!UnknownFunction []
[2019.09.24-01.09.27:572][  0]LogWindows: Error: [Callstack] 0x00007ff6fa56b92c UE4Editor.exe!UnknownFunction []
[2019.09.24-01.09.27:572][  0]LogWindows: Error: [Callstack] 0x00007ff6fa56e60e UE4Editor.exe!UnknownFunction []
[2019.09.24-01.09.27:572][  0]LogWindows: Error: [Callstack] 0x00007ff953cd7bd4 KERNEL32.DLL!UnknownFunction []
[2019.09.24-01.09.27:572][  0]LogWindows: Error: [Callstack] 0x00007ff9548acee1 ntdll.dll!UnknownFunction []
[2019.09.24-01.09.27:572][  0]LogWindows: Error: 
[2019.09.24-01.09.27:611][  0]LogExit: Executing StaticShutdownAfterError
[2019.09.24-01.09.27:613][  0]LogWindows: FPlatformMisc::RequestExit(1)
[2019.09.24-01.09.27:643][  0]Log file closed, 09/23/19 21:09:27
