Log file open, 09/24/19 07:37:12
LogWindows: Failed to load 'aqProf.dll' (GetLastError=126)
LogWindows: File 'aqProf.dll' does not exist
LogWindows: Failed to load 'VtuneApi.dll' (GetLastError=126)
LogWindows: File 'VtuneApi.dll' does not exist
LogWindows: Failed to load 'VtuneApi32e.dll' (GetLastError=126)
LogWindows: File 'VtuneApi32e.dll' does not exist
LogConsoleResponse: Display: Failed to find resolution value strings in scalability ini. Falling back to default.
LogInit: Display: Running engine for game: Physics
LogPlatformFile: Not using cached read wrapper
LogTaskGraph: Started task graph with 5 named threads and 47 total threads with 3 sets of task threads.
LogStats: Stats thread started at 0.074234
LogD3D11RHI: Loaded GFSDK_Aftermath_Lib.x64.dll
LogICUInternationalization: ICU TimeZone Detection - Raw Offset: -5:00, Platform Override: ''
LogPluginManager: Mounting plugin Paper2D
LogPluginManager: Mounting plugin AISupport
LogPluginManager: Mounting plugin LightPropagationVolume
LogPluginManager: Mounting plugin ActorLayerUtilities
LogPluginManager: Mounting plugin AnimationSharing
LogPluginManager: Mounting plugin CLionSourceCodeAccess
LogPluginManager: Mounting plugin CodeLiteSourceCodeAccess
LogPluginManager: Mounting plugin GitSourceControl
LogPluginManager: Mounting plugin KDevelopSourceCodeAccess
LogPluginManager: Mounting plugin NullSourceCodeAccess
LogPluginManager: Mounting plugin PerforceSourceControl
LogPluginManager: Mounting plugin SubversionSourceControl
LogPluginManager: Mounting plugin UObjectPlugin
LogPluginManager: Mounting plugin VisualStudioCodeSourceCodeAccess
LogPluginManager: Mounting plugin VisualStudioSourceCodeAccess
LogPluginManager: Mounting plugin XCodeSourceCodeAccess
LogPluginManager: Mounting plugin AssetManagerEditor
LogPluginManager: Mounting plugin CryptoKeys
LogPluginManager: Mounting plugin CurveEditorTools
LogPluginManager: Mounting plugin DataValidation
LogPluginManager: Mounting plugin FacialAnimation
LogPluginManager: Mounting plugin GameplayTagsEditor
LogPluginManager: Mounting plugin MacGraphicsSwitching
LogPluginManager: Mounting plugin MaterialAnalyzer
LogPluginManager: Mounting plugin MobileLauncherProfileWizard
LogPluginManager: Mounting plugin PluginBrowser
LogPluginManager: Mounting plugin SpeedTreeImporter
LogPluginManager: Mounting plugin DatasmithContent
LogPluginManager: Mounting plugin VariantManagerContent
LogPluginManager: Mounting plugin AlembicImporter
LogPluginManager: Mounting plugin AutomationUtils
LogPluginManager: Mounting plugin BackChannel
LogPluginManager: Mounting plugin CharacterAI
LogPluginManager: Mounting plugin GeometryCache
LogPluginManager: Mounting plugin HTML5Networking
LogPluginManager: Mounting plugin PlatformCrypto
LogPluginManager: Mounting plugin ProxyLODPlugin
LogPluginManager: Mounting plugin SkeletalReduction
LogPluginManager: Mounting plugin MagicLeap
LogPluginManager: Mounting plugin MagicLeapMedia
LogPluginManager: Mounting plugin AndroidMedia
LogPluginManager: Mounting plugin AvfMedia
LogPluginManager: Mounting plugin ImgMedia
LogPluginManager: Mounting plugin MediaCompositing
LogPluginManager: Mounting plugin MediaPlayerEditor
LogPluginManager: Mounting plugin WebMMedia
LogPluginManager: Mounting plugin WmfMedia
LogPluginManager: Mounting plugin TcpMessaging
LogPluginManager: Mounting plugin UdpMessaging
LogPluginManager: Mounting plugin ActorSequence
LogPluginManager: Mounting plugin LevelSequenceEditor
LogPluginManager: Mounting plugin MatineeToLevelSequence
LogPluginManager: Mounting plugin NetcodeUnitTest
LogPluginManager: Mounting plugin NUTUnrealEngine4
LogPluginManager: Mounting plugin OnlineSubsystemGooglePlay
LogPluginManager: Mounting plugin OnlineSubsystemIOS
LogPluginManager: Mounting plugin OnlineSubsystem
LogPluginManager: Mounting plugin OnlineSubsystemNull
LogPluginManager: Mounting plugin OnlineSubsystemUtils
LogPluginManager: Mounting plugin LauncherChunkInstaller
LogPluginManager: Mounting plugin AndroidDeviceProfileSelector
LogPluginManager: Mounting plugin AndroidMoviePlayer
LogPluginManager: Mounting plugin AndroidPermission
LogPluginManager: Mounting plugin AppleImageUtils
LogPluginManager: Mounting plugin AppleMoviePlayer
LogPluginManager: Mounting plugin ArchVisCharacter
LogPluginManager: Mounting plugin AudioCapture
LogPluginManager: Mounting plugin CableComponent
LogPluginManager: Mounting plugin CustomMeshComponent
LogPluginManager: Mounting plugin EditableMesh
LogPluginManager: Mounting plugin ExampleDeviceProfileSelector
LogPluginManager: Mounting plugin GoogleCloudMessaging
LogPluginManager: Mounting plugin IOSDeviceProfileSelector
LogPluginManager: Mounting plugin LinuxDeviceProfileSelector
LogPluginManager: Mounting plugin LocationServicesBPLibrary
LogPluginManager: Mounting plugin MobilePatchingUtils
LogPluginManager: Mounting plugin OculusVR
LogPluginManager: Mounting plugin PhysXVehicles
LogPluginManager: Mounting plugin ProceduralMeshComponent
LogPluginManager: Mounting plugin RuntimePhysXCooking
LogPluginManager: Mounting plugin SignificanceManager
LogPluginManager: Mounting plugin SteamVR
LogPluginManager: Mounting plugin WebMMoviePlayer
LogPluginManager: Mounting plugin WindowsMoviePlayer
LogPluginManager: Mounting plugin ScreenshotTools
LogInit: Using libcurl 7.55.1-DEV
LogInit:  - built for x86_64-pc-win32
LogInit:  - supports SSL with OpenSSL/1.1.1
LogInit:  - supports HTTP deflate (compression) using libz 1.2.8
LogInit:  - other features:
LogInit:      CURL_VERSION_SSL
LogInit:      CURL_VERSION_LIBZ
LogInit:      CURL_VERSION_IPV6
LogInit:      CURL_VERSION_ASYNCHDNS
LogInit:      CURL_VERSION_LARGEFILE
LogInit:      CURL_VERSION_IDN
LogInit:  CurlRequestOptions (configurable via config and command line):
LogInit:  - bVerifyPeer = true  - Libcurl will verify peer certificate
LogInit:  - bUseHttpProxy = false  - Libcurl will NOT use HTTP proxy
LogInit:  - bDontReuseConnections = false  - Libcurl will reuse connections
LogInit:  - MaxHostConnections = 16  - Libcurl will limit the number of connections to a host
LogInit:  - LocalHostAddr = Default
LogInit:  - BufferSize = 65536
LogOnline: OSS: Creating online subsystem instance for: NULL
LogInit: WinSock: version 1.1 (2.2), MaxSocks=32767, MaxUdp=65467
LogInit: Build: ++UE4+Release-4.23-CL-8386587
LogInit: Engine Version: 4.23.0-8386587+++UE4+Release-4.23
LogInit: Compatible Engine Version: 4.23.0-8386587+++UE4+Release-4.23
LogInit: Net CL: 8386587
LogInit: OS: Windows 10 (Release 1903) (), CPU: AMD Ryzen 7 1700X Eight-Core Processor         , GPU: NVIDIA GeForce GTX 1080
LogInit: Compiled (64-bit): Aug 31 2019 02:04:44
LogInit: Compiled with Visual C++: 19.16.27030.01
LogInit: Build Configuration: Development
LogInit: Branch Name: ++UE4+Release-4.23
LogInit: Command Line: 
LogInit: Base Directory: D:/ProgramFiles/Epic Games/UE_4.23/Engine/Binaries/Win64/
LogInit: Installed Engine Build: 1
LogDevObjectVersion: Number of dev versions registered: 23
LogDevObjectVersion:   Dev-Blueprints (B0D832E4-1F89-4F0D-ACCF-7EB736FD4AA2): 10
LogDevObjectVersion:   Dev-Build (E1C64328-A22C-4D53-A36C-8E866417BD8C): 0
LogDevObjectVersion:   Dev-Core (375EC13C-06E4-48FB-B500-84F0262A717E): 3
LogDevObjectVersion:   Dev-Editor (E4B068ED-F494-42E9-A231-DA0B2E46BB41): 34
LogDevObjectVersion:   Dev-Framework (CFFC743F-43B0-4480-9391-14DF171D2073): 35
LogDevObjectVersion:   Dev-Mobile (B02B49B5-BB20-44E9-A304-32B752E40360): 2
LogDevObjectVersion:   Dev-Networking (A4E4105C-59A1-49B5-A7C5-40C4547EDFEE): 0
LogDevObjectVersion:   Dev-Online (39C831C9-5AE6-47DC-9A44-9C173E1C8E7C): 0
LogDevObjectVersion:   Dev-Physics (78F01B33-EBEA-4F98-B9B4-84EACCB95AA2): 0
LogDevObjectVersion:   Dev-Platform (6631380F-2D4D-43E0-8009-CF276956A95A): 0
LogDevObjectVersion:   Dev-Rendering (12F88B9F-8875-4AFC-A67C-D90C383ABD29): 31
LogDevObjectVersion:   Dev-Sequencer (7B5AE74C-D270-4C10-A958-57980B212A5A): 11
LogDevObjectVersion:   Dev-VR (D7296918-1DD6-4BDD-9DE2-64A83CC13884): 2
LogDevObjectVersion:   Dev-LoadTimes (C2A15278-BFE7-4AFE-6C17-90FF531DF755): 1
LogDevObjectVersion:   Private-Geometry (6EACA3D4-40EC-4CC1-B786-8BED09428FC5): 3
LogDevObjectVersion:   Dev-AnimPhys (29E575DD-E0A3-4627-9D10-D276232CDCEA): 17
LogDevObjectVersion:   Dev-Anim (AF43A65D-7FD3-4947-9873-3E8ED9C1BB05): 2
LogDevObjectVersion:   Dev-ReflectionCapture (6B266CEC-1EC7-4B8F-A30B-E4D90942FC07): 1
LogDevObjectVersion:   Dev-Automation (0DF73D61-A23F-47EA-B727-89E90C41499A): 1
LogDevObjectVersion:   FortniteMain (601D1886-AC64-4F84-AA16-D3DE0DEAC7D6): 27
LogDevObjectVersion:   Dev-Enterprise (9DFFBCD6-494F-0158-E221-12823C92A888): 6
LogDevObjectVersion:   Dev-Niagara (F2AED0AC-9AFE-416F-8664-AA7FFA26D6FC): 1
LogDevObjectVersion:   Dev-Destruction (174F1F0B-B4C6-45A5-B13F-2EE8D0FB917D): 9
LogInit: Presizing for max 16777216 objects, including 0 objects not considered by GC, pre-allocating 0 bytes for permanent pool.
LogInit: Object subsystem initialized
LogConfig: Setting CVar [[con.DebugEarlyDefault:1]]
LogConfig: Setting CVar [[r.setres:1280x720]]
[2019.09.24-11.37.12:762][  0]LogConfig: Setting CVar [[r.VSync:0]]
[2019.09.24-11.37.12:762][  0]LogConfig: Setting CVar [[r.RHICmdBypass:0]]
[2019.09.24-11.37.12:763][  0]LogConfig: Applying CVar settings from Section [/Script/Engine.RendererSettings] File [D:/Documents/Game-Physics/Physics/Saved/Config/Windows/Engine.ini]
[2019.09.24-11.37.12:763][  0]LogConfig: Setting CVar [[r.GPUCrashDebugging:0]]
[2019.09.24-11.37.12:763][  0]LogConfig: Applying CVar settings from Section [/Script/Engine.RendererOverrideSettings] File [D:/Documents/Game-Physics/Physics/Saved/Config/Windows/Engine.ini]
[2019.09.24-11.37.12:763][  0]LogConfig: Applying CVar settings from Section [/Script/Engine.StreamingSettings] File [D:/Documents/Game-Physics/Physics/Saved/Config/Windows/Engine.ini]
[2019.09.24-11.37.12:763][  0]LogConfig: Setting CVar [[s.MinBulkDataSizeForAsyncLoading:131072]]
[2019.09.24-11.37.12:763][  0]LogConfig: Setting CVar [[s.AsyncLoadingThreadEnabled:0]]
[2019.09.24-11.37.12:763][  0]LogConfig: Setting CVar [[s.EventDrivenLoaderEnabled:1]]
[2019.09.24-11.37.12:763][  0]LogConfig: Setting CVar [[s.WarnIfTimeLimitExceeded:0]]
[2019.09.24-11.37.12:763][  0]LogConfig: Setting CVar [[s.TimeLimitExceededMultiplier:1.5]]
[2019.09.24-11.37.12:763][  0]LogConfig: Setting CVar [[s.TimeLimitExceededMinTime:0.005]]
[2019.09.24-11.37.12:763][  0]LogConfig: Setting CVar [[s.UseBackgroundLevelStreaming:1]]
[2019.09.24-11.37.12:763][  0]LogConfig: Setting CVar [[s.PriorityAsyncLoadingExtraTime:15.0]]
[2019.09.24-11.37.12:763][  0]LogConfig: Setting CVar [[s.LevelStreamingActorsUpdateTimeLimit:5.0]]
[2019.09.24-11.37.12:763][  0]LogConfig: Setting CVar [[s.PriorityLevelStreamingActorsUpdateExtraTime:5.0]]
[2019.09.24-11.37.12:763][  0]LogConfig: Setting CVar [[s.LevelStreamingComponentsRegistrationGranularity:10]]
[2019.09.24-11.37.12:763][  0]LogConfig: Setting CVar [[s.UnregisterComponentsTimeLimit:1.0]]
[2019.09.24-11.37.12:763][  0]LogConfig: Setting CVar [[s.LevelStreamingComponentsUnregistrationGranularity:5]]
[2019.09.24-11.37.12:763][  0]LogConfig: Applying CVar settings from Section [/Script/Engine.GarbageCollectionSettings] File [D:/Documents/Game-Physics/Physics/Saved/Config/Windows/Engine.ini]
[2019.09.24-11.37.12:763][  0]LogConfig: Setting CVar [[gc.MaxObjectsNotConsideredByGC:1]]
[2019.09.24-11.37.12:763][  0]LogConfig: Setting CVar [[gc.SizeOfPermanentObjectPool:0]]
[2019.09.24-11.37.12:763][  0]LogConfig: Setting CVar [[gc.FlushStreamingOnGC:0]]
[2019.09.24-11.37.12:763][  0]LogConfig: Setting CVar [[gc.NumRetriesBeforeForcingGC:10]]
[2019.09.24-11.37.12:763][  0]LogConfig: Setting CVar [[gc.AllowParallelGC:1]]
[2019.09.24-11.37.12:763][  0]LogConfig: Setting CVar [[gc.TimeBetweenPurgingPendingKillObjects:61.1]]
[2019.09.24-11.37.12:763][  0]LogConfig: Setting CVar [[gc.MaxObjectsInEditor:16777216]]
[2019.09.24-11.37.12:763][  0]LogConfig: Setting CVar [[gc.IncrementalBeginDestroyEnabled:1]]
[2019.09.24-11.37.12:763][  0]LogConfig: Setting CVar [[gc.CreateGCClusters:1]]
[2019.09.24-11.37.12:763][  0]LogConfig: Setting CVar [[gc.MinGCClusterSize:5]]
[2019.09.24-11.37.12:763][  0]LogConfig: Setting CVar [[gc.ActorClusteringEnabled:0]]
[2019.09.24-11.37.12:763][  0]LogConfig: Setting CVar [[gc.BlueprintClusteringEnabled:0]]
[2019.09.24-11.37.12:763][  0]LogConfig: Setting CVar [[gc.UseDisregardForGCOnDedicatedServers:0]]
[2019.09.24-11.37.12:763][  0]LogConfig: Applying CVar settings from Section [/Script/Engine.NetworkSettings] File [D:/Documents/Game-Physics/Physics/Saved/Config/Windows/Engine.ini]
[2019.09.24-11.37.12:763][  0]LogConfig: Applying CVar settings from Section [/Script/UnrealEd.CookerSettings] File [D:/Documents/Game-Physics/Physics/Saved/Config/Windows/Engine.ini]
[2019.09.24-11.37.12:767][  0]LogConfig: Applying CVar settings from Section [ViewDistanceQuality@3] File [D:/Documents/Game-Physics/Physics/Saved/Config/Windows/Scalability.ini]
[2019.09.24-11.37.12:767][  0]LogConfig: Setting CVar [[r.SkeletalMeshLODBias:0]]
[2019.09.24-11.37.12:767][  0]LogConfig: Setting CVar [[r.ViewDistanceScale:1.0]]
[2019.09.24-11.37.12:767][  0]LogConfig: Applying CVar settings from Section [AntiAliasingQuality@3] File [D:/Documents/Game-Physics/Physics/Saved/Config/Windows/Scalability.ini]
[2019.09.24-11.37.12:767][  0]LogConfig: Setting CVar [[r.PostProcessAAQuality:4]]
[2019.09.24-11.37.12:767][  0]LogConfig: Applying CVar settings from Section [ShadowQuality@3] File [D:/Documents/Game-Physics/Physics/Saved/Config/Windows/Scalability.ini]
[2019.09.24-11.37.12:767][  0]LogConfig: Setting CVar [[r.LightFunctionQuality:1]]
[2019.09.24-11.37.12:767][  0]LogConfig: Setting CVar [[r.ShadowQuality:5]]
[2019.09.24-11.37.12:767][  0]LogConfig: Setting CVar [[r.Shadow.CSM.MaxCascades:10]]
[2019.09.24-11.37.12:767][  0]LogConfig: Setting CVar [[r.Shadow.MaxResolution:2048]]
[2019.09.24-11.37.12:767][  0]LogConfig: Setting CVar [[r.Shadow.MaxCSMResolution:2048]]
[2019.09.24-11.37.12:767][  0]LogConfig: Setting CVar [[r.Shadow.RadiusThreshold:0.01]]
[2019.09.24-11.37.12:767][  0]LogConfig: Setting CVar [[r.Shadow.DistanceScale:1.0]]
[2019.09.24-11.37.12:767][  0]LogConfig: Setting CVar [[r.Shadow.CSM.TransitionScale:1.0]]
[2019.09.24-11.37.12:767][  0]LogConfig: Setting CVar [[r.Shadow.PreShadowResolutionFactor:1.0]]
[2019.09.24-11.37.12:767][  0]LogConfig: Setting CVar [[r.DistanceFieldShadowing:1]]
[2019.09.24-11.37.12:767][  0]LogConfig: Setting CVar [[r.DistanceFieldAO:1]]
[2019.09.24-11.37.12:767][  0]LogConfig: Setting CVar [[r.AOQuality:2]]
[2019.09.24-11.37.12:767][  0]LogConfig: Setting CVar [[r.VolumetricFog:1]]
[2019.09.24-11.37.12:767][  0]LogConfig: Setting CVar [[r.VolumetricFog.GridPixelSize:8]]
[2019.09.24-11.37.12:767][  0]LogConfig: Setting CVar [[r.VolumetricFog.GridSizeZ:128]]
[2019.09.24-11.37.12:767][  0]LogConfig: Setting CVar [[r.VolumetricFog.HistoryMissSupersampleCount:4]]
[2019.09.24-11.37.12:767][  0]LogConfig: Setting CVar [[r.LightMaxDrawDistanceScale:1]]
[2019.09.24-11.37.12:767][  0]LogConfig: Setting CVar [[r.CapsuleShadows:1]]
[2019.09.24-11.37.12:767][  0]LogConfig: Applying CVar settings from Section [PostProcessQuality@3] File [D:/Documents/Game-Physics/Physics/Saved/Config/Windows/Scalability.ini]
[2019.09.24-11.37.12:767][  0]LogConfig: Setting CVar [[r.MotionBlurQuality:4]]
[2019.09.24-11.37.12:767][  0]LogConfig: Setting CVar [[r.AmbientOcclusionMipLevelFactor:0.4]]
[2019.09.24-11.37.12:767][  0]LogConfig: Setting CVar [[r.AmbientOcclusionMaxQuality:100]]
[2019.09.24-11.37.12:767][  0]LogConfig: Setting CVar [[r.AmbientOcclusionLevels:-1]]
[2019.09.24-11.37.12:767][  0]LogConfig: Setting CVar [[r.AmbientOcclusionRadiusScale:1.0]]
[2019.09.24-11.37.12:767][  0]LogConfig: Setting CVar [[r.DepthOfFieldQuality:2]]
[2019.09.24-11.37.12:767][  0]LogConfig: Setting CVar [[r.RenderTargetPoolMin:400]]
[2019.09.24-11.37.12:767][  0]LogConfig: Setting CVar [[r.LensFlareQuality:2]]
[2019.09.24-11.37.12:768][  0]LogConfig: Setting CVar [[r.SceneColorFringeQuality:1]]
[2019.09.24-11.37.12:768][  0]LogConfig: Setting CVar [[r.EyeAdaptationQuality:2]]
[2019.09.24-11.37.12:768][  0]LogConfig: Setting CVar [[r.BloomQuality:5]]
[2019.09.24-11.37.12:768][  0]LogConfig: Setting CVar [[r.FastBlurThreshold:100]]
[2019.09.24-11.37.12:768][  0]LogConfig: Setting CVar [[r.Upscale.Quality:3]]
[2019.09.24-11.37.12:768][  0]LogConfig: Setting CVar [[r.Tonemapper.GrainQuantization:1]]
[2019.09.24-11.37.12:768][  0]LogConfig: Setting CVar [[r.LightShaftQuality:1]]
[2019.09.24-11.37.12:768][  0]LogConfig: Setting CVar [[r.Filter.SizeScale:1]]
[2019.09.24-11.37.12:768][  0]LogConfig: Setting CVar [[r.Tonemapper.Quality:5]]
[2019.09.24-11.37.12:768][  0]LogConfig: Setting CVar [[r.DOF.Gather.AccumulatorQuality:1        ; higher gathering accumulator quality]]
[2019.09.24-11.37.12:768][  0]LogConfig: Setting CVar [[r.DOF.Gather.PostfilterMethod:1          ; Median3x3 postfilering method]]
[2019.09.24-11.37.12:768][  0]LogConfig: Setting CVar [[r.DOF.Gather.EnableBokehSettings:0       ; no bokeh simulation when gathering]]
[2019.09.24-11.37.12:768][  0]LogConfig: Setting CVar [[r.DOF.Gather.RingCount:4                 ; medium number of samples when gathering]]
[2019.09.24-11.37.12:768][  0]LogConfig: Setting CVar [[r.DOF.Scatter.ForegroundCompositing:1    ; additive foreground scattering]]
[2019.09.24-11.37.12:768][  0]LogConfig: Setting CVar [[r.DOF.Scatter.BackgroundCompositing:2    ; additive background scattering]]
[2019.09.24-11.37.12:768][  0]LogConfig: Setting CVar [[r.DOF.Scatter.EnableBokehSettings:1      ; bokeh simulation when scattering]]
[2019.09.24-11.37.12:768][  0]LogConfig: Setting CVar [[r.DOF.Scatter.MaxSpriteRatio:0.1         ; only a maximum of 10% of scattered bokeh]]
[2019.09.24-11.37.12:768][  0]LogConfig: Setting CVar [[r.DOF.Recombine.Quality:1                ; cheap slight out of focus]]
[2019.09.24-11.37.12:768][  0]LogConfig: Setting CVar [[r.DOF.Recombine.EnableBokehSettings:0    ; no bokeh simulation on slight out of focus]]
[2019.09.24-11.37.12:768][  0]LogConfig: Setting CVar [[r.DOF.TemporalAAQuality:1                ; more stable temporal accumulation]]
[2019.09.24-11.37.12:768][  0]LogConfig: Setting CVar [[r.DOF.Kernel.MaxForegroundRadius:0.025]]
[2019.09.24-11.37.12:768][  0]LogConfig: Setting CVar [[r.DOF.Kernel.MaxBackgroundRadius:0.025]]
[2019.09.24-11.37.12:768][  0]LogConfig: Applying CVar settings from Section [TextureQuality@3] File [D:/Documents/Game-Physics/Physics/Saved/Config/Windows/Scalability.ini]
[2019.09.24-11.37.12:768][  0]LogConfig: Setting CVar [[r.Streaming.MipBias:0]]
[2019.09.24-11.37.12:768][  0]LogConfig: Setting CVar [[r.Streaming.AmortizeCPUToGPUCopy:0]]
[2019.09.24-11.37.12:768][  0]LogConfig: Setting CVar [[r.Streaming.MaxNumTexturesToStreamPerFrame:0]]
[2019.09.24-11.37.12:768][  0]LogConfig: Setting CVar [[r.Streaming.Boost:1]]
[2019.09.24-11.37.12:768][  0]LogConfig: Setting CVar [[r.MaxAnisotropy:8]]
[2019.09.24-11.37.12:768][  0]LogConfig: Setting CVar [[r.Streaming.LimitPoolSizeToVRAM:0]]
[2019.09.24-11.37.12:768][  0]LogConfig: Setting CVar [[r.Streaming.PoolSize:1000]]
[2019.09.24-11.37.12:768][  0]LogConfig: Setting CVar [[r.Streaming.MaxEffectiveScreenSize:0]]
[2019.09.24-11.37.12:768][  0]LogConfig: Applying CVar settings from Section [EffectsQuality@3] File [D:/Documents/Game-Physics/Physics/Saved/Config/Windows/Scalability.ini]
[2019.09.24-11.37.12:768][  0]LogConfig: Setting CVar [[r.TranslucencyLightingVolumeDim:64]]
[2019.09.24-11.37.12:768][  0]LogConfig: Setting CVar [[r.RefractionQuality:2]]
[2019.09.24-11.37.12:768][  0]LogConfig: Setting CVar [[r.SSR.Quality:3]]
[2019.09.24-11.37.12:768][  0]LogConfig: Setting CVar [[r.SceneColorFormat:4]]
[2019.09.24-11.37.12:768][  0]LogConfig: Setting CVar [[r.DetailMode:2]]
[2019.09.24-11.37.12:768][  0]LogConfig: Setting CVar [[r.TranslucencyVolumeBlur:1]]
[2019.09.24-11.37.12:768][  0]LogConfig: Setting CVar [[r.MaterialQualityLevel:1 ; High quality]]
[2019.09.24-11.37.12:768][  0]LogConfig: Setting CVar [[r.SSS.Scale:1]]
[2019.09.24-11.37.12:768][  0]LogConfig: Setting CVar [[r.SSS.SampleSet:2]]
[2019.09.24-11.37.12:768][  0]LogConfig: Setting CVar [[r.SSS.Quality:1]]
[2019.09.24-11.37.12:768][  0]LogConfig: Setting CVar [[r.SSS.HalfRes:1]]
[2019.09.24-11.37.12:768][  0]LogConfig: Setting CVar [[r.EmitterSpawnRateScale:1.0]]
[2019.09.24-11.37.12:768][  0]LogConfig: Setting CVar [[r.ParticleLightQuality:2]]
[2019.09.24-11.37.12:768][  0]LogConfig: Applying CVar settings from Section [FoliageQuality@3] File [D:/Documents/Game-Physics/Physics/Saved/Config/Windows/Scalability.ini]
[2019.09.24-11.37.12:768][  0]LogConfig: Setting CVar [[foliage.DensityScale:1.0]]
[2019.09.24-11.37.12:768][  0]LogConfig: Setting CVar [[grass.DensityScale:1.0]]
[2019.09.24-11.37.12:768][  0]LogInit: Selected Device Profile: [Windows]
[2019.09.24-11.37.12:768][  0]LogInit: Applying CVar settings loaded from the selected device profile: [Windows]
[2019.09.24-11.37.12:772][  0]LogHAL: Display: Platform has ~ 32 GB [34275889152 / 34359738368 / 32], which maps to Largest [LargestMinGB=32, LargerMinGB=12, DefaultMinGB=8, SmallerMinGB=6, SmallestMinGB=0)
[2019.09.24-11.37.12:772][  0]LogInit: Going up to parent DeviceProfile []
[2019.09.24-11.37.12:772][  0]LogConfig: Applying CVar settings from Section [ViewDistanceQuality@3] File [D:/Documents/Game-Physics/Physics/Saved/Config/Windows/Scalability.ini]
[2019.09.24-11.37.12:772][  0]LogConfig: Setting CVar [[r.SkeletalMeshLODBias:0]]
[2019.09.24-11.37.12:772][  0]LogConfig: Setting CVar [[r.ViewDistanceScale:1.0]]
[2019.09.24-11.37.12:772][  0]LogConfig: Applying CVar settings from Section [AntiAliasingQuality@3] File [D:/Documents/Game-Physics/Physics/Saved/Config/Windows/Scalability.ini]
[2019.09.24-11.37.12:772][  0]LogConfig: Setting CVar [[r.PostProcessAAQuality:4]]
[2019.09.24-11.37.12:772][  0]LogConfig: Applying CVar settings from Section [ShadowQuality@3] File [D:/Documents/Game-Physics/Physics/Saved/Config/Windows/Scalability.ini]
[2019.09.24-11.37.12:772][  0]LogConfig: Setting CVar [[r.LightFunctionQuality:1]]
[2019.09.24-11.37.12:772][  0]LogConfig: Setting CVar [[r.ShadowQuality:5]]
[2019.09.24-11.37.12:772][  0]LogConfig: Setting CVar [[r.Shadow.CSM.MaxCascades:10]]
[2019.09.24-11.37.12:772][  0]LogConfig: Setting CVar [[r.Shadow.MaxResolution:2048]]
[2019.09.24-11.37.12:772][  0]LogConfig: Setting CVar [[r.Shadow.MaxCSMResolution:2048]]
[2019.09.24-11.37.12:772][  0]LogConfig: Setting CVar [[r.Shadow.RadiusThreshold:0.01]]
[2019.09.24-11.37.12:772][  0]LogConfig: Setting CVar [[r.Shadow.DistanceScale:1.0]]
[2019.09.24-11.37.12:772][  0]LogConfig: Setting CVar [[r.Shadow.CSM.TransitionScale:1.0]]
[2019.09.24-11.37.12:772][  0]LogConfig: Setting CVar [[r.Shadow.PreShadowResolutionFactor:1.0]]
[2019.09.24-11.37.12:772][  0]LogConfig: Setting CVar [[r.DistanceFieldShadowing:1]]
[2019.09.24-11.37.12:772][  0]LogConfig: Setting CVar [[r.DistanceFieldAO:1]]
[2019.09.24-11.37.12:772][  0]LogConfig: Setting CVar [[r.AOQuality:2]]
[2019.09.24-11.37.12:772][  0]LogConfig: Setting CVar [[r.VolumetricFog:1]]
[2019.09.24-11.37.12:772][  0]LogConfig: Setting CVar [[r.VolumetricFog.GridPixelSize:8]]
[2019.09.24-11.37.12:772][  0]LogConfig: Setting CVar [[r.VolumetricFog.GridSizeZ:128]]
[2019.09.24-11.37.12:772][  0]LogConfig: Setting CVar [[r.VolumetricFog.HistoryMissSupersampleCount:4]]
[2019.09.24-11.37.12:772][  0]LogConfig: Setting CVar [[r.LightMaxDrawDistanceScale:1]]
[2019.09.24-11.37.12:772][  0]LogConfig: Setting CVar [[r.CapsuleShadows:1]]
[2019.09.24-11.37.12:772][  0]LogConfig: Applying CVar settings from Section [PostProcessQuality@3] File [D:/Documents/Game-Physics/Physics/Saved/Config/Windows/Scalability.ini]
[2019.09.24-11.37.12:772][  0]LogConfig: Setting CVar [[r.MotionBlurQuality:4]]
[2019.09.24-11.37.12:772][  0]LogConfig: Setting CVar [[r.AmbientOcclusionMipLevelFactor:0.4]]
[2019.09.24-11.37.12:772][  0]LogConfig: Setting CVar [[r.AmbientOcclusionMaxQuality:100]]
[2019.09.24-11.37.12:772][  0]LogConfig: Setting CVar [[r.AmbientOcclusionLevels:-1]]
[2019.09.24-11.37.12:772][  0]LogConfig: Setting CVar [[r.AmbientOcclusionRadiusScale:1.0]]
[2019.09.24-11.37.12:772][  0]LogConfig: Setting CVar [[r.DepthOfFieldQuality:2]]
[2019.09.24-11.37.12:772][  0]LogConfig: Setting CVar [[r.RenderTargetPoolMin:400]]
[2019.09.24-11.37.12:772][  0]LogConfig: Setting CVar [[r.LensFlareQuality:2]]
[2019.09.24-11.37.12:772][  0]LogConfig: Setting CVar [[r.SceneColorFringeQuality:1]]
[2019.09.24-11.37.12:772][  0]LogConfig: Setting CVar [[r.EyeAdaptationQuality:2]]
[2019.09.24-11.37.12:772][  0]LogConfig: Setting CVar [[r.BloomQuality:5]]
[2019.09.24-11.37.12:772][  0]LogConfig: Setting CVar [[r.FastBlurThreshold:100]]
[2019.09.24-11.37.12:772][  0]LogConfig: Setting CVar [[r.Upscale.Quality:3]]
[2019.09.24-11.37.12:772][  0]LogConfig: Setting CVar [[r.Tonemapper.GrainQuantization:1]]
[2019.09.24-11.37.12:772][  0]LogConfig: Setting CVar [[r.LightShaftQuality:1]]
[2019.09.24-11.37.12:772][  0]LogConfig: Setting CVar [[r.Filter.SizeScale:1]]
[2019.09.24-11.37.12:772][  0]LogConfig: Setting CVar [[r.Tonemapper.Quality:5]]
[2019.09.24-11.37.12:772][  0]LogConfig: Setting CVar [[r.DOF.Gather.AccumulatorQuality:1        ; higher gathering accumulator quality]]
[2019.09.24-11.37.12:772][  0]LogConfig: Setting CVar [[r.DOF.Gather.PostfilterMethod:1          ; Median3x3 postfilering method]]
[2019.09.24-11.37.12:772][  0]LogConfig: Setting CVar [[r.DOF.Gather.EnableBokehSettings:0       ; no bokeh simulation when gathering]]
[2019.09.24-11.37.12:772][  0]LogConfig: Setting CVar [[r.DOF.Gather.RingCount:4                 ; medium number of samples when gathering]]
[2019.09.24-11.37.12:772][  0]LogConfig: Setting CVar [[r.DOF.Scatter.ForegroundCompositing:1    ; additive foreground scattering]]
[2019.09.24-11.37.12:772][  0]LogConfig: Setting CVar [[r.DOF.Scatter.BackgroundCompositing:2    ; additive background scattering]]
[2019.09.24-11.37.12:772][  0]LogConfig: Setting CVar [[r.DOF.Scatter.EnableBokehSettings:1      ; bokeh simulation when scattering]]
[2019.09.24-11.37.12:773][  0]LogConfig: Setting CVar [[r.DOF.Scatter.MaxSpriteRatio:0.1         ; only a maximum of 10% of scattered bokeh]]
[2019.09.24-11.37.12:773][  0]LogConfig: Setting CVar [[r.DOF.Recombine.Quality:1                ; cheap slight out of focus]]
[2019.09.24-11.37.12:773][  0]LogConfig: Setting CVar [[r.DOF.Recombine.EnableBokehSettings:0    ; no bokeh simulation on slight out of focus]]
[2019.09.24-11.37.12:773][  0]LogConfig: Setting CVar [[r.DOF.TemporalAAQuality:1                ; more stable temporal accumulation]]
[2019.09.24-11.37.12:773][  0]LogConfig: Setting CVar [[r.DOF.Kernel.MaxForegroundRadius:0.025]]
[2019.09.24-11.37.12:773][  0]LogConfig: Setting CVar [[r.DOF.Kernel.MaxBackgroundRadius:0.025]]
[2019.09.24-11.37.12:773][  0]LogConfig: Applying CVar settings from Section [TextureQuality@3] File [D:/Documents/Game-Physics/Physics/Saved/Config/Windows/Scalability.ini]
[2019.09.24-11.37.12:773][  0]LogConfig: Setting CVar [[r.Streaming.MipBias:0]]
[2019.09.24-11.37.12:773][  0]LogConfig: Setting CVar [[r.Streaming.AmortizeCPUToGPUCopy:0]]
[2019.09.24-11.37.12:773][  0]LogConfig: Setting CVar [[r.Streaming.MaxNumTexturesToStreamPerFrame:0]]
[2019.09.24-11.37.12:773][  0]LogConfig: Setting CVar [[r.Streaming.Boost:1]]
[2019.09.24-11.37.12:773][  0]LogConfig: Setting CVar [[r.MaxAnisotropy:8]]
[2019.09.24-11.37.12:773][  0]LogConfig: Setting CVar [[r.Streaming.LimitPoolSizeToVRAM:0]]
[2019.09.24-11.37.12:773][  0]LogConfig: Setting CVar [[r.Streaming.PoolSize:1000]]
[2019.09.24-11.37.12:773][  0]LogConfig: Setting CVar [[r.Streaming.MaxEffectiveScreenSize:0]]
[2019.09.24-11.37.12:773][  0]LogConfig: Applying CVar settings from Section [EffectsQuality@3] File [D:/Documents/Game-Physics/Physics/Saved/Config/Windows/Scalability.ini]
[2019.09.24-11.37.12:773][  0]LogConfig: Setting CVar [[r.TranslucencyLightingVolumeDim:64]]
[2019.09.24-11.37.12:773][  0]LogConfig: Setting CVar [[r.RefractionQuality:2]]
[2019.09.24-11.37.12:773][  0]LogConfig: Setting CVar [[r.SSR.Quality:3]]
[2019.09.24-11.37.12:773][  0]LogConfig: Setting CVar [[r.SceneColorFormat:4]]
[2019.09.24-11.37.12:773][  0]LogConfig: Setting CVar [[r.DetailMode:2]]
[2019.09.24-11.37.12:773][  0]LogConfig: Setting CVar [[r.TranslucencyVolumeBlur:1]]
[2019.09.24-11.37.12:773][  0]LogConfig: Setting CVar [[r.MaterialQualityLevel:1 ; High quality]]
[2019.09.24-11.37.12:773][  0]LogConfig: Setting CVar [[r.SSS.Scale:1]]
[2019.09.24-11.37.12:773][  0]LogConfig: Setting CVar [[r.SSS.SampleSet:2]]
[2019.09.24-11.37.12:773][  0]LogConfig: Setting CVar [[r.SSS.Quality:1]]
[2019.09.24-11.37.12:773][  0]LogConfig: Setting CVar [[r.SSS.HalfRes:1]]
[2019.09.24-11.37.12:773][  0]LogConfig: Setting CVar [[r.EmitterSpawnRateScale:1.0]]
[2019.09.24-11.37.12:773][  0]LogConfig: Setting CVar [[r.ParticleLightQuality:2]]
[2019.09.24-11.37.12:773][  0]LogConfig: Applying CVar settings from Section [FoliageQuality@3] File [D:/Documents/Game-Physics/Physics/Saved/Config/Windows/Scalability.ini]
[2019.09.24-11.37.12:773][  0]LogConfig: Setting CVar [[foliage.DensityScale:1.0]]
[2019.09.24-11.37.12:773][  0]LogConfig: Setting CVar [[grass.DensityScale:1.0]]
[2019.09.24-11.37.12:773][  0]LogConfig: Applying CVar settings from Section [Startup] File [../../../Engine/Config/ConsoleVariables.ini]
[2019.09.24-11.37.12:773][  0]LogConfig: Setting CVar [[net.UseAdaptiveNetUpdateFrequency:0]]
[2019.09.24-11.37.12:773][  0]LogConfig: Setting CVar [[p.chaos.AllowCreatePhysxBodies:1]]
[2019.09.24-11.37.12:773][  0]LogConfig: Applying CVar settings from Section [ConsoleVariables] File [D:/Documents/Game-Physics/Physics/Saved/Config/Windows/Engine.ini]
[2019.09.24-11.37.12:773][  0]LogInit: Computer: DESKTOP-I7DPOQ4
[2019.09.24-11.37.12:773][  0]LogInit: User: Jacob
[2019.09.24-11.37.12:773][  0]LogInit: CPU Page size=4096, Cores=8
[2019.09.24-11.37.12:773][  0]LogInit: High frequency timer resolution =10.000000 MHz
[2019.09.24-11.37.12:774][  0]LogMemory: Memory total: Physical=31.9GB (32GB approx)
[2019.09.24-11.37.12:774][  0]LogMemory: Platform Memory Stats for Windows
[2019.09.24-11.37.12:774][  0]LogMemory: Process Physical Memory: 101.39 MB used, 101.39 MB peak
[2019.09.24-11.37.12:774][  0]LogMemory: Process Virtual Memory: 102.27 MB used, 102.27 MB peak
[2019.09.24-11.37.12:774][  0]LogMemory: Physical Memory: 5778.85 MB used,  26909.18 MB free, 32688.04 MB total
[2019.09.24-11.37.12:774][  0]LogMemory: Virtual Memory: 4703.05 MB used,  134213024.00 MB free, 134217728.00 MB total
[2019.09.24-11.37.12:777][  0]LogWindows: WindowsPlatformFeatures enabled
[2019.09.24-11.37.12:798][  0]LogInit: Using OS detected language (en-US).
[2019.09.24-11.37.12:798][  0]LogInit: Using OS detected locale (en-US).
[2019.09.24-11.37.12:799][  0]LogTextLocalizationManager: No specific localization for 'en-US' exists, so the 'en' localization will be used.
[2019.09.24-11.37.12:981][  0]LogInit: Setting process to per monitor DPI aware
[2019.09.24-11.37.13:014][  0]LogSlate: New Slate User Created.  User Index 0, Is Virtual User: 0
[2019.09.24-11.37.13:014][  0]LogSlate: Slate User Registered.  User Index 0, Is Virtual User: 0
[2019.09.24-11.37.13:205][  0]LogHMD: Failed to initialize OpenVR with code 110
[2019.09.24-11.37.13:205][  0]LogD3D11RHI: D3D11 adapters:
[2019.09.24-11.37.13:284][  0]LogD3D11RHI:    0. 'NVIDIA GeForce GTX 1080' (Feature Level 11_0)
[2019.09.24-11.37.13:284][  0]LogD3D11RHI:       8079/0/16344 MB DedicatedVideo/DedicatedSystem/SharedSystem, Outputs:2, VendorId:0x10de
[2019.09.24-11.37.13:287][  0]LogD3D11RHI:    1. 'Microsoft Basic Render Driver' (Feature Level 11_0)
[2019.09.24-11.37.13:287][  0]LogD3D11RHI:       0/0/16344 MB DedicatedVideo/DedicatedSystem/SharedSystem, Outputs:0, VendorId:0x1414
[2019.09.24-11.37.13:287][  0]LogD3D11RHI: Chosen D3D11 Adapter: 0
[2019.09.24-11.37.13:297][  0]LogD3D11RHI: Creating new Direct3DDevice
[2019.09.24-11.37.13:297][  0]LogD3D11RHI:     GPU DeviceId: 0x1b80 (for the marketing name, search the web for "GPU Device Id")
[2019.09.24-11.37.13:297][  0]LogWindows: EnumDisplayDevices:
[2019.09.24-11.37.13:297][  0]LogWindows:    0. 'NVIDIA GeForce GTX 1080' (P:1 D:1)
[2019.09.24-11.37.13:298][  0]LogWindows:    1. 'NVIDIA GeForce GTX 1080' (P:0 D:1)
[2019.09.24-11.37.13:298][  0]LogWindows:    2. 'NVIDIA GeForce GTX 1080' (P:0 D:0)
[2019.09.24-11.37.13:298][  0]LogWindows:    3. 'NVIDIA GeForce GTX 1080' (P:0 D:0)
[2019.09.24-11.37.13:298][  0]LogWindows: DebugString: FoundDriverCount:4 
[2019.09.24-11.37.13:298][  0]LogD3D11RHI:     Adapter Name: NVIDIA GeForce GTX 1080
[2019.09.24-11.37.13:298][  0]LogD3D11RHI:   Driver Version: 399.24 (internal:24.21.13.9924, unified:399.24)
[2019.09.24-11.37.13:298][  0]LogD3D11RHI:      Driver Date: 9-5-2018
[2019.09.24-11.37.13:298][  0]LogRHI: Texture pool is 5655 MB (70% of 8079 MB)
[2019.09.24-11.37.13:348][  0]LogD3D11RHI: Async texture creation enabled
[2019.09.24-11.37.13:365][  0]LogD3D11RHI: GPU Timing Frequency: 1000.000000 (Debug: 2 2)
[2019.09.24-11.37.13:715][  0]LogTemp: Display: Module 'AllDesktopTargetPlatform' loaded TargetPlatform 'AllDesktop'
[2019.09.24-11.37.13:724][  0]LogTemp: Display: Module 'MacClientTargetPlatform' loaded TargetPlatform 'MacClient'
[2019.09.24-11.37.13:733][  0]LogTemp: Display: Module 'MacNoEditorTargetPlatform' loaded TargetPlatform 'MacNoEditor'
[2019.09.24-11.37.13:742][  0]LogTemp: Display: Module 'MacServerTargetPlatform' loaded TargetPlatform 'MacServer'
[2019.09.24-11.37.13:752][  0]LogTemp: Display: Module 'MacTargetPlatform' loaded TargetPlatform 'Mac'
[2019.09.24-11.37.13:763][  0]LogTemp: Display: Module 'WindowsClientTargetPlatform' loaded TargetPlatform 'WindowsClient'
[2019.09.24-11.37.13:773][  0]LogTemp: Display: Module 'WindowsNoEditorTargetPlatform' loaded TargetPlatform 'WindowsNoEditor'
[2019.09.24-11.37.13:784][  0]LogTemp: Display: Module 'WindowsServerTargetPlatform' loaded TargetPlatform 'WindowsServer'
[2019.09.24-11.37.13:788][  0]LogTemp: Display: Module 'WindowsTargetPlatform' loaded TargetPlatform 'Windows'
[2019.09.24-11.37.13:824][  0]LogTemp: Display: Module 'AndroidTargetPlatform' loaded TargetPlatform 'Android'
[2019.09.24-11.37.13:824][  0]LogTemp: Display: Module 'AndroidTargetPlatform' loaded TargetPlatform 'Android_ASTC'
[2019.09.24-11.37.13:824][  0]LogTemp: Display: Module 'AndroidTargetPlatform' loaded TargetPlatform 'Android_ATC'
[2019.09.24-11.37.13:824][  0]LogTemp: Display: Module 'AndroidTargetPlatform' loaded TargetPlatform 'Android_DXT'
[2019.09.24-11.37.13:824][  0]LogTemp: Display: Module 'AndroidTargetPlatform' loaded TargetPlatform 'Android_ETC1'
[2019.09.24-11.37.13:824][  0]LogTemp: Display: Module 'AndroidTargetPlatform' loaded TargetPlatform 'Android_ETC1a'
[2019.09.24-11.37.13:824][  0]LogTemp: Display: Module 'AndroidTargetPlatform' loaded TargetPlatform 'Android_ETC2'
[2019.09.24-11.37.13:824][  0]LogTemp: Display: Module 'AndroidTargetPlatform' loaded TargetPlatform 'Android_PVRTC'
[2019.09.24-11.37.13:824][  0]LogTemp: Display: Module 'AndroidTargetPlatform' loaded TargetPlatform 'AndroidClient'
[2019.09.24-11.37.13:824][  0]LogTemp: Display: Module 'AndroidTargetPlatform' loaded TargetPlatform 'Android_ASTCClient'
[2019.09.24-11.37.13:824][  0]LogTemp: Display: Module 'AndroidTargetPlatform' loaded TargetPlatform 'Android_ATCClient'
[2019.09.24-11.37.13:824][  0]LogTemp: Display: Module 'AndroidTargetPlatform' loaded TargetPlatform 'Android_DXTClient'
[2019.09.24-11.37.13:824][  0]LogTemp: Display: Module 'AndroidTargetPlatform' loaded TargetPlatform 'Android_ETC1Client'
[2019.09.24-11.37.13:824][  0]LogTemp: Display: Module 'AndroidTargetPlatform' loaded TargetPlatform 'Android_ETC1aClient'
[2019.09.24-11.37.13:824][  0]LogTemp: Display: Module 'AndroidTargetPlatform' loaded TargetPlatform 'Android_ETC2Client'
[2019.09.24-11.37.13:824][  0]LogTemp: Display: Module 'AndroidTargetPlatform' loaded TargetPlatform 'Android_PVRTCClient'
[2019.09.24-11.37.13:824][  0]LogTemp: Display: Module 'AndroidTargetPlatform' loaded TargetPlatform 'Android_Multi'
[2019.09.24-11.37.13:824][  0]LogTemp: Display: Module 'AndroidTargetPlatform' loaded TargetPlatform 'Android_MultiClient'
[2019.09.24-11.37.13:826][  0]LogTemp: Display: Module 'HTML5TargetPlatform' loaded TargetPlatform 'HTML5'
[2019.09.24-11.37.13:844][  0]LogTemp: Display: Module 'IOSTargetPlatform' loaded TargetPlatform 'IOSClient'
[2019.09.24-11.37.13:844][  0]LogTemp: Display: Module 'IOSTargetPlatform' loaded TargetPlatform 'IOS'
[2019.09.24-11.37.13:862][  0]LogTemp: Display: Module 'TVOSTargetPlatform' loaded TargetPlatform 'TVOSClient'
[2019.09.24-11.37.13:862][  0]LogTemp: Display: Module 'TVOSTargetPlatform' loaded TargetPlatform 'TVOS'
[2019.09.24-11.37.13:870][  0]LogTemp: Display: Module 'LinuxClientTargetPlatform' loaded TargetPlatform 'LinuxClient'
[2019.09.24-11.37.13:878][  0]LogTemp: Display: Module 'LinuxNoEditorTargetPlatform' loaded TargetPlatform 'LinuxNoEditor'
[2019.09.24-11.37.13:886][  0]LogTemp: Display: Module 'LinuxServerTargetPlatform' loaded TargetPlatform 'LinuxServer'
[2019.09.24-11.37.13:895][  0]LogTemp: Display: Module 'LinuxTargetPlatform' loaded TargetPlatform 'Linux'
[2019.09.24-11.37.13:922][  0]LogTemp: Display: Module 'LuminTargetPlatform' loaded TargetPlatform 'Lumin'
[2019.09.24-11.37.13:922][  0]LogTemp: Display: Module 'LuminTargetPlatform' loaded TargetPlatform 'LuminClient'
[2019.09.24-11.37.13:922][  0]LogTargetPlatformManager: Display: Building Assets For Windows
[2019.09.24-11.37.13:930][  0]LogAudioDebug: Display: Lib vorbis DLL was dynamically loaded.
[2019.09.24-11.37.13:974][  0]LogShaderCompilers: Guid format shader working directory is -3 characters bigger than the processId version (../../../../../../Documents/Game-Physics/Physics/Intermediate/Shaders/WorkingDirectory/15624/).
[2019.09.24-11.37.13:975][  0]LogShaderCompilers: Cleaned the shader compiler working directory 'C:/Users/Jacob/AppData/Local/Temp/UnrealShaderWorkingDir/D35A306A421598ECCEB62AA1A0625B0A/'.
[2019.09.24-11.37.13:977][  0]LogShaderCompilers: Display: Using XGE Shader Compiler (Interception Interface).
[2019.09.24-11.37.14:619][  0]LogDerivedDataCache: Display: Max Cache Size: 512 MB
[2019.09.24-11.37.14:665][  0]LogDerivedDataCache: Loaded boot cache 0.05s 73MB C:/Users/Jacob/AppData/Local/UnrealEngine/4.23/DerivedDataCache/Boot.ddc.
[2019.09.24-11.37.14:665][  0]LogDerivedDataCache: Display: Loaded Boot cache: C:/Users/Jacob/AppData/Local/UnrealEngine/4.23/DerivedDataCache/Boot.ddc
[2019.09.24-11.37.14:665][  0]LogDerivedDataCache: FDerivedDataBackendGraph:  Pak pak cache file ../../../../../../Documents/Game-Physics/Physics/DerivedDataCache/DDC.ddp not found, will not use a pak cache.
[2019.09.24-11.37.14:666][  0]LogDerivedDataCache: Unable to find inner node Pak for hierarchical cache Hierarchy.
[2019.09.24-11.37.14:666][  0]LogDerivedDataCache: FDerivedDataBackendGraph:  CompressedPak pak cache file ../../../../../../Documents/Game-Physics/Physics/DerivedDataCache/Compressed.ddp not found, will not use a pak cache.
[2019.09.24-11.37.14:666][  0]LogDerivedDataCache: Unable to find inner node CompressedPak for hierarchical cache Hierarchy.
[2019.09.24-11.37.14:679][  0]LogDerivedDataCache: Display: Pak cache opened for reading ../../../Engine/DerivedDataCache/Compressed.ddp.
[2019.09.24-11.37.14:679][  0]LogDerivedDataCache: FDerivedDataBackendGraph:  EnterprisePak pak cache file ../../../Enterprise/DerivedDataCache/Compressed.ddp not found, will not use a pak cache.
[2019.09.24-11.37.14:679][  0]LogDerivedDataCache: Unable to find inner node EnterprisePak for hierarchical cache Hierarchy.
[2019.09.24-11.37.14:681][  0]LogDerivedDataCache: Using Local data cache path C:/Users/Jacob/AppData/Local/UnrealEngine/Common/DerivedDataCache: Writable
[2019.09.24-11.37.14:681][  0]LogDerivedDataCache: Shared data cache path not found in *engine.ini, will not use an Shared cache.
[2019.09.24-11.37.14:681][  0]LogDerivedDataCache: Unable to find inner node Shared for hierarchical cache Hierarchy.
[2019.09.24-11.37.14:703][  0]LogMaterial: Verifying Global Shaders for PCD3D_SM5
[2019.09.24-11.37.14:707][  0]LogSlate: Using FreeType 2.6.0
[2019.09.24-11.37.14:707][  0]LogSlate: SlateFontServices - WITH_FREETYPE: 1, WITH_HARFBUZZ: 1
[2019.09.24-11.37.14:765][  0]LogAssetRegistry: FAssetRegistry took 0.0025 seconds to start up
[2019.09.24-11.37.15:072][  0]LogInit: Selected Device Profile: [Windows]
[2019.09.24-11.37.15:216][  0]LogMeshReduction: Using QuadricMeshReduction for automatic static mesh reduction
[2019.09.24-11.37.15:216][  0]LogMeshReduction: Using SimplygonMeshReduction for automatic skeletal mesh reduction
[2019.09.24-11.37.15:216][  0]LogMeshReduction: Using ProxyLODMeshReduction for automatic mesh merging
[2019.09.24-11.37.15:217][  0]LogMeshReduction: No distributed automatic mesh merging module available
[2019.09.24-11.37.15:217][  0]LogMeshMerging: No distributed automatic mesh merging module available
[2019.09.24-11.37.15:226][  0]LogNetVersion: Physics 1.0.0, NetCL: 8386587, EngineNetVer: 11, GameNetVer: 0 (Checksum: 2715820292)
[2019.09.24-11.37.15:689][  0]LogPackageLocalizationCache: Processed 12 localized package path(s) for 1 prioritized culture(s) in 0.079067 seconds
[2019.09.24-11.37.15:698][  0]LogUObjectArray: 43444 objects as part of root set at end of initial load.
[2019.09.24-11.37.15:698][  0]LogUObjectAllocator: 7548648 out of 0 bytes used by permanent object pool.
[2019.09.24-11.37.15:698][  0]LogUObjectArray: CloseDisregardForGC: 0/0 objects in disregard for GC pool
[2019.09.24-11.37.16:598][  0]LogTcpMessaging: Initializing TcpMessaging bridge
[2019.09.24-11.37.16:602][  0]LogUdpMessaging: Initializing bridge on interface 0.0.0.0:0 to multicast group 230.0.0.1:6666.
[2019.09.24-11.37.16:864][  0]SourceControl: Source control is disabled
[2019.09.24-11.37.16:864][  0]SourceControl: Source control is disabled
[2019.09.24-11.37.16:865][  0]SourceControl: Source control is disabled
[2019.09.24-11.37.16:866][  0]SourceControl: Source control is disabled
[2019.09.24-11.37.16:960][  0]LogAndroidPermission: UAndroidPermissionCallbackProxy::GetInstance
[2019.09.24-11.37.17:086][  0]LogOcInput: OculusInput pre-init called
[2019.09.24-11.37.17:094][  0]LogWindows: Failed to load 'OVRPlugin.dll' (GetLastError=126)
[2019.09.24-11.37.17:094][  0]LogWindows: File 'OVRPlugin.dll' does not exist
[2019.09.24-11.37.17:208][  0]LogEngine: Initializing Engine...
[2019.09.24-11.37.17:209][  0]LogHMD: Failed to initialize OpenVR with code 110
[2019.09.24-11.37.17:210][  0]LogStats: UGameplayTagsManager::InitializeManager -  0.000 s
[2019.09.24-11.37.17:456][  0]LogInit: Initializing FReadOnlyCVARCache
[2019.09.24-11.37.17:469][  0]LogAIModule: Creating AISystem for world Untitled
[2019.09.24-11.37.17:489][  0]LogInit: XAudio2 using 'Speakers (High Definition Audio Device)' : 2 channels at 44.1 kHz using 16 bits per sample (channel mask 0x3)
[2019.09.24-11.37.17:517][  0]LogInit: FAudioDevice initialized.
[2019.09.24-11.37.17:517][  0]LogNetVersion: Set ProjectVersion to 1.0.0.0. Version Checksum will be recalculated on next use.
[2019.09.24-11.37.17:606][  0]LogDerivedDataCache: Saved boot cache 0.09s 73MB C:/Users/Jacob/AppData/Local/UnrealEngine/4.23/DerivedDataCache/Boot.ddc.
[2019.09.24-11.37.17:615][  0]LogInit: Texture streaming: Enabled
[2019.09.24-11.37.17:632][  0]LogEngineSessionManager: EngineSessionManager initialized
[2019.09.24-11.37.17:684][  0]LogInit: Transaction tracking system initialized
[2019.09.24-11.37.17:711][  0]BlueprintLog: New page: Editor Load
[2019.09.24-11.37.17:774][  0]LocalizationService: Localization service is disabled
[2019.09.24-11.37.18:053][  0]LogFileCache: Scanning file cache for directory 'D:/Documents/Game-Physics/Physics/Content/' took 0.00s
[2019.09.24-11.37.18:053][  0]LogCook: Display: Max memory allowance for cook 16384mb min free memory 0mb
[2019.09.24-11.37.18:053][  0]LogCook: Display: Mobile HDR setting 1
[2019.09.24-11.37.18:234][  0]SourceControl: Source control is disabled
[2019.09.24-11.37.18:235][  0]Cmd: MAP LOAD FILE="../../../Engine/Content/Maps/Templates/Template_Default.umap" TEMPLATE=1 SHOWPROGRESS=1 FEATURELEVEL=3
[2019.09.24-11.37.18:235][  0]LightingResults: New page: Lighting Build
[2019.09.24-11.37.18:237][  0]LogWorld: UWorld::CleanupWorld for Untitled, bSessionEnded=true, bCleanupResources=true
[2019.09.24-11.37.18:237][  0]MapCheck: New page: Map Check
[2019.09.24-11.37.18:237][  0]LightingResults: New page: Lighting Build
[2019.09.24-11.37.18:279][  0]LogUObjectHash: Compacting FUObjectHashTables data took   1.90ms
[2019.09.24-11.37.18:360][  0]LogAIModule: Creating AISystem for world Untitled_1
[2019.09.24-11.37.18:364][  0]LogEditorServer: Finished looking for orphan Actors (0.000 secs)
[2019.09.24-11.37.18:408][  0]LogUObjectHash: Compacting FUObjectHashTables data took   2.19ms
[2019.09.24-11.37.18:408][  0]Cmd: MAP CHECKDEP NOCLEARLOG
[2019.09.24-11.37.18:409][  0]MapCheck: Map check complete: 0 Error(s), 0 Warning(s), took 0.133ms to complete.
[2019.09.24-11.37.18:409][  0]LogFileHelpers: Loading map 'Template_Default' took 0.173
[2019.09.24-11.37.19:597][  0]LogSlate: Updating window title bar state: overlay mode, drag disabled, window buttons hidden, title bar hidden
[2019.09.24-11.37.19:703][  0]LogSlate: Updating window title bar state: overlay mode, drag disabled, window buttons hidden, title bar hidden
[2019.09.24-11.37.19:712][  0]LogSlate: Updating window title bar state: overlay mode, drag disabled, window buttons hidden, title bar hidden
[2019.09.24-11.37.19:721][  0]LogSlate: Updating window title bar state: overlay mode, drag disabled, window buttons hidden, title bar hidden
[2019.09.24-11.37.19:872][  0]LogCollectionManager: Loaded 0 collections in 0.001121 seconds
[2019.09.24-11.37.20:133][  0]LogFileCache: Scanning file cache for directory 'D:/Documents/Game-Physics/Physics/Saved/Collections/' took 0.00s
[2019.09.24-11.37.20:133][  0]LogFileCache: Scanning file cache for directory 'D:/Documents/Game-Physics/Physics/Content/Developers/Jacob/Collections/' took 0.00s
[2019.09.24-11.37.20:133][  0]LogFileCache: Scanning file cache for directory 'D:/Documents/Game-Physics/Physics/Content/Collections/' took 0.00s
[2019.09.24-11.37.20:133][  0]LogCollectionManager: Rebuilt the GUID cache for 0 collections in 0.000002 seconds
[2019.09.24-11.37.20:145][  0]LogContentBrowser: Native class hierarchy populated in 0.0113 seconds. Added 2872 classes and 685 folders.
[2019.09.24-11.37.20:348][  0]LogContentBrowser: Native class hierarchy updated for 'WidgetCarousel' in 0.0004 seconds. Added 0 classes and 0 folders.
[2019.09.24-11.37.21:320][  0]LogContentBrowser: Native class hierarchy updated for 'AddContentDialog' in 0.0004 seconds. Added 0 classes and 0 folders.
[2019.09.24-11.37.21:393][  0]LogContentBrowser: Native class hierarchy updated for 'SceneOutliner' in 0.0004 seconds. Added 1 classes and 2 folders.
[2019.09.24-11.37.21:663][  0]LogSlate: Took 0.000204 seconds to synchronously load lazily loaded font '../../../Engine/Content/Slate/Fonts/Roboto-Regular.ttf' (155K)
[2019.09.24-11.37.21:678][  0]LogSlate: Took 0.000161 seconds to synchronously load lazily loaded font '../../../Engine/Content/Slate/Fonts/Roboto-Bold.ttf' (160K)
[2019.09.24-11.37.21:713][  0]LogSlate: Took 0.010651 seconds to synchronously load lazily loaded font '../../../Engine/Content/Editor/Slate/Fonts/FontAwesome.ttf' (139K)
[2019.09.24-11.37.22:014][  0]LogRenderer: Reallocating scene render targets to support 1084x600 Format 10 NumSamples 1 (Frame:1).
[2019.09.24-11.37.22:223][  0]LogSlate: Took 0.053970 seconds to synchronously load lazily loaded font '../../../Engine/Content/Slate/Fonts/Roboto-Light.ttf' (167K)
[2019.09.24-11.37.22:312][  0]LogContentBrowser: Native class hierarchy updated for 'HierarchicalLODOutliner' in 0.0004 seconds. Added 0 classes and 0 folders.
[2019.09.24-11.37.22:312][  0]LogLoad: (Engine Initialization) Total time: 10.73 seconds
[2019.09.24-11.37.22:312][  0]LogLoad: (Engine Initialization) Total Blueprint compile time: 0.00 seconds
[2019.09.24-11.37.22:405][  0]LogContentStreaming: Texture pool size now 1000 MB
[2019.09.24-11.37.22:838][  6]LogAssetRegistry: Asset discovery search completed in 8.0744 seconds
[2019.09.24-11.37.22:842][  6]LogCollectionManager: Rebuilt the object cache for 0 collections in 0.000005 seconds (found 0 objects)
[2019.09.24-11.37.22:842][  6]LogCollectionManager: Fixed up redirectors for 0 collections in 0.000058 seconds (updated 0 objects)
[2019.09.24-11.37.31:384][ 14]LogEditorViewport: Clicking on Actor (LMB): StaticMeshActor (Floor)
[2019.09.24-11.37.40:821][ 63]LogSlate: FSceneViewport::OnFocusLost() reason 0
[2019.09.24-11.37.41:008][ 85]LogSlate: Took 0.000207 seconds to synchronously load lazily loaded font '../../../Engine/Content/Slate/Fonts/Roboto-Light.ttf' (167K)
[2019.09.24-11.37.41:015][ 85]LogAssetEditorManager: Opening Asset editor for Class /Script/Physics.Particle2D
[2019.09.24-11.38.07:134][107]LogClass: Warning: Property NewVar_0 of NewVar_0 has a struct type mismatch (tag Vector != prop Matrix) in package:  FObjectReader. If that struct got renamed, add an entry to ActiveStructRedirects.
[2019.09.24-11.38.07:136][107]LogLinker: Warning: While loading '../../../../../../Documents/Game-Physics/Physics/Content/Levels/lab3.umap' failed to load '/Game/Levels/lab3_BuiltData': Can't find file.
[2019.09.24-11.38.07:136][107]LogLinker: Warning: While loading '../../../../../../Documents/Game-Physics/Physics/Content/Levels/lab3.umap' failed to load '/Game/Levels/lab3_BuiltData': Can't find file.
[2019.09.24-11.38.07:137][107]LogLinker: Warning: While loading '../../../../../../Documents/Game-Physics/Physics/Content/Levels/lab3.umap' failed to load '/Game/Levels/lab3_BuiltData': Can't find file.
[2019.09.24-11.38.07:137][107]LogLinker: Warning: While loading '../../../../../../Documents/Game-Physics/Physics/Content/Levels/lab3.umap' failed to load '/Game/Levels/lab3_BuiltData': Can't find file.
[2019.09.24-11.38.07:138][107]LogLinker: Warning: Failed to load '/Game/Levels/lab3_BuiltData': Can't find file.
[2019.09.24-11.38.07:138][107]LogLinker: Warning: Failed to load '/Game/Levels/lab3_BuiltData': Can't find file.
[2019.09.24-11.38.07:138][107]LogLinker: Warning: Failed to load '/Game/Levels/lab3_BuiltData': Can't find file.
[2019.09.24-11.38.07:138][107]LogLinker: Warning: Failed to load '/Game/Levels/lab3_BuiltData': Can't find file.
[2019.09.24-11.38.07:140][107]LogLinker: Warning: While loading '../../../../../../Documents/Game-Physics/Physics/Content/Levels/lab3.umap' failed to load '/Game/Levels/lab3_BuiltData': Can't find file.
[2019.09.24-11.38.07:140][107]LoadErrors: Failed to load /Game/Levels/lab3_BuiltData.lab3_BuiltData Referenced by PersistentLevel
[2019.09.24-11.38.07:140][107]LogLinker: Warning: While loading '../../../../../../Documents/Game-Physics/Physics/Content/Levels/lab3.umap' failed to load '/Game/Levels/lab3_BuiltData': Can't find file.
[2019.09.24-11.38.07:290][107]LogAIModule: Creating AISystem for world lab3
[2019.09.24-11.38.07:294][107]LogAssetEditorManager: Opening Asset editor for World /Game/Levels/lab3.lab3
[2019.09.24-11.38.07:585][107]LogUObjectHash: Compacting FUObjectHashTables data took   2.26ms
[2019.09.24-11.38.07:586][107]Cmd: MAP LOAD FILE="../../../../../../Documents/Game-Physics/Physics/Content/Levels/lab3.umap" TEMPLATE=0 SHOWPROGRESS=1 FEATURELEVEL=3
[2019.09.24-11.38.07:588][107]LightingResults: New page: Lighting Build
[2019.09.24-11.38.07:588][107]LoadErrors: New page: Loading map: lab3.umap
[2019.09.24-11.38.07:589][107]LogWorld: UWorld::CleanupWorld for Untitled_1, bSessionEnded=true, bCleanupResources=true
[2019.09.24-11.38.07:686][107]MapCheck: New page: Map Check
[2019.09.24-11.38.07:686][107]LightingResults: New page: Lighting Build
[2019.09.24-11.38.07:730][107]LogUObjectHash: Compacting FUObjectHashTables data took   1.94ms
[2019.09.24-11.38.08:120][107]LogEditorServer: Finished looking for orphan Actors (0.000 secs)
[2019.09.24-11.38.08:163][107]LogUObjectHash: Compacting FUObjectHashTables data took   1.84ms
[2019.09.24-11.38.08:178][107]Cmd: MAP CHECKDEP NOCLEARLOG
[2019.09.24-11.38.08:178][107]MapCheck: Map check complete: 0 Error(s), 0 Warning(s), took 0.106ms to complete.
[2019.09.24-11.38.08:178][107]LogFileHelpers: Loading map 'lab3' took 0.593
[2019.09.24-11.49.23:826][880]Candidate modules for hot reload:
[2019.09.24-11.49.23:826][880]  Physics
[2019.09.24-11.49.23:826][880]Launching UnrealBuildTool... [D:/ProgramFiles/Epic Games/UE_4.23/Engine/Binaries/DotNET/UnrealBuildTool.exe  -ModuleWithSuffix=Physics,6600 Win64 Development -TargetType=Editor -Project="D:/Documents/Game-Physics/Physics/Physics.uproject" "D:/Documents/Game-Physics/Physics/Physics.uproject"  -IgnoreJunk]
[2019.09.24-11.49.23:827][880]Warning: Starting HotReload took  0.0s.
[2019.09.24-11.49.36:849][433]CompilerResultsLog: New page: Compilation - Sep 24, 2019, 3:49:36 AM
[2019.09.24-11.49.36:849][433]CompilerResultsLog: Using 'git status' to determine working set for adaptive non-unity build (D:\Documents\Game-Physics).
[2019.09.24-11.49.36:849][433]CompilerResultsLog: Parsing headers for PhysicsEditor
[2019.09.24-11.49.36:849][433]CompilerResultsLog:   Running UnrealHeaderTool "D:\Documents\Game-Physics\Physics\Physics.uproject" "D:\Documents\Game-Physics\Physics\Intermediate\Build\Win64\PhysicsEditor\Development\PhysicsEditor.uhtmanifest" -LogCmds="loginit warning, logexit warning, logdatabase error" -Unattended -WarningsAsErrors -installed
[2019.09.24-11.49.36:849][433]CompilerResultsLog: Error: D:/Documents/Game-Physics/Physics/Source/Physics/Particle2D.h(58)  : Error: Unrecognized type 'SHAPES' - type must be a UCLASS, USTRUCT or UENUM
[2019.09.24-11.49.36:849][433]LogMainFrame: MainFrame: Module compiling took 13.048 seconds
[2019.09.24-11.49.36:855][433]Warning: HotReload failed, recompile failed
[2019.09.24-11.51.33:873][481]Candidate modules for hot reload:
[2019.09.24-11.51.33:873][481]  Physics
[2019.09.24-11.51.33:874][481]Launching UnrealBuildTool... [D:/ProgramFiles/Epic Games/UE_4.23/Engine/Binaries/DotNET/UnrealBuildTool.exe  -ModuleWithSuffix=Physics,1052 Win64 Development -TargetType=Editor -Project="D:/Documents/Game-Physics/Physics/Physics.uproject" "D:/Documents/Game-Physics/Physics/Physics.uproject"  -IgnoreJunk]
[2019.09.24-11.51.33:875][481]Warning: Starting HotReload took  0.0s.
[2019.09.24-11.51.41:246][358]CompilerResultsLog: New page: Compilation - Sep 24, 2019, 3:51:41 AM
[2019.09.24-11.51.41:246][358]CompilerResultsLog: Using 'git status' to determine working set for adaptive non-unity build (D:\Documents\Game-Physics).
[2019.09.24-11.51.41:246][358]CompilerResultsLog: Parsing headers for PhysicsEditor
[2019.09.24-11.51.41:246][358]CompilerResultsLog:   Running UnrealHeaderTool "D:\Documents\Game-Physics\Physics\Physics.uproject" "D:\Documents\Game-Physics\Physics\Intermediate\Build\Win64\PhysicsEditor\Development\PhysicsEditor.uhtmanifest" -LogCmds="loginit warning, logexit warning, logdatabase error" -Unattended -WarningsAsErrors -installed
[2019.09.24-11.51.41:246][358]CompilerResultsLog: Error: D:/Documents/Game-Physics/Physics/Source/Physics/Particle2D.h(51)  : Error: 'Enum' is not allowed here
[2019.09.24-11.51.41:246][358]LogMainFrame: MainFrame: Module compiling took 7.376 seconds
[2019.09.24-11.51.41:246][358]Warning: HotReload failed, recompile failed
[2019.09.24-11.54.12:653][351]Candidate modules for hot reload:
[2019.09.24-11.54.12:653][351]  Physics
[2019.09.24-11.54.12:653][351]Launching UnrealBuildTool... [D:/ProgramFiles/Epic Games/UE_4.23/Engine/Binaries/DotNET/UnrealBuildTool.exe  -ModuleWithSuffix=Physics,8200 Win64 Development -TargetType=Editor -Project="D:/Documents/Game-Physics/Physics/Physics.uproject" "D:/Documents/Game-Physics/Physics/Physics.uproject"  -IgnoreJunk]
[2019.09.24-11.54.12:654][351]Warning: Starting HotReload took  0.0s.
[2019.09.24-11.54.19:943][223]CompilerResultsLog: New page: Compilation - Sep 24, 2019, 3:54:19 AM
[2019.09.24-11.54.19:943][223]CompilerResultsLog: Using 'git status' to determine working set for adaptive non-unity build (D:\Documents\Game-Physics).
[2019.09.24-11.54.19:943][223]CompilerResultsLog: Parsing headers for PhysicsEditor
[2019.09.24-11.54.19:943][223]CompilerResultsLog:   Running UnrealHeaderTool "D:\Documents\Game-Physics\Physics\Physics.uproject" "D:\Documents\Game-Physics\Physics\Intermediate\Build\Win64\PhysicsEditor\Development\PhysicsEditor.uhtmanifest" -LogCmds="loginit warning, logexit warning, logdatabase error" -Unattended -WarningsAsErrors -installed
[2019.09.24-11.54.19:943][223]CompilerResultsLog: Error: D:/Documents/Game-Physics/Physics/Source/Physics/Particle2D.h(13)  : Error: Invalid BlueprintType enum base - currently only uint8 supported
[2019.09.24-11.54.19:944][223]LogMainFrame: MainFrame: Module compiling took 7.295 seconds
[2019.09.24-11.54.19:944][223]Warning: HotReload failed, recompile failed
[2019.09.24-11.54.27:890][173]LogVSAccessor: Couldn't get item operations. Visual Studio may still be initializing.
[2019.09.24-11.55.52:772][926]Candidate modules for hot reload:
[2019.09.24-11.55.52:772][926]  Physics
[2019.09.24-11.55.52:772][926]Launching UnrealBuildTool... [D:/ProgramFiles/Epic Games/UE_4.23/Engine/Binaries/DotNET/UnrealBuildTool.exe  -ModuleWithSuffix=Physics,1632 Win64 Development -TargetType=Editor -Project="D:/Documents/Game-Physics/Physics/Physics.uproject" "D:/Documents/Game-Physics/Physics/Physics.uproject"  -IgnoreJunk]
[2019.09.24-11.55.52:773][926]Warning: Starting HotReload took  0.0s.
[2019.09.24-11.58.37:756][717]CompilerResultsLog: New page: Compilation - Sep 24, 2019, 3:58:37 AM
[2019.09.24-11.58.37:756][717]CompilerResultsLog: Using 'git status' to determine working set for adaptive non-unity build (D:\Documents\Game-Physics).
[2019.09.24-11.58.37:756][717]CompilerResultsLog: Parsing headers for PhysicsEditor
[2019.09.24-11.58.37:756][717]CompilerResultsLog:   Running UnrealHeaderTool "D:\Documents\Game-Physics\Physics\Physics.uproject" "D:\Documents\Game-Physics\Physics\Intermediate\Build\Win64\PhysicsEditor\Development\PhysicsEditor.uhtmanifest" -LogCmds="loginit warning, logexit warning, logdatabase error" -Unattended -WarningsAsErrors -installed
[2019.09.24-11.58.37:756][717]CompilerResultsLog: Reflection code generated for PhysicsEditor in 6.6683232 seconds
[2019.09.24-11.58.37:756][717]CompilerResultsLog: Using Visual Studio 2017 14.16.27023 toolchain (D:\ProgramFiles\VisualStudio2017\VC\Tools\MSVC\14.16.27023) and Windows 10.0.16299.0 SDK (C:\Program Files (x86)\Windows Kits\10).
[2019.09.24-11.58.37:756][717]CompilerResultsLog: Distributing 14 actions to XGE
[2019.09.24-11.58.37:756][717]CompilerResultsLog: --------------------Build System Warning---------------------------------------
[2019.09.24-11.58.37:756][717]CompilerResultsLog: License is invalid:
[2019.09.24-11.58.37:756][717]CompilerResultsLog:     License information is invalid. Please try reloading your license file using the Coordinator Monitor application on the Coordinator machine, or reinstall IncrediBuild.
[2019.09.24-11.58.37:756][717]CompilerResultsLog:     This build will run in standalone mode.
[2019.09.24-11.58.37:756][717]CompilerResultsLog: 
[2019.09.24-11.58.37:757][717]CompilerResultsLog: -------------------------------------------------------------------------------
[2019.09.24-11.58.37:757][717]CompilerResultsLog: --------------------Project: Default-------------------------------------------
[2019.09.24-11.58.37:757][717]CompilerResultsLog: Rod2D.gen.cpp (1:50.39 at +0:00)
[2019.09.24-11.58.37:757][717]CompilerResultsLog: Ring2D.gen.cpp (0:01.56 at +1:50)
[2019.09.24-11.58.37:757][717]CompilerResultsLog: Rectangle2D.gen.cpp (0:06.31 at +1:52)
[2019.09.24-11.58.37:757][717]CompilerResultsLog: Physics.init.gen.cpp (0:01.29 at +1:58)
[2019.09.24-11.58.37:757][717]CompilerResultsLog: Particle2D.gen.cpp (0:06.93 at +1:59)
[2019.09.24-11.58.37:757][717]CompilerResultsLog: Circle2D.gen.cpp (0:01.57 at +2:06)
[2019.09.24-11.58.37:757][717]CompilerResultsLog: Ring2D.cpp (0:00.98 at +2:08)
[2019.09.24-11.58.37:757][717]CompilerResultsLog: Rectangle2D.cpp (0:00.84 at +2:09)
[2019.09.24-11.58.37:757][717]CompilerResultsLog: Particle2D.cpp (0:22.32 at +2:10)
[2019.09.24-11.58.37:757][717]CompilerResultsLog: Circle2D.cpp (0:00.75 at +2:32)
[2019.09.24-11.58.37:757][717]CompilerResultsLog: Rod2D.cpp (0:00.75 at +2:33)
[2019.09.24-11.58.37:757][717]CompilerResultsLog: UE4Editor-Physics-1632.dll (0:02.34 at +2:34)
[2019.09.24-11.58.37:757][717]CompilerResultsLog:    Creating library D:\Documents\Game-Physics\Physics\Intermediate\Build\Win64\UE4Editor\Development\Physics\UE4Editor-Physics-1632.suppressed.lib and object D:\Documents\Game-Physics\Physics\Intermediate\Build\Win64\UE4Editor\Development\Physics\UE4Editor-Physics-1632.suppressed.exp
[2019.09.24-11.58.37:757][717]CompilerResultsLog: UE4Editor-Physics-1632.lib (0:00.18 at +2:36)
[2019.09.24-11.58.37:757][717]CompilerResultsLog:    Creating library D:\Documents\Game-Physics\Physics\Intermediate\Build\Win64\UE4Editor\Development\Physics\UE4Editor-Physics-1632.lib and object D:\Documents\Game-Physics\Physics\Intermediate\Build\Win64\UE4Editor\Development\Physics\UE4Editor-Physics-1632.exp
[2019.09.24-11.58.37:757][717]CompilerResultsLog: PhysicsEditor.target (0:00.18 at +2:36)
[2019.09.24-11.58.37:757][717]CompilerResultsLog: ---------------------- Done ----------------------
[2019.09.24-11.58.37:757][717]CompilerResultsLog: 
[2019.09.24-11.58.37:757][717]CompilerResultsLog:     Rebuild All: 1 succeeded, 0 failed, 0 skipped
[2019.09.24-11.58.37:757][717]CompilerResultsLog: 
[2019.09.24-11.58.37:757][717]CompilerResultsLog: 1 build system warning(s):
[2019.09.24-11.58.37:757][717]CompilerResultsLog:    - License is invalid
[2019.09.24-11.58.37:757][717]CompilerResultsLog: 
[2019.09.24-11.58.37:757][717]CompilerResultsLog: Total time in XGE executor: 156.99 seconds
[2019.09.24-11.58.37:757][717]CompilerResultsLog: Total execution time: 164.89 seconds
[2019.09.24-11.58.37:757][717]LogMainFrame: MainFrame: Module compiling took 164.989 seconds
[2019.09.24-11.58.37:798][717]LogUObjectHash: Compacting FUObjectHashTables data took   0.89ms
[2019.09.24-11.58.37:802][717]LogClass: Could not find existing class Circle2D in package /Script/Physics for HotReload, assuming new class
[2019.09.24-11.58.37:802][717]LogClass: Could not find existing class Particle2D in package /Script/Physics for HotReload, assuming new class
[2019.09.24-11.58.37:802][717]LogClass: Function AddForce is new.
[2019.09.24-11.58.37:803][717]LogClass: Function applyTorque is new.
[2019.09.24-11.58.37:803][717]LogClass: Function GetMass is new.
[2019.09.24-11.58.37:803][717]LogClass: Function SetMass is new.
[2019.09.24-11.58.37:803][717]LogClass: Function setMomentOfInertia is new.
[2019.09.24-11.58.37:803][717]LogClass: Function UpdateAcceleration is new.
[2019.09.24-11.58.37:803][717]LogClass: Function updateAngularAcceleration is new.
[2019.09.24-11.58.37:803][717]LogClass: Function updatePositionKinematic is new.
[2019.09.24-11.58.37:803][717]LogClass: Function updatePositionsExplicitEuler is new.
[2019.09.24-11.58.37:803][717]LogClass: Function updateRotationEulerExplicit is new.
[2019.09.24-11.58.37:803][717]LogClass: Function updateRotationKinematic is new.
[2019.09.24-11.58.37:806][717]LogClass: Could not find existing class Rectangle2D in package /Script/Physics for HotReload, assuming new class
[2019.09.24-11.58.37:806][717]LogClass: Could not find existing class Ring2D in package /Script/Physics for HotReload, assuming new class
[2019.09.24-11.58.37:806][717]LogClass: Could not find existing class Rod2D in package /Script/Physics for HotReload, assuming new class
[2019.09.24-11.58.37:806][717]LogClass: Could not find existing type SHAPES for HotReload. Assuming new
[2019.09.24-11.58.37:811][717]LogHotReload: Re-instancing Circle2D after hot-reload.
[2019.09.24-11.58.38:020][717]LogHotReload: Re-instancing Particle2D after hot-reload.
[2019.09.24-11.58.38:256][717]LogHotReload: Re-instancing Rectangle2D after hot-reload.
[2019.09.24-11.58.38:359][717]LogHotReload: Re-instancing Ring2D after hot-reload.
[2019.09.24-11.58.38:464][717]LogHotReload: Re-instancing Rod2D after hot-reload.
[2019.09.24-11.58.38:565][717]LogContentBrowser: Native class hierarchy updated for 'Physics' in 0.0004 seconds. Added 7 classes and 2 folders.
[2019.09.24-11.58.38:568][717]Display: HotReload successful (8 functions remapped  0 scriptstructs remapped)
[2019.09.24-11.58.38:648][717]LogUObjectHash: Compacting FUObjectHashTables data took   2.23ms
[2019.09.24-11.58.38:663][717]LogContentBrowser: Native class hierarchy populated in 0.0099 seconds. Added 2873 classes and 687 folders.
[2019.09.24-11.58.38:682][717]Display: HotReload took 165.9s.
[2019.09.24-12.02.22:349][554]LogHttp: Warning: 000001166003BD80: invalid HTTP response code received. URL: https://datarouter.ol.epicgames.com/datarouter/api/v1/public/data?SessionID=%7BADE7F15E-4F94-BB2A-7E76-5288BC53D857%7D&AppID=UEEditor.Rocket.Release&AppVersion=4.23.0-8386587%2B%2B%2BUE4%2BRelease-4.23&UserID=a3430fa24730a9bb39ff1bbc41a57938%7Cdc101fb1d3ae47d7bcc97e56b3254568%7Ccbb7f027-0350-49e0-8f03-0710fbb53921&AppEnvironment=datacollector-binary&UploadType=eteventstream, HTTP code: 0, content length: -1, actual payload size: 0
[2019.09.24-12.02.22:349][554]LogHttp: Warning: 000001166003BD80: request failed, libcurl error: 0 (No error)
[2019.09.24-12.02.22:349][554]LogHttp: Warning: 000001166003BD80: libcurl info message cache 0 (Found bundle for host datarouter.ol.epicgames.com: 0x1160e82ff70 [can pipeline])
[2019.09.24-12.02.22:349][554]LogHttp: Warning: 000001166003BD80: libcurl info message cache 1 (Re-using existing connection! (#13) with host datarouter.ol.epicgames.com)
[2019.09.24-12.02.22:349][554]LogHttp: Warning: 000001166003BD80: libcurl info message cache 2 (Connected to datarouter.ol.epicgames.com (52.203.204.201) port 443 (#13))
[2019.09.24-12.02.22:349][554]LogHttp: Warning: 000001166003BD80: libcurl info message cache 3 (We are completely uploaded and fine)
[2019.09.24-12.02.22:349][554]LogHttp: Warning: 000001166003BD80: libcurl info message cache 4 (TLSv1.2 (IN), TLS alert, Client hello (1):)
[2019.09.24-12.02.22:349][554]LogHttp: Warning: 000001166003BD80: libcurl info message cache 5 (Connection died, retrying a fresh connect)
[2019.09.24-12.02.22:349][554]LogHttp: Warning: 000001166003BD80: libcurl info message cache 6 (necessary data rewind wasn't possible)
[2019.09.24-12.02.22:349][554]LogHttp: Warning: 000001166003BD80: libcurl info message cache 7 (Closing connection 13)
[2019.09.24-12.02.22:349][554]LogHttp: Warning: 000001166003BD80: libcurl info message cache 8 (TLSv1.2 (OUT), TLS alert, Client hello (1):)
[2019.09.24-12.02.22:350][554]LogHttp: Warning: Retry exhausted on https://datarouter.ol.epicgames.com/datarouter/api/v1/public/data?SessionID=%7BADE7F15E-4F94-BB2A-7E76-5288BC53D857%7D&AppID=UEEditor.Rocket.Release&AppVersion=4.23.0-8386587%2B%2B%2BUE4%2BRelease-4.23&UserID=a3430fa24730a9bb39ff1bbc41a57938%7Cdc101fb1d3ae47d7bcc97e56b3254568%7Ccbb7f027-0350-49e0-8f03-0710fbb53921&AppEnvironment=datacollector-binary&UploadType=eteventstream
[2019.09.24-12.07.05:256][234]Candidate modules for hot reload:
[2019.09.24-12.07.05:256][234]  Physics
[2019.09.24-12.07.05:256][234]Launching UnrealBuildTool... [D:/ProgramFiles/Epic Games/UE_4.23/Engine/Binaries/DotNET/UnrealBuildTool.exe  -ModuleWithSuffix=Physics,1400 Win64 Development -TargetType=Editor -Project="D:/Documents/Game-Physics/Physics/Physics.uproject" "D:/Documents/Game-Physics/Physics/Physics.uproject"  -IgnoreJunk]
[2019.09.24-12.07.05:258][234]Warning: Starting HotReload took  0.0s.
[2019.09.24-12.07.14:908][386]CompilerResultsLog: New page: Compilation - Sep 24, 2019, 4:07:14 AM
[2019.09.24-12.07.14:908][386]CompilerResultsLog: Using 'git status' to determine working set for adaptive non-unity build (D:\Documents\Game-Physics).
[2019.09.24-12.07.14:908][386]CompilerResultsLog: Parsing headers for PhysicsEditor
[2019.09.24-12.07.14:908][386]CompilerResultsLog:   Running UnrealHeaderTool "D:\Documents\Game-Physics\Physics\Physics.uproject" "D:\Documents\Game-Physics\Physics\Intermediate\Build\Win64\PhysicsEditor\Development\PhysicsEditor.uhtmanifest" -LogCmds="loginit warning, logexit warning, logdatabase error" -Unattended -WarningsAsErrors -installed
[2019.09.24-12.07.14:908][386]CompilerResultsLog: Reflection code generated for PhysicsEditor in 6.6516843 seconds
[2019.09.24-12.07.14:908][386]CompilerResultsLog: Using Visual Studio 2017 14.16.27023 toolchain (D:\ProgramFiles\VisualStudio2017\VC\Tools\MSVC\14.16.27023) and Windows 10.0.16299.0 SDK (C:\Program Files (x86)\Windows Kits\10).
[2019.09.24-12.07.14:908][386]CompilerResultsLog: Distributing 3 actions to XGE
[2019.09.24-12.07.14:908][386]CompilerResultsLog: --------------------Build System Warning---------------------------------------
[2019.09.24-12.07.14:908][386]CompilerResultsLog: License is invalid:
[2019.09.24-12.07.14:908][386]CompilerResultsLog:     License information is invalid. Please try reloading your license file using the Coordinator Monitor application on the Coordinator machine, or reinstall IncrediBuild.
[2019.09.24-12.07.14:908][386]CompilerResultsLog:     This build will run in standalone mode.
[2019.09.24-12.07.14:908][386]CompilerResultsLog: 
[2019.09.24-12.07.14:908][386]CompilerResultsLog: -------------------------------------------------------------------------------
[2019.09.24-12.07.14:908][386]CompilerResultsLog: --------------------Project: Default-------------------------------------------
[2019.09.24-12.07.14:908][386]CompilerResultsLog: UE4Editor-Physics-1400.dll (0:01.26 at +0:00)
[2019.09.24-12.07.14:908][386]CompilerResultsLog:    Creating library D:\Documents\Game-Physics\Physics\Intermediate\Build\Win64\UE4Editor\Development\Physics\UE4Editor-Physics-1400.suppressed.lib and object D:\Documents\Game-Physics\Physics\Intermediate\Build\Win64\UE4Editor\Development\Physics\UE4Editor-Physics-1400.suppressed.exp
[2019.09.24-12.07.14:908][386]CompilerResultsLog: UE4Editor-Physics-1400.lib (0:00.29 at +0:01)
[2019.09.24-12.07.14:908][386]CompilerResultsLog:    Creating library D:\Documents\Game-Physics\Physics\Intermediate\Build\Win64\UE4Editor\Development\Physics\UE4Editor-Physics-1400.lib and object D:\Documents\Game-Physics\Physics\Intermediate\Build\Win64\UE4Editor\Development\Physics\UE4Editor-Physics-1400.exp
[2019.09.24-12.07.14:908][386]CompilerResultsLog: PhysicsEditor.target (0:00.17 at +0:01)
[2019.09.24-12.07.14:908][386]CompilerResultsLog: ---------------------- Done ----------------------
[2019.09.24-12.07.14:908][386]CompilerResultsLog: 
[2019.09.24-12.07.14:908][386]CompilerResultsLog:     Rebuild All: 1 succeeded, 0 failed, 0 skipped
[2019.09.24-12.07.14:908][386]CompilerResultsLog: 
[2019.09.24-12.07.14:908][386]CompilerResultsLog: 1 build system warning(s):
[2019.09.24-12.07.14:908][386]CompilerResultsLog:    - License is invalid
[2019.09.24-12.07.14:908][386]CompilerResultsLog: 
[2019.09.24-12.07.14:908][386]CompilerResultsLog: Total time in XGE executor: 1.96 seconds
[2019.09.24-12.07.14:908][386]CompilerResultsLog: Total execution time: 9.56 seconds
[2019.09.24-12.07.14:908][386]LogMainFrame: MainFrame: Module compiling took 9.656 seconds
[2019.09.24-12.07.14:949][386]LogUObjectHash: Compacting FUObjectHashTables data took   0.91ms
[2019.09.24-12.07.14:963][386]LogClass: SHAPES HotReload.
[2019.09.24-12.07.14:967][386]LogContentBrowser: Native class hierarchy updated for 'Physics' in 0.0004 seconds. Added 7 classes and 2 folders.
[2019.09.24-12.07.14:971][386]Display: HotReload successful (19 functions remapped  0 scriptstructs remapped)
[2019.09.24-12.07.15:045][386]LogUObjectHash: Compacting FUObjectHashTables data took   1.33ms
[2019.09.24-12.07.15:060][386]LogContentBrowser: Native class hierarchy populated in 0.0103 seconds. Added 2873 classes and 687 folders.
[2019.09.24-12.07.15:060][386]Display: HotReload took  9.8s.
