Log file open, 09/15/19 20:27:39
LogWindows: Failed to load 'aqProf.dll' (GetLastError=126)
LogWindows: File 'aqProf.dll' does not exist
LogWindows: Failed to load 'VtuneApi.dll' (GetLastError=126)
LogWindows: File 'VtuneApi.dll' does not exist
LogWindows: Failed to load 'VtuneApi32e.dll' (GetLastError=126)
LogWindows: File 'VtuneApi32e.dll' does not exist
LogConsoleResponse: Display: Failed to find resolution value strings in scalability ini. Falling back to default.
LogInit: Display: Running engine for game: Physics
LogPlatformFile: Not using cached read wrapper
LogTaskGraph: Started task graph with 5 named threads and 47 total threads with 3 sets of task threads.
LogStats: Stats thread started at 0.176676
LogD3D11RHI: Loaded GFSDK_Aftermath_Lib.x64.dll
LogICUInternationalization: ICU TimeZone Detection - Raw Offset: -5:00, Platform Override: ''
LogPluginManager: Mounting plugin Paper2D
LogPluginManager: Mounting plugin AISupport
LogPluginManager: Mounting plugin LightPropagationVolume
LogPluginManager: Mounting plugin ActorLayerUtilities
LogPluginManager: Mounting plugin AnimationSharing
LogPluginManager: Mounting plugin CLionSourceCodeAccess
LogPluginManager: Mounting plugin CodeLiteSourceCodeAccess
LogPluginManager: Mounting plugin GitSourceControl
LogPluginManager: Mounting plugin KDevelopSourceCodeAccess
LogPluginManager: Mounting plugin NullSourceCodeAccess
LogPluginManager: Mounting plugin PerforceSourceControl
LogPluginManager: Mounting plugin SubversionSourceControl
LogPluginManager: Mounting plugin UObjectPlugin
LogPluginManager: Mounting plugin VisualStudioCodeSourceCodeAccess
LogPluginManager: Mounting plugin VisualStudioSourceCodeAccess
LogPluginManager: Mounting plugin XCodeSourceCodeAccess
LogPluginManager: Mounting plugin AssetManagerEditor
LogPluginManager: Mounting plugin CryptoKeys
LogPluginManager: Mounting plugin CurveEditorTools
LogPluginManager: Mounting plugin DataValidation
LogPluginManager: Mounting plugin FacialAnimation
LogPluginManager: Mounting plugin GameplayTagsEditor
LogPluginManager: Mounting plugin MacGraphicsSwitching
LogPluginManager: Mounting plugin MaterialAnalyzer
LogPluginManager: Mounting plugin MobileLauncherProfileWizard
LogPluginManager: Mounting plugin PluginBrowser
LogPluginManager: Mounting plugin SpeedTreeImporter
LogPluginManager: Mounting plugin DatasmithContent
LogPluginManager: Mounting plugin VariantManagerContent
LogPluginManager: Mounting plugin AlembicImporter
LogPluginManager: Mounting plugin AutomationUtils
LogPluginManager: Mounting plugin BackChannel
LogPluginManager: Mounting plugin CharacterAI
LogPluginManager: Mounting plugin GeometryCache
LogPluginManager: Mounting plugin HTML5Networking
LogPluginManager: Mounting plugin PlatformCrypto
LogPluginManager: Mounting plugin ProxyLODPlugin
LogPluginManager: Mounting plugin SkeletalReduction
LogPluginManager: Mounting plugin MagicLeap
LogPluginManager: Mounting plugin MagicLeapMedia
LogPluginManager: Mounting plugin AndroidMedia
LogPluginManager: Mounting plugin AvfMedia
LogPluginManager: Mounting plugin ImgMedia
LogPluginManager: Mounting plugin MediaCompositing
LogPluginManager: Mounting plugin MediaPlayerEditor
LogPluginManager: Mounting plugin WebMMedia
LogPluginManager: Mounting plugin WmfMedia
LogPluginManager: Mounting plugin TcpMessaging
LogPluginManager: Mounting plugin UdpMessaging
LogPluginManager: Mounting plugin ActorSequence
LogPluginManager: Mounting plugin LevelSequenceEditor
LogPluginManager: Mounting plugin MatineeToLevelSequence
LogPluginManager: Mounting plugin NetcodeUnitTest
LogPluginManager: Mounting plugin NUTUnrealEngine4
LogPluginManager: Mounting plugin OnlineSubsystemGooglePlay
LogPluginManager: Mounting plugin OnlineSubsystemIOS
LogPluginManager: Mounting plugin OnlineSubsystem
LogPluginManager: Mounting plugin OnlineSubsystemNull
LogPluginManager: Mounting plugin OnlineSubsystemUtils
LogPluginManager: Mounting plugin LauncherChunkInstaller
LogPluginManager: Mounting plugin AndroidDeviceProfileSelector
LogPluginManager: Mounting plugin AndroidMoviePlayer
LogPluginManager: Mounting plugin AndroidPermission
LogPluginManager: Mounting plugin AppleImageUtils
LogPluginManager: Mounting plugin AppleMoviePlayer
LogPluginManager: Mounting plugin ArchVisCharacter
LogPluginManager: Mounting plugin AudioCapture
LogPluginManager: Mounting plugin CableComponent
LogPluginManager: Mounting plugin CustomMeshComponent
LogPluginManager: Mounting plugin EditableMesh
LogPluginManager: Mounting plugin ExampleDeviceProfileSelector
LogPluginManager: Mounting plugin GoogleCloudMessaging
LogPluginManager: Mounting plugin IOSDeviceProfileSelector
LogPluginManager: Mounting plugin LinuxDeviceProfileSelector
LogPluginManager: Mounting plugin LocationServicesBPLibrary
LogPluginManager: Mounting plugin MobilePatchingUtils
LogPluginManager: Mounting plugin OculusVR
LogPluginManager: Mounting plugin PhysXVehicles
LogPluginManager: Mounting plugin ProceduralMeshComponent
LogPluginManager: Mounting plugin RuntimePhysXCooking
LogPluginManager: Mounting plugin SignificanceManager
LogPluginManager: Mounting plugin SteamVR
LogPluginManager: Mounting plugin WebMMoviePlayer
LogPluginManager: Mounting plugin WindowsMoviePlayer
LogPluginManager: Mounting plugin ScreenshotTools
LogInit: Using libcurl 7.55.1-DEV
LogInit:  - built for x86_64-pc-win32
LogInit:  - supports SSL with OpenSSL/1.1.1
LogInit:  - supports HTTP deflate (compression) using libz 1.2.8
LogInit:  - other features:
LogInit:      CURL_VERSION_SSL
LogInit:      CURL_VERSION_LIBZ
LogInit:      CURL_VERSION_IPV6
LogInit:      CURL_VERSION_ASYNCHDNS
LogInit:      CURL_VERSION_LARGEFILE
LogInit:      CURL_VERSION_IDN
LogInit:  CurlRequestOptions (configurable via config and command line):
LogInit:  - bVerifyPeer = true  - Libcurl will verify peer certificate
LogInit:  - bUseHttpProxy = false  - Libcurl will NOT use HTTP proxy
LogInit:  - bDontReuseConnections = false  - Libcurl will reuse connections
LogInit:  - MaxHostConnections = 16  - Libcurl will limit the number of connections to a host
LogInit:  - LocalHostAddr = Default
LogInit:  - BufferSize = 65536
LogOnline: OSS: Creating online subsystem instance for: NULL
LogInit: WinSock: version 1.1 (2.2), MaxSocks=32767, MaxUdp=65467
LogInit: Build: ++UE4+Release-4.23-CL-8386587
LogInit: Engine Version: 4.23.0-8386587+++UE4+Release-4.23
LogInit: Compatible Engine Version: 4.23.0-8386587+++UE4+Release-4.23
LogInit: Net CL: 8386587
LogInit: OS: Windows 10 (Release 1903) (), CPU: AMD Ryzen 7 1700X Eight-Core Processor         , GPU: NVIDIA GeForce GTX 1080
LogInit: Compiled (64-bit): Aug 31 2019 02:04:44
LogInit: Compiled with Visual C++: 19.16.27030.01
LogInit: Build Configuration: Development
LogInit: Branch Name: ++UE4+Release-4.23
LogInit: Command Line:  -skipcompile
LogInit: Base Directory: D:/ProgramFiles/Epic Games/UE_4.23/Engine/Binaries/Win64/
LogInit: Installed Engine Build: 1
LogDevObjectVersion: Number of dev versions registered: 23
LogDevObjectVersion:   Dev-Blueprints (B0D832E4-1F89-4F0D-ACCF-7EB736FD4AA2): 10
LogDevObjectVersion:   Dev-Build (E1C64328-A22C-4D53-A36C-8E866417BD8C): 0
LogDevObjectVersion:   Dev-Core (375EC13C-06E4-48FB-B500-84F0262A717E): 3
LogDevObjectVersion:   Dev-Editor (E4B068ED-F494-42E9-A231-DA0B2E46BB41): 34
LogDevObjectVersion:   Dev-Framework (CFFC743F-43B0-4480-9391-14DF171D2073): 35
LogDevObjectVersion:   Dev-Mobile (B02B49B5-BB20-44E9-A304-32B752E40360): 2
LogDevObjectVersion:   Dev-Networking (A4E4105C-59A1-49B5-A7C5-40C4547EDFEE): 0
LogDevObjectVersion:   Dev-Online (39C831C9-5AE6-47DC-9A44-9C173E1C8E7C): 0
LogDevObjectVersion:   Dev-Physics (78F01B33-EBEA-4F98-B9B4-84EACCB95AA2): 0
LogDevObjectVersion:   Dev-Platform (6631380F-2D4D-43E0-8009-CF276956A95A): 0
LogDevObjectVersion:   Dev-Rendering (12F88B9F-8875-4AFC-A67C-D90C383ABD29): 31
LogDevObjectVersion:   Dev-Sequencer (7B5AE74C-D270-4C10-A958-57980B212A5A): 11
LogDevObjectVersion:   Dev-VR (D7296918-1DD6-4BDD-9DE2-64A83CC13884): 2
LogDevObjectVersion:   Dev-LoadTimes (C2A15278-BFE7-4AFE-6C17-90FF531DF755): 1
LogDevObjectVersion:   Private-Geometry (6EACA3D4-40EC-4CC1-B786-8BED09428FC5): 3
LogDevObjectVersion:   Dev-AnimPhys (29E575DD-E0A3-4627-9D10-D276232CDCEA): 17
LogDevObjectVersion:   Dev-Anim (AF43A65D-7FD3-4947-9873-3E8ED9C1BB05): 2
LogDevObjectVersion:   Dev-ReflectionCapture (6B266CEC-1EC7-4B8F-A30B-E4D90942FC07): 1
LogDevObjectVersion:   Dev-Automation (0DF73D61-A23F-47EA-B727-89E90C41499A): 1
LogDevObjectVersion:   FortniteMain (601D1886-AC64-4F84-AA16-D3DE0DEAC7D6): 27
LogDevObjectVersion:   Dev-Enterprise (9DFFBCD6-494F-0158-E221-12823C92A888): 6
LogDevObjectVersion:   Dev-Niagara (F2AED0AC-9AFE-416F-8664-AA7FFA26D6FC): 1
LogDevObjectVersion:   Dev-Destruction (174F1F0B-B4C6-45A5-B13F-2EE8D0FB917D): 9
LogInit: Presizing for max 16777216 objects, including 0 objects not considered by GC, pre-allocating 0 bytes for permanent pool.
LogInit: Object subsystem initialized
LogConfig: Setting CVar [[con.DebugEarlyDefault:1]]
LogConfig: Setting CVar [[r.setres:1280x720]]
[2019.09.16-00.27.39:400][  0]LogConfig: Setting CVar [[r.VSync:0]]
[2019.09.16-00.27.39:400][  0]LogConfig: Setting CVar [[r.RHICmdBypass:0]]
[2019.09.16-00.27.39:401][  0]LogConfig: Applying CVar settings from Section [/Script/Engine.RendererSettings] File [D:/Documents/Game-Physics/Physics/Saved/Config/Windows/Engine.ini]
[2019.09.16-00.27.39:401][  0]LogConfig: Setting CVar [[r.GPUCrashDebugging:0]]
[2019.09.16-00.27.39:401][  0]LogConfig: Applying CVar settings from Section [/Script/Engine.RendererOverrideSettings] File [D:/Documents/Game-Physics/Physics/Saved/Config/Windows/Engine.ini]
[2019.09.16-00.27.39:401][  0]LogConfig: Applying CVar settings from Section [/Script/Engine.StreamingSettings] File [D:/Documents/Game-Physics/Physics/Saved/Config/Windows/Engine.ini]
[2019.09.16-00.27.39:401][  0]LogConfig: Setting CVar [[s.MinBulkDataSizeForAsyncLoading:131072]]
[2019.09.16-00.27.39:401][  0]LogConfig: Setting CVar [[s.AsyncLoadingThreadEnabled:0]]
[2019.09.16-00.27.39:401][  0]LogConfig: Setting CVar [[s.EventDrivenLoaderEnabled:1]]
[2019.09.16-00.27.39:401][  0]LogConfig: Setting CVar [[s.WarnIfTimeLimitExceeded:0]]
[2019.09.16-00.27.39:401][  0]LogConfig: Setting CVar [[s.TimeLimitExceededMultiplier:1.5]]
[2019.09.16-00.27.39:401][  0]LogConfig: Setting CVar [[s.TimeLimitExceededMinTime:0.005]]
[2019.09.16-00.27.39:401][  0]LogConfig: Setting CVar [[s.UseBackgroundLevelStreaming:1]]
[2019.09.16-00.27.39:401][  0]LogConfig: Setting CVar [[s.PriorityAsyncLoadingExtraTime:15.0]]
[2019.09.16-00.27.39:401][  0]LogConfig: Setting CVar [[s.LevelStreamingActorsUpdateTimeLimit:5.0]]
[2019.09.16-00.27.39:401][  0]LogConfig: Setting CVar [[s.PriorityLevelStreamingActorsUpdateExtraTime:5.0]]
[2019.09.16-00.27.39:401][  0]LogConfig: Setting CVar [[s.LevelStreamingComponentsRegistrationGranularity:10]]
[2019.09.16-00.27.39:401][  0]LogConfig: Setting CVar [[s.UnregisterComponentsTimeLimit:1.0]]
[2019.09.16-00.27.39:402][  0]LogConfig: Setting CVar [[s.LevelStreamingComponentsUnregistrationGranularity:5]]
[2019.09.16-00.27.39:402][  0]LogConfig: Applying CVar settings from Section [/Script/Engine.GarbageCollectionSettings] File [D:/Documents/Game-Physics/Physics/Saved/Config/Windows/Engine.ini]
[2019.09.16-00.27.39:402][  0]LogConfig: Setting CVar [[gc.MaxObjectsNotConsideredByGC:1]]
[2019.09.16-00.27.39:402][  0]LogConfig: Setting CVar [[gc.SizeOfPermanentObjectPool:0]]
[2019.09.16-00.27.39:402][  0]LogConfig: Setting CVar [[gc.FlushStreamingOnGC:0]]
[2019.09.16-00.27.39:402][  0]LogConfig: Setting CVar [[gc.NumRetriesBeforeForcingGC:10]]
[2019.09.16-00.27.39:402][  0]LogConfig: Setting CVar [[gc.AllowParallelGC:1]]
[2019.09.16-00.27.39:402][  0]LogConfig: Setting CVar [[gc.TimeBetweenPurgingPendingKillObjects:61.1]]
[2019.09.16-00.27.39:402][  0]LogConfig: Setting CVar [[gc.MaxObjectsInEditor:16777216]]
[2019.09.16-00.27.39:402][  0]LogConfig: Setting CVar [[gc.IncrementalBeginDestroyEnabled:1]]
[2019.09.16-00.27.39:402][  0]LogConfig: Setting CVar [[gc.CreateGCClusters:1]]
[2019.09.16-00.27.39:402][  0]LogConfig: Setting CVar [[gc.MinGCClusterSize:5]]
[2019.09.16-00.27.39:402][  0]LogConfig: Setting CVar [[gc.ActorClusteringEnabled:0]]
[2019.09.16-00.27.39:402][  0]LogConfig: Setting CVar [[gc.BlueprintClusteringEnabled:0]]
[2019.09.16-00.27.39:402][  0]LogConfig: Setting CVar [[gc.UseDisregardForGCOnDedicatedServers:0]]
[2019.09.16-00.27.39:402][  0]LogConfig: Applying CVar settings from Section [/Script/Engine.NetworkSettings] File [D:/Documents/Game-Physics/Physics/Saved/Config/Windows/Engine.ini]
[2019.09.16-00.27.39:402][  0]LogConfig: Applying CVar settings from Section [/Script/UnrealEd.CookerSettings] File [D:/Documents/Game-Physics/Physics/Saved/Config/Windows/Engine.ini]
[2019.09.16-00.27.39:413][  0]LogConfig: Applying CVar settings from Section [ViewDistanceQuality@3] File [D:/Documents/Game-Physics/Physics/Saved/Config/Windows/Scalability.ini]
[2019.09.16-00.27.39:413][  0]LogConfig: Setting CVar [[r.SkeletalMeshLODBias:0]]
[2019.09.16-00.27.39:413][  0]LogConfig: Setting CVar [[r.ViewDistanceScale:1.0]]
[2019.09.16-00.27.39:413][  0]LogConfig: Applying CVar settings from Section [AntiAliasingQuality@3] File [D:/Documents/Game-Physics/Physics/Saved/Config/Windows/Scalability.ini]
[2019.09.16-00.27.39:414][  0]LogConfig: Setting CVar [[r.PostProcessAAQuality:4]]
[2019.09.16-00.27.39:414][  0]LogConfig: Applying CVar settings from Section [ShadowQuality@3] File [D:/Documents/Game-Physics/Physics/Saved/Config/Windows/Scalability.ini]
[2019.09.16-00.27.39:414][  0]LogConfig: Setting CVar [[r.LightFunctionQuality:1]]
[2019.09.16-00.27.39:414][  0]LogConfig: Setting CVar [[r.ShadowQuality:5]]
[2019.09.16-00.27.39:414][  0]LogConfig: Setting CVar [[r.Shadow.CSM.MaxCascades:10]]
[2019.09.16-00.27.39:414][  0]LogConfig: Setting CVar [[r.Shadow.MaxResolution:2048]]
[2019.09.16-00.27.39:414][  0]LogConfig: Setting CVar [[r.Shadow.MaxCSMResolution:2048]]
[2019.09.16-00.27.39:414][  0]LogConfig: Setting CVar [[r.Shadow.RadiusThreshold:0.01]]
[2019.09.16-00.27.39:414][  0]LogConfig: Setting CVar [[r.Shadow.DistanceScale:1.0]]
[2019.09.16-00.27.39:414][  0]LogConfig: Setting CVar [[r.Shadow.CSM.TransitionScale:1.0]]
[2019.09.16-00.27.39:414][  0]LogConfig: Setting CVar [[r.Shadow.PreShadowResolutionFactor:1.0]]
[2019.09.16-00.27.39:414][  0]LogConfig: Setting CVar [[r.DistanceFieldShadowing:1]]
[2019.09.16-00.27.39:414][  0]LogConfig: Setting CVar [[r.DistanceFieldAO:1]]
[2019.09.16-00.27.39:414][  0]LogConfig: Setting CVar [[r.AOQuality:2]]
[2019.09.16-00.27.39:414][  0]LogConfig: Setting CVar [[r.VolumetricFog:1]]
[2019.09.16-00.27.39:414][  0]LogConfig: Setting CVar [[r.VolumetricFog.GridPixelSize:8]]
[2019.09.16-00.27.39:415][  0]LogConfig: Setting CVar [[r.VolumetricFog.GridSizeZ:128]]
[2019.09.16-00.27.39:415][  0]LogConfig: Setting CVar [[r.VolumetricFog.HistoryMissSupersampleCount:4]]
[2019.09.16-00.27.39:415][  0]LogConfig: Setting CVar [[r.LightMaxDrawDistanceScale:1]]
[2019.09.16-00.27.39:415][  0]LogConfig: Setting CVar [[r.CapsuleShadows:1]]
[2019.09.16-00.27.39:415][  0]LogConfig: Applying CVar settings from Section [PostProcessQuality@3] File [D:/Documents/Game-Physics/Physics/Saved/Config/Windows/Scalability.ini]
[2019.09.16-00.27.39:415][  0]LogConfig: Setting CVar [[r.MotionBlurQuality:4]]
[2019.09.16-00.27.39:415][  0]LogConfig: Setting CVar [[r.AmbientOcclusionMipLevelFactor:0.4]]
[2019.09.16-00.27.39:415][  0]LogConfig: Setting CVar [[r.AmbientOcclusionMaxQuality:100]]
[2019.09.16-00.27.39:415][  0]LogConfig: Setting CVar [[r.AmbientOcclusionLevels:-1]]
[2019.09.16-00.27.39:415][  0]LogConfig: Setting CVar [[r.AmbientOcclusionRadiusScale:1.0]]
[2019.09.16-00.27.39:415][  0]LogConfig: Setting CVar [[r.DepthOfFieldQuality:2]]
[2019.09.16-00.27.39:415][  0]LogConfig: Setting CVar [[r.RenderTargetPoolMin:400]]
[2019.09.16-00.27.39:415][  0]LogConfig: Setting CVar [[r.LensFlareQuality:2]]
[2019.09.16-00.27.39:415][  0]LogConfig: Setting CVar [[r.SceneColorFringeQuality:1]]
[2019.09.16-00.27.39:415][  0]LogConfig: Setting CVar [[r.EyeAdaptationQuality:2]]
[2019.09.16-00.27.39:415][  0]LogConfig: Setting CVar [[r.BloomQuality:5]]
[2019.09.16-00.27.39:415][  0]LogConfig: Setting CVar [[r.FastBlurThreshold:100]]
[2019.09.16-00.27.39:416][  0]LogConfig: Setting CVar [[r.Upscale.Quality:3]]
[2019.09.16-00.27.39:416][  0]LogConfig: Setting CVar [[r.Tonemapper.GrainQuantization:1]]
[2019.09.16-00.27.39:416][  0]LogConfig: Setting CVar [[r.LightShaftQuality:1]]
[2019.09.16-00.27.39:416][  0]LogConfig: Setting CVar [[r.Filter.SizeScale:1]]
[2019.09.16-00.27.39:416][  0]LogConfig: Setting CVar [[r.Tonemapper.Quality:5]]
[2019.09.16-00.27.39:416][  0]LogConfig: Setting CVar [[r.DOF.Gather.AccumulatorQuality:1        ; higher gathering accumulator quality]]
[2019.09.16-00.27.39:416][  0]LogConfig: Setting CVar [[r.DOF.Gather.PostfilterMethod:1          ; Median3x3 postfilering method]]
[2019.09.16-00.27.39:416][  0]LogConfig: Setting CVar [[r.DOF.Gather.EnableBokehSettings:0       ; no bokeh simulation when gathering]]
[2019.09.16-00.27.39:416][  0]LogConfig: Setting CVar [[r.DOF.Gather.RingCount:4                 ; medium number of samples when gathering]]
[2019.09.16-00.27.39:416][  0]LogConfig: Setting CVar [[r.DOF.Scatter.ForegroundCompositing:1    ; additive foreground scattering]]
[2019.09.16-00.27.39:416][  0]LogConfig: Setting CVar [[r.DOF.Scatter.BackgroundCompositing:2    ; additive background scattering]]
[2019.09.16-00.27.39:416][  0]LogConfig: Setting CVar [[r.DOF.Scatter.EnableBokehSettings:1      ; bokeh simulation when scattering]]
[2019.09.16-00.27.39:416][  0]LogConfig: Setting CVar [[r.DOF.Scatter.MaxSpriteRatio:0.1         ; only a maximum of 10% of scattered bokeh]]
[2019.09.16-00.27.39:416][  0]LogConfig: Setting CVar [[r.DOF.Recombine.Quality:1                ; cheap slight out of focus]]
[2019.09.16-00.27.39:416][  0]LogConfig: Setting CVar [[r.DOF.Recombine.EnableBokehSettings:0    ; no bokeh simulation on slight out of focus]]
[2019.09.16-00.27.39:416][  0]LogConfig: Setting CVar [[r.DOF.TemporalAAQuality:1                ; more stable temporal accumulation]]
[2019.09.16-00.27.39:416][  0]LogConfig: Setting CVar [[r.DOF.Kernel.MaxForegroundRadius:0.025]]
[2019.09.16-00.27.39:417][  0]LogConfig: Setting CVar [[r.DOF.Kernel.MaxBackgroundRadius:0.025]]
[2019.09.16-00.27.39:417][  0]LogConfig: Applying CVar settings from Section [TextureQuality@3] File [D:/Documents/Game-Physics/Physics/Saved/Config/Windows/Scalability.ini]
[2019.09.16-00.27.39:417][  0]LogConfig: Setting CVar [[r.Streaming.MipBias:0]]
[2019.09.16-00.27.39:417][  0]LogConfig: Setting CVar [[r.Streaming.AmortizeCPUToGPUCopy:0]]
[2019.09.16-00.27.39:417][  0]LogConfig: Setting CVar [[r.Streaming.MaxNumTexturesToStreamPerFrame:0]]
[2019.09.16-00.27.39:417][  0]LogConfig: Setting CVar [[r.Streaming.Boost:1]]
[2019.09.16-00.27.39:417][  0]LogConfig: Setting CVar [[r.MaxAnisotropy:8]]
[2019.09.16-00.27.39:417][  0]LogConfig: Setting CVar [[r.Streaming.LimitPoolSizeToVRAM:0]]
[2019.09.16-00.27.39:417][  0]LogConfig: Setting CVar [[r.Streaming.PoolSize:1000]]
[2019.09.16-00.27.39:417][  0]LogConfig: Setting CVar [[r.Streaming.MaxEffectiveScreenSize:0]]
[2019.09.16-00.27.39:417][  0]LogConfig: Applying CVar settings from Section [EffectsQuality@3] File [D:/Documents/Game-Physics/Physics/Saved/Config/Windows/Scalability.ini]
[2019.09.16-00.27.39:417][  0]LogConfig: Setting CVar [[r.TranslucencyLightingVolumeDim:64]]
[2019.09.16-00.27.39:417][  0]LogConfig: Setting CVar [[r.RefractionQuality:2]]
[2019.09.16-00.27.39:417][  0]LogConfig: Setting CVar [[r.SSR.Quality:3]]
[2019.09.16-00.27.39:417][  0]LogConfig: Setting CVar [[r.SceneColorFormat:4]]
[2019.09.16-00.27.39:417][  0]LogConfig: Setting CVar [[r.DetailMode:2]]
[2019.09.16-00.27.39:417][  0]LogConfig: Setting CVar [[r.TranslucencyVolumeBlur:1]]
[2019.09.16-00.27.39:418][  0]LogConfig: Setting CVar [[r.MaterialQualityLevel:1 ; High quality]]
[2019.09.16-00.27.39:418][  0]LogConfig: Setting CVar [[r.SSS.Scale:1]]
[2019.09.16-00.27.39:418][  0]LogConfig: Setting CVar [[r.SSS.SampleSet:2]]
[2019.09.16-00.27.39:418][  0]LogConfig: Setting CVar [[r.SSS.Quality:1]]
[2019.09.16-00.27.39:418][  0]LogConfig: Setting CVar [[r.SSS.HalfRes:1]]
[2019.09.16-00.27.39:418][  0]LogConfig: Setting CVar [[r.EmitterSpawnRateScale:1.0]]
[2019.09.16-00.27.39:418][  0]LogConfig: Setting CVar [[r.ParticleLightQuality:2]]
[2019.09.16-00.27.39:418][  0]LogConfig: Applying CVar settings from Section [FoliageQuality@3] File [D:/Documents/Game-Physics/Physics/Saved/Config/Windows/Scalability.ini]
[2019.09.16-00.27.39:418][  0]LogConfig: Setting CVar [[foliage.DensityScale:1.0]]
[2019.09.16-00.27.39:418][  0]LogConfig: Setting CVar [[grass.DensityScale:1.0]]
[2019.09.16-00.27.39:418][  0]LogInit: Selected Device Profile: [Windows]
[2019.09.16-00.27.39:418][  0]LogInit: Applying CVar settings loaded from the selected device profile: [Windows]
[2019.09.16-00.27.39:421][  0]LogHAL: Display: Platform has ~ 32 GB [34275889152 / 34359738368 / 32], which maps to Largest [LargestMinGB=32, LargerMinGB=12, DefaultMinGB=8, SmallerMinGB=6, SmallestMinGB=0)
[2019.09.16-00.27.39:421][  0]LogInit: Going up to parent DeviceProfile []
[2019.09.16-00.27.39:421][  0]LogConfig: Applying CVar settings from Section [ViewDistanceQuality@3] File [D:/Documents/Game-Physics/Physics/Saved/Config/Windows/Scalability.ini]
[2019.09.16-00.27.39:422][  0]LogConfig: Setting CVar [[r.SkeletalMeshLODBias:0]]
[2019.09.16-00.27.39:422][  0]LogConfig: Setting CVar [[r.ViewDistanceScale:1.0]]
[2019.09.16-00.27.39:422][  0]LogConfig: Applying CVar settings from Section [AntiAliasingQuality@3] File [D:/Documents/Game-Physics/Physics/Saved/Config/Windows/Scalability.ini]
[2019.09.16-00.27.39:422][  0]LogConfig: Setting CVar [[r.PostProcessAAQuality:4]]
[2019.09.16-00.27.39:422][  0]LogConfig: Applying CVar settings from Section [ShadowQuality@3] File [D:/Documents/Game-Physics/Physics/Saved/Config/Windows/Scalability.ini]
[2019.09.16-00.27.39:422][  0]LogConfig: Setting CVar [[r.LightFunctionQuality:1]]
[2019.09.16-00.27.39:422][  0]LogConfig: Setting CVar [[r.ShadowQuality:5]]
[2019.09.16-00.27.39:422][  0]LogConfig: Setting CVar [[r.Shadow.CSM.MaxCascades:10]]
[2019.09.16-00.27.39:422][  0]LogConfig: Setting CVar [[r.Shadow.MaxResolution:2048]]
[2019.09.16-00.27.39:422][  0]LogConfig: Setting CVar [[r.Shadow.MaxCSMResolution:2048]]
[2019.09.16-00.27.39:422][  0]LogConfig: Setting CVar [[r.Shadow.RadiusThreshold:0.01]]
[2019.09.16-00.27.39:422][  0]LogConfig: Setting CVar [[r.Shadow.DistanceScale:1.0]]
[2019.09.16-00.27.39:422][  0]LogConfig: Setting CVar [[r.Shadow.CSM.TransitionScale:1.0]]
[2019.09.16-00.27.39:422][  0]LogConfig: Setting CVar [[r.Shadow.PreShadowResolutionFactor:1.0]]
[2019.09.16-00.27.39:423][  0]LogConfig: Setting CVar [[r.DistanceFieldShadowing:1]]
[2019.09.16-00.27.39:423][  0]LogConfig: Setting CVar [[r.DistanceFieldAO:1]]
[2019.09.16-00.27.39:423][  0]LogConfig: Setting CVar [[r.AOQuality:2]]
[2019.09.16-00.27.39:423][  0]LogConfig: Setting CVar [[r.VolumetricFog:1]]
[2019.09.16-00.27.39:423][  0]LogConfig: Setting CVar [[r.VolumetricFog.GridPixelSize:8]]
[2019.09.16-00.27.39:423][  0]LogConfig: Setting CVar [[r.VolumetricFog.GridSizeZ:128]]
[2019.09.16-00.27.39:423][  0]LogConfig: Setting CVar [[r.VolumetricFog.HistoryMissSupersampleCount:4]]
[2019.09.16-00.27.39:423][  0]LogConfig: Setting CVar [[r.LightMaxDrawDistanceScale:1]]
[2019.09.16-00.27.39:423][  0]LogConfig: Setting CVar [[r.CapsuleShadows:1]]
[2019.09.16-00.27.39:423][  0]LogConfig: Applying CVar settings from Section [PostProcessQuality@3] File [D:/Documents/Game-Physics/Physics/Saved/Config/Windows/Scalability.ini]
[2019.09.16-00.27.39:423][  0]LogConfig: Setting CVar [[r.MotionBlurQuality:4]]
[2019.09.16-00.27.39:423][  0]LogConfig: Setting CVar [[r.AmbientOcclusionMipLevelFactor:0.4]]
[2019.09.16-00.27.39:424][  0]LogConfig: Setting CVar [[r.AmbientOcclusionMaxQuality:100]]
[2019.09.16-00.27.39:424][  0]LogConfig: Setting CVar [[r.AmbientOcclusionLevels:-1]]
[2019.09.16-00.27.39:424][  0]LogConfig: Setting CVar [[r.AmbientOcclusionRadiusScale:1.0]]
[2019.09.16-00.27.39:424][  0]LogConfig: Setting CVar [[r.DepthOfFieldQuality:2]]
[2019.09.16-00.27.39:424][  0]LogConfig: Setting CVar [[r.RenderTargetPoolMin:400]]
[2019.09.16-00.27.39:424][  0]LogConfig: Setting CVar [[r.LensFlareQuality:2]]
[2019.09.16-00.27.39:424][  0]LogConfig: Setting CVar [[r.SceneColorFringeQuality:1]]
[2019.09.16-00.27.39:424][  0]LogConfig: Setting CVar [[r.EyeAdaptationQuality:2]]
[2019.09.16-00.27.39:424][  0]LogConfig: Setting CVar [[r.BloomQuality:5]]
[2019.09.16-00.27.39:424][  0]LogConfig: Setting CVar [[r.FastBlurThreshold:100]]
[2019.09.16-00.27.39:424][  0]LogConfig: Setting CVar [[r.Upscale.Quality:3]]
[2019.09.16-00.27.39:424][  0]LogConfig: Setting CVar [[r.Tonemapper.GrainQuantization:1]]
[2019.09.16-00.27.39:424][  0]LogConfig: Setting CVar [[r.LightShaftQuality:1]]
[2019.09.16-00.27.39:425][  0]LogConfig: Setting CVar [[r.Filter.SizeScale:1]]
[2019.09.16-00.27.39:425][  0]LogConfig: Setting CVar [[r.Tonemapper.Quality:5]]
[2019.09.16-00.27.39:425][  0]LogConfig: Setting CVar [[r.DOF.Gather.AccumulatorQuality:1        ; higher gathering accumulator quality]]
[2019.09.16-00.27.39:425][  0]LogConfig: Setting CVar [[r.DOF.Gather.PostfilterMethod:1          ; Median3x3 postfilering method]]
[2019.09.16-00.27.39:425][  0]LogConfig: Setting CVar [[r.DOF.Gather.EnableBokehSettings:0       ; no bokeh simulation when gathering]]
[2019.09.16-00.27.39:425][  0]LogConfig: Setting CVar [[r.DOF.Gather.RingCount:4                 ; medium number of samples when gathering]]
[2019.09.16-00.27.39:425][  0]LogConfig: Setting CVar [[r.DOF.Scatter.ForegroundCompositing:1    ; additive foreground scattering]]
[2019.09.16-00.27.39:425][  0]LogConfig: Setting CVar [[r.DOF.Scatter.BackgroundCompositing:2    ; additive background scattering]]
[2019.09.16-00.27.39:425][  0]LogConfig: Setting CVar [[r.DOF.Scatter.EnableBokehSettings:1      ; bokeh simulation when scattering]]
[2019.09.16-00.27.39:425][  0]LogConfig: Setting CVar [[r.DOF.Scatter.MaxSpriteRatio:0.1         ; only a maximum of 10% of scattered bokeh]]
[2019.09.16-00.27.39:425][  0]LogConfig: Setting CVar [[r.DOF.Recombine.Quality:1                ; cheap slight out of focus]]
[2019.09.16-00.27.39:425][  0]LogConfig: Setting CVar [[r.DOF.Recombine.EnableBokehSettings:0    ; no bokeh simulation on slight out of focus]]
[2019.09.16-00.27.39:425][  0]LogConfig: Setting CVar [[r.DOF.TemporalAAQuality:1                ; more stable temporal accumulation]]
[2019.09.16-00.27.39:425][  0]LogConfig: Setting CVar [[r.DOF.Kernel.MaxForegroundRadius:0.025]]
[2019.09.16-00.27.39:425][  0]LogConfig: Setting CVar [[r.DOF.Kernel.MaxBackgroundRadius:0.025]]
[2019.09.16-00.27.39:425][  0]LogConfig: Applying CVar settings from Section [TextureQuality@3] File [D:/Documents/Game-Physics/Physics/Saved/Config/Windows/Scalability.ini]
[2019.09.16-00.27.39:426][  0]LogConfig: Setting CVar [[r.Streaming.MipBias:0]]
[2019.09.16-00.27.39:426][  0]LogConfig: Setting CVar [[r.Streaming.AmortizeCPUToGPUCopy:0]]
[2019.09.16-00.27.39:426][  0]LogConfig: Setting CVar [[r.Streaming.MaxNumTexturesToStreamPerFrame:0]]
[2019.09.16-00.27.39:426][  0]LogConfig: Setting CVar [[r.Streaming.Boost:1]]
[2019.09.16-00.27.39:426][  0]LogConfig: Setting CVar [[r.MaxAnisotropy:8]]
[2019.09.16-00.27.39:426][  0]LogConfig: Setting CVar [[r.Streaming.LimitPoolSizeToVRAM:0]]
[2019.09.16-00.27.39:426][  0]LogConfig: Setting CVar [[r.Streaming.PoolSize:1000]]
[2019.09.16-00.27.39:426][  0]LogConfig: Setting CVar [[r.Streaming.MaxEffectiveScreenSize:0]]
[2019.09.16-00.27.39:426][  0]LogConfig: Applying CVar settings from Section [EffectsQuality@3] File [D:/Documents/Game-Physics/Physics/Saved/Config/Windows/Scalability.ini]
[2019.09.16-00.27.39:426][  0]LogConfig: Setting CVar [[r.TranslucencyLightingVolumeDim:64]]
[2019.09.16-00.27.39:426][  0]LogConfig: Setting CVar [[r.RefractionQuality:2]]
[2019.09.16-00.27.39:426][  0]LogConfig: Setting CVar [[r.SSR.Quality:3]]
[2019.09.16-00.27.39:426][  0]LogConfig: Setting CVar [[r.SceneColorFormat:4]]
[2019.09.16-00.27.39:426][  0]LogConfig: Setting CVar [[r.DetailMode:2]]
[2019.09.16-00.27.39:426][  0]LogConfig: Setting CVar [[r.TranslucencyVolumeBlur:1]]
[2019.09.16-00.27.39:427][  0]LogConfig: Setting CVar [[r.MaterialQualityLevel:1 ; High quality]]
[2019.09.16-00.27.39:427][  0]LogConfig: Setting CVar [[r.SSS.Scale:1]]
[2019.09.16-00.27.39:427][  0]LogConfig: Setting CVar [[r.SSS.SampleSet:2]]
[2019.09.16-00.27.39:427][  0]LogConfig: Setting CVar [[r.SSS.Quality:1]]
[2019.09.16-00.27.39:427][  0]LogConfig: Setting CVar [[r.SSS.HalfRes:1]]
[2019.09.16-00.27.39:427][  0]LogConfig: Setting CVar [[r.EmitterSpawnRateScale:1.0]]
[2019.09.16-00.27.39:427][  0]LogConfig: Setting CVar [[r.ParticleLightQuality:2]]
[2019.09.16-00.27.39:427][  0]LogConfig: Applying CVar settings from Section [FoliageQuality@3] File [D:/Documents/Game-Physics/Physics/Saved/Config/Windows/Scalability.ini]
[2019.09.16-00.27.39:427][  0]LogConfig: Setting CVar [[foliage.DensityScale:1.0]]
[2019.09.16-00.27.39:427][  0]LogConfig: Setting CVar [[grass.DensityScale:1.0]]
[2019.09.16-00.27.39:427][  0]LogConfig: Applying CVar settings from Section [Startup] File [../../../Engine/Config/ConsoleVariables.ini]
[2019.09.16-00.27.39:428][  0]LogConfig: Setting CVar [[net.UseAdaptiveNetUpdateFrequency:0]]
[2019.09.16-00.27.39:428][  0]LogConfig: Setting CVar [[p.chaos.AllowCreatePhysxBodies:1]]
[2019.09.16-00.27.39:428][  0]LogConfig: Applying CVar settings from Section [ConsoleVariables] File [D:/Documents/Game-Physics/Physics/Saved/Config/Windows/Engine.ini]
[2019.09.16-00.27.39:428][  0]LogInit: Computer: DESKTOP-I7DPOQ4
[2019.09.16-00.27.39:428][  0]LogInit: User: Jacob
[2019.09.16-00.27.39:428][  0]LogInit: CPU Page size=4096, Cores=8
[2019.09.16-00.27.39:428][  0]LogInit: High frequency timer resolution =10.000000 MHz
[2019.09.16-00.27.39:428][  0]LogMemory: Memory total: Physical=31.9GB (32GB approx)
[2019.09.16-00.27.39:428][  0]LogMemory: Platform Memory Stats for Windows
[2019.09.16-00.27.39:429][  0]LogMemory: Process Physical Memory: 102.36 MB used, 102.37 MB peak
[2019.09.16-00.27.39:429][  0]LogMemory: Process Virtual Memory: 102.47 MB used, 102.47 MB peak
[2019.09.16-00.27.39:429][  0]LogMemory: Physical Memory: 7454.33 MB used,  25233.70 MB free, 32688.04 MB total
[2019.09.16-00.27.39:429][  0]LogMemory: Virtual Memory: 4703.05 MB used,  134213024.00 MB free, 134217728.00 MB total
[2019.09.16-00.27.39:439][  0]LogWindows: WindowsPlatformFeatures enabled
[2019.09.16-00.27.39:571][  0]LogInit: Using OS detected language (en-US).
[2019.09.16-00.27.39:571][  0]LogInit: Using OS detected locale (en-US).
[2019.09.16-00.27.39:572][  0]LogTextLocalizationManager: No specific localization for 'en-US' exists, so the 'en' localization will be used.
[2019.09.16-00.27.39:755][  0]LogInit: Setting process to per monitor DPI aware
[2019.09.16-00.27.39:837][  0]LogSlate: New Slate User Created.  User Index 0, Is Virtual User: 0
[2019.09.16-00.27.39:837][  0]LogSlate: Slate User Registered.  User Index 0, Is Virtual User: 0
[2019.09.16-00.27.40:030][  0]LogHMD: Failed to initialize OpenVR with code 110
[2019.09.16-00.27.40:030][  0]LogD3D11RHI: D3D11 adapters:
[2019.09.16-00.27.40:129][  0]LogD3D11RHI:    0. 'NVIDIA GeForce GTX 1080' (Feature Level 11_0)
[2019.09.16-00.27.40:129][  0]LogD3D11RHI:       8079/0/16344 MB DedicatedVideo/DedicatedSystem/SharedSystem, Outputs:2, VendorId:0x10de
[2019.09.16-00.27.40:137][  0]LogD3D11RHI:    1. 'Microsoft Basic Render Driver' (Feature Level 11_0)
[2019.09.16-00.27.40:137][  0]LogD3D11RHI:       0/0/16344 MB DedicatedVideo/DedicatedSystem/SharedSystem, Outputs:0, VendorId:0x1414
[2019.09.16-00.27.40:137][  0]LogD3D11RHI: Chosen D3D11 Adapter: 0
[2019.09.16-00.27.40:147][  0]LogD3D11RHI: Creating new Direct3DDevice
[2019.09.16-00.27.40:147][  0]LogD3D11RHI:     GPU DeviceId: 0x1b80 (for the marketing name, search the web for "GPU Device Id")
[2019.09.16-00.27.40:147][  0]LogWindows: EnumDisplayDevices:
[2019.09.16-00.27.40:147][  0]LogWindows:    0. 'NVIDIA GeForce GTX 1080' (P:1 D:1)
[2019.09.16-00.27.40:148][  0]LogWindows:    1. 'NVIDIA GeForce GTX 1080' (P:0 D:1)
[2019.09.16-00.27.40:148][  0]LogWindows:    2. 'NVIDIA GeForce GTX 1080' (P:0 D:0)
[2019.09.16-00.27.40:148][  0]LogWindows:    3. 'NVIDIA GeForce GTX 1080' (P:0 D:0)
[2019.09.16-00.27.40:149][  0]LogWindows: DebugString: FoundDriverCount:4 
[2019.09.16-00.27.40:149][  0]LogD3D11RHI:     Adapter Name: NVIDIA GeForce GTX 1080
[2019.09.16-00.27.40:149][  0]LogD3D11RHI:   Driver Version: 399.24 (internal:24.21.13.9924, unified:399.24)
[2019.09.16-00.27.40:149][  0]LogD3D11RHI:      Driver Date: 9-5-2018
[2019.09.16-00.27.40:149][  0]LogRHI: Texture pool is 5655 MB (70% of 8079 MB)
[2019.09.16-00.27.40:212][  0]LogD3D11RHI: Async texture creation enabled
[2019.09.16-00.27.40:229][  0]LogD3D11RHI: GPU Timing Frequency: 1000.000000 (Debug: 2 2)
[2019.09.16-00.27.40:560][  0]LogTemp: Display: Module 'AllDesktopTargetPlatform' loaded TargetPlatform 'AllDesktop'
[2019.09.16-00.27.40:575][  0]LogTemp: Display: Module 'MacClientTargetPlatform' loaded TargetPlatform 'MacClient'
[2019.09.16-00.27.40:588][  0]LogTemp: Display: Module 'MacNoEditorTargetPlatform' loaded TargetPlatform 'MacNoEditor'
[2019.09.16-00.27.40:600][  0]LogTemp: Display: Module 'MacServerTargetPlatform' loaded TargetPlatform 'MacServer'
[2019.09.16-00.27.40:615][  0]LogTemp: Display: Module 'MacTargetPlatform' loaded TargetPlatform 'Mac'
[2019.09.16-00.27.40:628][  0]LogTemp: Display: Module 'WindowsClientTargetPlatform' loaded TargetPlatform 'WindowsClient'
[2019.09.16-00.27.40:641][  0]LogTemp: Display: Module 'WindowsNoEditorTargetPlatform' loaded TargetPlatform 'WindowsNoEditor'
[2019.09.16-00.27.40:654][  0]LogTemp: Display: Module 'WindowsServerTargetPlatform' loaded TargetPlatform 'WindowsServer'
[2019.09.16-00.27.40:661][  0]LogTemp: Display: Module 'WindowsTargetPlatform' loaded TargetPlatform 'Windows'
[2019.09.16-00.27.40:701][  0]LogTemp: Display: Module 'AndroidTargetPlatform' loaded TargetPlatform 'Android'
[2019.09.16-00.27.40:701][  0]LogTemp: Display: Module 'AndroidTargetPlatform' loaded TargetPlatform 'Android_ASTC'
[2019.09.16-00.27.40:701][  0]LogTemp: Display: Module 'AndroidTargetPlatform' loaded TargetPlatform 'Android_ATC'
[2019.09.16-00.27.40:701][  0]LogTemp: Display: Module 'AndroidTargetPlatform' loaded TargetPlatform 'Android_DXT'
[2019.09.16-00.27.40:701][  0]LogTemp: Display: Module 'AndroidTargetPlatform' loaded TargetPlatform 'Android_ETC1'
[2019.09.16-00.27.40:701][  0]LogTemp: Display: Module 'AndroidTargetPlatform' loaded TargetPlatform 'Android_ETC1a'
[2019.09.16-00.27.40:701][  0]LogTemp: Display: Module 'AndroidTargetPlatform' loaded TargetPlatform 'Android_ETC2'
[2019.09.16-00.27.40:701][  0]LogTemp: Display: Module 'AndroidTargetPlatform' loaded TargetPlatform 'Android_PVRTC'
[2019.09.16-00.27.40:701][  0]LogTemp: Display: Module 'AndroidTargetPlatform' loaded TargetPlatform 'AndroidClient'
[2019.09.16-00.27.40:701][  0]LogTemp: Display: Module 'AndroidTargetPlatform' loaded TargetPlatform 'Android_ASTCClient'
[2019.09.16-00.27.40:701][  0]LogTemp: Display: Module 'AndroidTargetPlatform' loaded TargetPlatform 'Android_ATCClient'
[2019.09.16-00.27.40:701][  0]LogTemp: Display: Module 'AndroidTargetPlatform' loaded TargetPlatform 'Android_DXTClient'
[2019.09.16-00.27.40:702][  0]LogTemp: Display: Module 'AndroidTargetPlatform' loaded TargetPlatform 'Android_ETC1Client'
[2019.09.16-00.27.40:702][  0]LogTemp: Display: Module 'AndroidTargetPlatform' loaded TargetPlatform 'Android_ETC1aClient'
[2019.09.16-00.27.40:702][  0]LogTemp: Display: Module 'AndroidTargetPlatform' loaded TargetPlatform 'Android_ETC2Client'
[2019.09.16-00.27.40:702][  0]LogTemp: Display: Module 'AndroidTargetPlatform' loaded TargetPlatform 'Android_PVRTCClient'
[2019.09.16-00.27.40:702][  0]LogTemp: Display: Module 'AndroidTargetPlatform' loaded TargetPlatform 'Android_Multi'
[2019.09.16-00.27.40:702][  0]LogTemp: Display: Module 'AndroidTargetPlatform' loaded TargetPlatform 'Android_MultiClient'
[2019.09.16-00.27.40:708][  0]LogTemp: Display: Module 'HTML5TargetPlatform' loaded TargetPlatform 'HTML5'
[2019.09.16-00.27.40:739][  0]LogTemp: Display: Module 'IOSTargetPlatform' loaded TargetPlatform 'IOSClient'
[2019.09.16-00.27.40:739][  0]LogTemp: Display: Module 'IOSTargetPlatform' loaded TargetPlatform 'IOS'
[2019.09.16-00.27.40:759][  0]LogTemp: Display: Module 'TVOSTargetPlatform' loaded TargetPlatform 'TVOSClient'
[2019.09.16-00.27.40:760][  0]LogTemp: Display: Module 'TVOSTargetPlatform' loaded TargetPlatform 'TVOS'
[2019.09.16-00.27.40:771][  0]LogTemp: Display: Module 'LinuxClientTargetPlatform' loaded TargetPlatform 'LinuxClient'
[2019.09.16-00.27.40:785][  0]LogTemp: Display: Module 'LinuxNoEditorTargetPlatform' loaded TargetPlatform 'LinuxNoEditor'
[2019.09.16-00.27.40:798][  0]LogTemp: Display: Module 'LinuxServerTargetPlatform' loaded TargetPlatform 'LinuxServer'
[2019.09.16-00.27.40:810][  0]LogTemp: Display: Module 'LinuxTargetPlatform' loaded TargetPlatform 'Linux'
[2019.09.16-00.27.40:841][  0]LogTemp: Display: Module 'LuminTargetPlatform' loaded TargetPlatform 'Lumin'
[2019.09.16-00.27.40:841][  0]LogTemp: Display: Module 'LuminTargetPlatform' loaded TargetPlatform 'LuminClient'
[2019.09.16-00.27.40:841][  0]LogTargetPlatformManager: Display: Building Assets For Windows
[2019.09.16-00.27.40:871][  0]LogAudioDebug: Display: Lib vorbis DLL was dynamically loaded.
[2019.09.16-00.27.41:006][  0]LogShaderCompilers: Guid format shader working directory is -2 characters bigger than the processId version (../../../../../../Documents/Game-Physics/Physics/Intermediate/Shaders/WorkingDirectory/4008/).
[2019.09.16-00.27.41:006][  0]LogShaderCompilers: Cleaned the shader compiler working directory 'C:/Users/Jacob/AppData/Local/Temp/UnrealShaderWorkingDir/FBA95D2849D3C251AAD4A4A96304F093/'.
[2019.09.16-00.27.41:008][  0]LogXGEController: Cleaning working directory: C:/Users/Jacob/AppData/Local/Temp/UnrealXGEWorkingDir/
[2019.09.16-00.27.41:011][  0]LogShaderCompilers: Display: Using XGE Shader Compiler (Interception Interface).
[2019.09.16-00.27.41:642][  0]LogDerivedDataCache: Display: Max Cache Size: 512 MB
[2019.09.16-00.27.41:687][  0]LogDerivedDataCache: Loaded boot cache 0.05s 73MB C:/Users/Jacob/AppData/Local/UnrealEngine/4.23/DerivedDataCache/Boot.ddc.
[2019.09.16-00.27.41:687][  0]LogDerivedDataCache: Display: Loaded Boot cache: C:/Users/Jacob/AppData/Local/UnrealEngine/4.23/DerivedDataCache/Boot.ddc
[2019.09.16-00.27.41:687][  0]LogDerivedDataCache: FDerivedDataBackendGraph:  Pak pak cache file ../../../../../../Documents/Game-Physics/Physics/DerivedDataCache/DDC.ddp not found, will not use a pak cache.
[2019.09.16-00.27.41:688][  0]LogDerivedDataCache: Unable to find inner node Pak for hierarchical cache Hierarchy.
[2019.09.16-00.27.41:688][  0]LogDerivedDataCache: FDerivedDataBackendGraph:  CompressedPak pak cache file ../../../../../../Documents/Game-Physics/Physics/DerivedDataCache/Compressed.ddp not found, will not use a pak cache.
[2019.09.16-00.27.41:688][  0]LogDerivedDataCache: Unable to find inner node CompressedPak for hierarchical cache Hierarchy.
[2019.09.16-00.27.41:701][  0]LogDerivedDataCache: Display: Pak cache opened for reading ../../../Engine/DerivedDataCache/Compressed.ddp.
[2019.09.16-00.27.41:701][  0]LogDerivedDataCache: FDerivedDataBackendGraph:  EnterprisePak pak cache file ../../../Enterprise/DerivedDataCache/Compressed.ddp not found, will not use a pak cache.
[2019.09.16-00.27.41:701][  0]LogDerivedDataCache: Unable to find inner node EnterprisePak for hierarchical cache Hierarchy.
[2019.09.16-00.27.41:704][  0]LogDerivedDataCache: Using Local data cache path C:/Users/Jacob/AppData/Local/UnrealEngine/Common/DerivedDataCache: Writable
[2019.09.16-00.27.41:704][  0]LogDerivedDataCache: Shared data cache path not found in *engine.ini, will not use an Shared cache.
[2019.09.16-00.27.41:704][  0]LogDerivedDataCache: Unable to find inner node Shared for hierarchical cache Hierarchy.
[2019.09.16-00.27.41:727][  0]LogMaterial: Verifying Global Shaders for PCD3D_SM5
[2019.09.16-00.27.41:730][  0]LogSlate: Using FreeType 2.6.0
[2019.09.16-00.27.41:731][  0]LogSlate: SlateFontServices - WITH_FREETYPE: 1, WITH_HARFBUZZ: 1
[2019.09.16-00.27.41:795][  0]LogAssetRegistry: FAssetRegistry took 0.0046 seconds to start up
[2019.09.16-00.27.42:095][  0]LogInit: Selected Device Profile: [Windows]
[2019.09.16-00.27.42:284][  0]LogMeshReduction: Using QuadricMeshReduction for automatic static mesh reduction
[2019.09.16-00.27.42:284][  0]LogMeshReduction: Using SimplygonMeshReduction for automatic skeletal mesh reduction
[2019.09.16-00.27.42:284][  0]LogMeshReduction: Using ProxyLODMeshReduction for automatic mesh merging
[2019.09.16-00.27.42:284][  0]LogMeshReduction: No distributed automatic mesh merging module available
[2019.09.16-00.27.42:284][  0]LogMeshMerging: No distributed automatic mesh merging module available
[2019.09.16-00.27.42:294][  0]LogNetVersion: Physics 1.0.0, NetCL: 8386587, EngineNetVer: 11, GameNetVer: 0 (Checksum: 2715820292)
[2019.09.16-00.27.42:722][  0]LogPackageLocalizationCache: Processed 12 localized package path(s) for 1 prioritized culture(s) in 0.049111 seconds
[2019.09.16-00.27.42:732][  0]LogUObjectArray: 43444 objects as part of root set at end of initial load.
[2019.09.16-00.27.42:733][  0]LogUObjectAllocator: 7548648 out of 0 bytes used by permanent object pool.
[2019.09.16-00.27.42:733][  0]LogUObjectArray: CloseDisregardForGC: 0/0 objects in disregard for GC pool
[2019.09.16-00.27.43:856][  0]LogTcpMessaging: Initializing TcpMessaging bridge
[2019.09.16-00.27.43:864][  0]LogUdpMessaging: Initializing bridge on interface 0.0.0.0:0 to multicast group 230.0.0.1:6666.
[2019.09.16-00.27.44:005][  0]SourceControl: Source control is disabled
[2019.09.16-00.27.44:005][  0]SourceControl: Source control is disabled
[2019.09.16-00.27.44:010][  0]SourceControl: Source control is disabled
[2019.09.16-00.27.44:017][  0]SourceControl: Source control is disabled
[2019.09.16-00.27.44:243][  0]LogAndroidPermission: UAndroidPermissionCallbackProxy::GetInstance
[2019.09.16-00.27.44:479][  0]LogOcInput: OculusInput pre-init called
[2019.09.16-00.27.44:493][  0]LogWindows: Failed to load 'OVRPlugin.dll' (GetLastError=126)
[2019.09.16-00.27.44:493][  0]LogWindows: File 'OVRPlugin.dll' does not exist
[2019.09.16-00.27.44:596][  0]LogEngine: Initializing Engine...
[2019.09.16-00.27.44:597][  0]LogHMD: Failed to initialize OpenVR with code 110
[2019.09.16-00.27.44:599][  0]LogStats: UGameplayTagsManager::InitializeManager -  0.000 s
[2019.09.16-00.27.44:834][  0]LogInit: Initializing FReadOnlyCVARCache
[2019.09.16-00.27.44:850][  0]LogAIModule: Creating AISystem for world Untitled
[2019.09.16-00.27.44:874][  0]LogInit: XAudio2 using 'Speakers (High Definition Audio Device)' : 2 channels at 44.1 kHz using 16 bits per sample (channel mask 0x3)
[2019.09.16-00.27.44:900][  0]LogInit: FAudioDevice initialized.
[2019.09.16-00.27.44:901][  0]LogNetVersion: Set ProjectVersion to 1.0.0.0. Version Checksum will be recalculated on next use.
[2019.09.16-00.27.44:986][  0]LogDerivedDataCache: Saved boot cache 0.08s 73MB C:/Users/Jacob/AppData/Local/UnrealEngine/4.23/DerivedDataCache/Boot.ddc.
[2019.09.16-00.27.44:990][  0]LogInit: Texture streaming: Enabled
[2019.09.16-00.27.45:022][  0]LogEngineSessionManager: EngineSessionManager initialized
[2019.09.16-00.27.45:070][  0]LogInit: Transaction tracking system initialized
[2019.09.16-00.27.45:120][  0]BlueprintLog: New page: Editor Load
[2019.09.16-00.27.45:244][  0]LocalizationService: Localization service is disabled
[2019.09.16-00.27.45:548][  0]LogFileCache: Scanning file cache for directory 'D:/Documents/Game-Physics/Physics/Content/' took 0.00s
[2019.09.16-00.27.45:548][  0]LogCook: Display: Max memory allowance for cook 16384mb min free memory 0mb
[2019.09.16-00.27.45:548][  0]LogCook: Display: Mobile HDR setting 1
[2019.09.16-00.27.45:853][  0]SourceControl: Source control is disabled
[2019.09.16-00.27.45:853][  0]Cmd: MAP LOAD FILE="../../../Engine/Content/Maps/Templates/Template_Default.umap" TEMPLATE=1 SHOWPROGRESS=1 FEATURELEVEL=3
[2019.09.16-00.27.45:853][  0]LightingResults: New page: Lighting Build
[2019.09.16-00.27.45:856][  0]LogWorld: UWorld::CleanupWorld for Untitled, bSessionEnded=true, bCleanupResources=true
[2019.09.16-00.27.45:856][  0]MapCheck: New page: Map Check
[2019.09.16-00.27.45:856][  0]LightingResults: New page: Lighting Build
[2019.09.16-00.27.45:909][  0]LogUObjectHash: Compacting FUObjectHashTables data took   1.84ms
[2019.09.16-00.27.45:988][  0]LogAIModule: Creating AISystem for world Untitled_1
[2019.09.16-00.27.45:993][  0]LogEditorServer: Finished looking for orphan Actors (0.000 secs)
[2019.09.16-00.27.46:039][  0]LogUObjectHash: Compacting FUObjectHashTables data took   2.20ms
[2019.09.16-00.27.46:040][  0]Cmd: MAP CHECKDEP NOCLEARLOG
[2019.09.16-00.27.46:040][  0]MapCheck: Map check complete: 0 Error(s), 0 Warning(s), took 0.185ms to complete.
[2019.09.16-00.27.46:040][  0]LogFileHelpers: Loading map 'Template_Default' took 0.187
[2019.09.16-00.27.46:182][  0]LogSlate: Updating window title bar state: overlay mode, drag disabled, window buttons hidden, title bar hidden
[2019.09.16-00.27.46:189][  0]LogSlate: Updating window title bar state: overlay mode, drag disabled, window buttons hidden, title bar hidden
[2019.09.16-00.27.46:197][  0]LogSlate: Updating window title bar state: overlay mode, drag disabled, window buttons hidden, title bar hidden
[2019.09.16-00.27.46:205][  0]LogSlate: Updating window title bar state: overlay mode, drag disabled, window buttons hidden, title bar hidden
[2019.09.16-00.27.46:213][  0]LogCollectionManager: Loaded 0 collections in 0.001073 seconds
[2019.09.16-00.27.46:225][  0]LogFileCache: Scanning file cache for directory 'D:/Documents/Game-Physics/Physics/Saved/Collections/' took 0.00s
[2019.09.16-00.27.46:225][  0]LogFileCache: Scanning file cache for directory 'D:/Documents/Game-Physics/Physics/Content/Developers/Jacob/Collections/' took 0.00s
[2019.09.16-00.27.46:225][  0]LogFileCache: Scanning file cache for directory 'D:/Documents/Game-Physics/Physics/Content/Collections/' took 0.00s
[2019.09.16-00.27.46:225][  0]LogCollectionManager: Rebuilt the GUID cache for 0 collections in 0.000002 seconds
[2019.09.16-00.27.46:236][  0]LogContentBrowser: Native class hierarchy populated in 0.0102 seconds. Added 2868 classes and 685 folders.
[2019.09.16-00.27.46:241][  0]LogContentBrowser: Native class hierarchy updated for 'WidgetCarousel' in 0.0003 seconds. Added 0 classes and 0 folders.
[2019.09.16-00.27.46:279][  0]LogContentBrowser: Native class hierarchy updated for 'AddContentDialog' in 0.0003 seconds. Added 0 classes and 0 folders.
[2019.09.16-00.27.46:291][  0]LogContentBrowser: Native class hierarchy updated for 'SceneOutliner' in 0.0004 seconds. Added 1 classes and 2 folders.
[2019.09.16-00.27.46:306][  0]LogSlate: Took 0.000262 seconds to synchronously load lazily loaded font '../../../Engine/Content/Slate/Fonts/Roboto-Regular.ttf' (155K)
[2019.09.16-00.27.46:308][  0]LogSlate: Took 0.000198 seconds to synchronously load lazily loaded font '../../../Engine/Content/Slate/Fonts/Roboto-Bold.ttf' (160K)
[2019.09.16-00.27.46:315][  0]LogSlate: Took 0.000604 seconds to synchronously load lazily loaded font '../../../Engine/Content/Editor/Slate/Fonts/FontAwesome.ttf' (139K)
[2019.09.16-00.27.46:379][  0]LogRenderer: Reallocating scene render targets to support 1084x600 Format 10 NumSamples 1 (Frame:1).
[2019.09.16-00.27.46:462][  0]LogContentBrowser: Native class hierarchy updated for 'HierarchicalLODOutliner' in 0.0004 seconds. Added 0 classes and 0 folders.
[2019.09.16-00.27.46:463][  0]LogLoad: (Engine Initialization) Total time: 8.34 seconds
[2019.09.16-00.27.46:463][  0]LogLoad: (Engine Initialization) Total Blueprint compile time: 0.00 seconds
[2019.09.16-00.27.46:506][  0]LogAssetRegistry: Asset discovery search completed in 4.7143 seconds
[2019.09.16-00.27.46:509][  0]LogCollectionManager: Rebuilt the object cache for 0 collections in 0.000008 seconds (found 0 objects)
[2019.09.16-00.27.46:510][  0]LogCollectionManager: Fixed up redirectors for 0 collections in 0.000198 seconds (updated 0 objects)
[2019.09.16-00.27.46:511][  0]LogContentStreaming: Texture pool size now 1000 MB
[2019.09.16-00.27.46:536][  0]LogSlate: Took 0.000134 seconds to synchronously load lazily loaded font '../../../Engine/Content/Slate/Fonts/Roboto-Light.ttf' (167K)
[2019.09.16-00.27.49:522][354]LogSlate: FSceneViewport::OnFocusLost() reason 0
[2019.09.16-00.27.51:658][608]LogSlate: Took 0.000188 seconds to synchronously load lazily loaded font '../../../Engine/Content/Slate/Fonts/Roboto-Light.ttf' (167K)
[2019.09.16-00.27.51:713][608]LogAIModule: Creating AISystem for world Lab2
[2019.09.16-00.27.51:718][608]LogAssetEditorManager: Opening Asset editor for World /Game/Levels/Lab2.Lab2
[2019.09.16-00.27.51:763][608]LogUObjectHash: Compacting FUObjectHashTables data took   2.28ms
[2019.09.16-00.27.51:764][608]Cmd: MAP LOAD FILE="../../../../../../Documents/Game-Physics/Physics/Content/Levels/Lab2.umap" TEMPLATE=0 SHOWPROGRESS=1 FEATURELEVEL=3
[2019.09.16-00.27.51:764][608]LightingResults: New page: Lighting Build
[2019.09.16-00.27.51:764][608]LoadErrors: New page: Loading map: Lab2.umap
[2019.09.16-00.27.51:765][608]LogWorld: UWorld::CleanupWorld for Untitled_1, bSessionEnded=true, bCleanupResources=true
[2019.09.16-00.27.51:765][608]MapCheck: New page: Map Check
[2019.09.16-00.27.51:765][608]LightingResults: New page: Lighting Build
[2019.09.16-00.27.51:809][608]LogUObjectHash: Compacting FUObjectHashTables data took   2.10ms
[2019.09.16-00.27.51:813][608]LogEditorServer: Finished looking for orphan Actors (0.000 secs)
[2019.09.16-00.27.51:857][608]LogUObjectHash: Compacting FUObjectHashTables data took   2.28ms
[2019.09.16-00.27.51:875][608]Cmd: MAP CHECKDEP NOCLEARLOG
[2019.09.16-00.27.51:875][608]MapCheck: Map check complete: 0 Error(s), 0 Warning(s), took 0.096ms to complete.
[2019.09.16-00.27.51:875][608]LogFileHelpers: Loading map 'Lab2' took 0.112
[2019.09.16-00.27.52:669][699]LogEditorViewport: Clicking on Actor (LMB): Particle2D_GravityForceNormal_C (Particle2D_GravityForceNormal)
[2019.09.16-00.27.56:751][184]LogSlate: FSceneViewport::OnFocusLost() reason 0
[2019.09.16-00.27.56:826][193]LogTemp: Repeating last play command: Selected Viewport
[2019.09.16-00.27.56:836][193]LogBlueprintUserMessages: Early PlayInEditor Detection: Level '/Game/Levels/Lab2.Lab2:PersistentLevel' has LevelScriptBlueprint '/Game/Levels/Lab2.Lab2:PersistentLevel.Lab2' with GeneratedClass '/Game/Levels/Lab2.Lab2_C' with ClassGeneratedBy '/Game/Levels/Lab2.Lab2:PersistentLevel.Lab2'
[2019.09.16-00.27.56:836][193]LogPlayLevel: PlayLevel: No blueprints needed recompiling
[2019.09.16-00.27.56:836][193]PIE: New page: PIE session: Lab2 (Sep 15, 2019, 4:27:56 PM)
[2019.09.16-00.27.56:838][193]LogOnline: OSS: Creating online subsystem instance for: NULL
[2019.09.16-00.27.56:841][193]LogPlayLevel: Creating play world package: /Game/Levels/UEDPIE_0_Lab2
[2019.09.16-00.27.56:843][193]LogPlayLevel: PIE: StaticDuplicateObject took: (0.002374s)
[2019.09.16-00.27.56:844][193]LogAIModule: Creating AISystem for world Lab2
[2019.09.16-00.27.56:845][193]LogPlayLevel: PIE: World Init took: (0.001294s)
[2019.09.16-00.27.56:845][193]LogPlayLevel: PIE: Created PIE world by copying editor world from /Game/Levels/Lab2.Lab2 to /Game/Levels/UEDPIE_0_Lab2.Lab2 (0.004205s)
[2019.09.16-00.27.56:886][193]LogUObjectHash: Compacting FUObjectHashTables data took   1.51ms
[2019.09.16-00.27.56:902][193]LogInit: XAudio2 using 'Speakers (High Definition Audio Device)' : 2 channels at 44.1 kHz using 16 bits per sample (channel mask 0x3)
[2019.09.16-00.27.56:913][193]LogInit: FAudioDevice initialized.
[2019.09.16-00.27.56:926][193]LogLoad: Game class is 'GameModeBase'
[2019.09.16-00.27.56:928][193]LogWorld: Bringing World /Game/Levels/UEDPIE_0_Lab2.Lab2 up for play (max tick rate 0) at 2019.09.15-20.27.56
[2019.09.16-00.27.56:928][193]LogWorld: Bringing up level for play took: 0.000963
[2019.09.16-00.27.56:929][193]LogOnline: OSS: Creating online subsystem instance for: :Context_1
[2019.09.16-00.27.56:936][193]LogContentBrowser: Native class hierarchy updated for 'MovieSceneCapture' in 0.0004 seconds. Added 20 classes and 0 folders.
[2019.09.16-00.27.56:936][193]LogBlueprintUserMessages: [Particle2D_Gravity_2] X=0.000 Y=450.000
[2019.09.16-00.27.56:937][193]PIE: Play in editor start time for /Game/Levels/UEDPIE_0_Lab2 -0.692
[2019.09.16-00.27.56:937][193]LogBlueprintUserMessages: Late PlayInEditor Detection: Level '/Game/Levels/Lab2.Lab2:PersistentLevel' has LevelScriptBlueprint '/Game/Levels/Lab2.Lab2:PersistentLevel.Lab2' with GeneratedClass '/Game/Levels/Lab2.Lab2_C' with ClassGeneratedBy '/Game/Levels/Lab2.Lab2:PersistentLevel.Lab2'
[2019.09.16-00.28.00:163][577]LogBlueprintUserMessages: Early EndPlayMap Detection: Level '/Game/Levels/Lab2.Lab2:PersistentLevel' has LevelScriptBlueprint '/Game/Levels/Lab2.Lab2:PersistentLevel.Lab2' with GeneratedClass '/Game/Levels/Lab2.Lab2_C' with ClassGeneratedBy '/Game/Levels/Lab2.Lab2:PersistentLevel.Lab2'
[2019.09.16-00.28.00:164][577]LogSlate: Updating window title bar state: overlay mode, drag disabled, window buttons hidden, title bar hidden
[2019.09.16-00.28.00:164][577]LogWorld: BeginTearingDown for /Game/Levels/UEDPIE_0_Lab2
[2019.09.16-00.28.00:164][577]LogWorld: UWorld::CleanupWorld for Lab2, bSessionEnded=true, bCleanupResources=true
[2019.09.16-00.28.00:178][577]LogPlayLevel: Display: Shutting down PIE online subsystems
[2019.09.16-00.28.00:178][577]LogBlueprintUserMessages: Late EndPlayMap Detection: Level '/Game/Levels/Lab2.Lab2:PersistentLevel' has LevelScriptBlueprint '/Game/Levels/Lab2.Lab2:PersistentLevel.Lab2' with GeneratedClass '/Game/Levels/Lab2.Lab2_C' with ClassGeneratedBy '/Game/Levels/Lab2.Lab2:PersistentLevel.Lab2'
[2019.09.16-00.28.00:224][577]LogSlate: Updating window title bar state: overlay mode, drag disabled, window buttons hidden, title bar hidden
[2019.09.16-00.28.00:227][577]LogUObjectHash: Compacting FUObjectHashTables data took   1.77ms
[2019.09.16-00.28.00:265][581]LogPlayLevel: Display: Destroying online subsystem :Context_1
[2019.09.16-00.30.26:321][ 62]LogAssetEditorManager: Opening Asset editor for Blueprint /Game/Blueprints/Particle2D_GravityForceNormal.Particle2D_GravityForceNormal
[2019.09.16-00.30.26:571][ 62]LogContentBrowser: Native class hierarchy updated for 'BlueprintGraph' in 0.0007 seconds. Added 121 classes and 0 folders.
[2019.09.16-00.30.27:526][ 62]LogSlate: Took 0.000711 seconds to synchronously load lazily loaded font '../../../Engine/Content/Slate/Fonts/Roboto-BoldCondensed.ttf' (158K)
[2019.09.16-00.30.27:593][ 63]LogSlate: Took 0.000767 seconds to synchronously load lazily loaded font '../../../Engine/Content/Slate/Fonts/Roboto-Italic.ttf' (157K)
[2019.09.16-00.30.43:225][377]Cmd: OBJ SAVEPACKAGE PACKAGE="/Game/Blueprints/Particle2D_GravityForceNormal" FILE="../../../../../../Documents/Game-Physics/Physics/Content/Blueprints/Particle2D_GravityForceNormal.uasset" SILENT=true
[2019.09.16-00.30.43:254][377]LogSavePackage: Moving '../../../../../../Documents/Game-Physics/Physics/Saved/Particle2D_GravityForceNormalBE4D29614F46DD265FBCCDB375811F80.tmp' to '../../../../../../Documents/Game-Physics/Physics/Content/Blueprints/Particle2D_GravityForceNormal.uasset'
[2019.09.16-00.30.44:058][458]LogSlate: Window 'Particle2D_GravityForceNormal' being destroyed
[2019.09.16-00.31.04:088][825]BlueprintLog: New page: Compile Particle2D_GravityForceNormal
[2019.09.16-00.31.04:345][825]LogUObjectHash: Compacting FUObjectHashTables data took   4.71ms
[2019.09.16-00.31.06:772][109]LogTemp: Repeating last play command: Selected Viewport
[2019.09.16-00.31.06:781][109]LogBlueprintUserMessages: Early PlayInEditor Detection: Level '/Game/Levels/Lab2.Lab2:PersistentLevel' has LevelScriptBlueprint '/Game/Levels/Lab2.Lab2:PersistentLevel.Lab2' with GeneratedClass '/Game/Levels/Lab2.Lab2_C' with ClassGeneratedBy '/Game/Levels/Lab2.Lab2:PersistentLevel.Lab2'
[2019.09.16-00.31.06:781][109]LogPlayLevel: PlayLevel: No blueprints needed recompiling
[2019.09.16-00.31.06:782][109]PIE: New page: PIE session: Lab2 (Sep 15, 2019, 4:31:06 PM)
[2019.09.16-00.31.06:782][109]LogPlayLevel: Creating play world package: /Game/Levels/UEDPIE_0_Lab2
[2019.09.16-00.31.06:784][109]LogPlayLevel: PIE: StaticDuplicateObject took: (0.002226s)
[2019.09.16-00.31.06:785][109]LogAIModule: Creating AISystem for world Lab2
[2019.09.16-00.31.06:785][109]LogPlayLevel: PIE: World Init took: (0.001262s)
[2019.09.16-00.31.06:786][109]LogPlayLevel: PIE: Created PIE world by copying editor world from /Game/Levels/Lab2.Lab2 to /Game/Levels/UEDPIE_0_Lab2.Lab2 (0.003860s)
[2019.09.16-00.31.06:833][109]LogUObjectHash: Compacting FUObjectHashTables data took   4.06ms
[2019.09.16-00.31.06:851][109]LogInit: XAudio2 using 'Speakers (High Definition Audio Device)' : 2 channels at 44.1 kHz using 16 bits per sample (channel mask 0x3)
[2019.09.16-00.31.06:865][109]LogInit: FAudioDevice initialized.
[2019.09.16-00.31.06:880][109]LogLoad: Game class is 'GameModeBase'
[2019.09.16-00.31.06:881][109]LogWorld: Bringing World /Game/Levels/UEDPIE_0_Lab2.Lab2 up for play (max tick rate 0) at 2019.09.15-20.31.06
[2019.09.16-00.31.06:881][109]LogWorld: Bringing up level for play took: 0.000993
[2019.09.16-00.31.06:882][109]LogOnline: OSS: Creating online subsystem instance for: :Context_6
[2019.09.16-00.31.06:885][109]LogBlueprintUserMessages: [Particle2D_Gravity_2] X=0.000 Y=450.000
[2019.09.16-00.31.06:885][109]PIE: Play in editor start time for /Game/Levels/UEDPIE_0_Lab2 -0.744
[2019.09.16-00.31.06:886][109]LogBlueprintUserMessages: Late PlayInEditor Detection: Level '/Game/Levels/Lab2.Lab2:PersistentLevel' has LevelScriptBlueprint '/Game/Levels/Lab2.Lab2:PersistentLevel.Lab2' with GeneratedClass '/Game/Levels/Lab2.Lab2_C' with ClassGeneratedBy '/Game/Levels/Lab2.Lab2:PersistentLevel.Lab2'
[2019.09.16-00.31.06:886][109]LogBlueprintDebug: Warning: Hit breakpoint on node 'CallFunc_GenerateForce_normal', from offset 168
[2019.09.16-00.31.06:886][109]LogBlueprintDebug: 
Script call stack:
	Function /Game/Blueprints/Particle2D_GravityForceNormal.Particle2D_GravityForceNormal_C:ReceiveTick
	Function /Game/Blueprints/Particle2D_GravityForceNormal.Particle2D_GravityForceNormal_C:ExecuteUbergraph_Particle2D_GravityForceNormal

[2019.09.16-00.31.11:113][109]LogBlueprintDebug: Warning: Hit breakpoint on node 'CallFunc_AddForce', from offset 231
[2019.09.16-00.31.11:113][109]LogBlueprintDebug: 
Script call stack:
	Function /Game/Blueprints/Particle2D_GravityForceNormal.Particle2D_GravityForceNormal_C:ReceiveTick
	Function /Game/Blueprints/Particle2D_GravityForceNormal.Particle2D_GravityForceNormal_C:ExecuteUbergraph_Particle2D_GravityForceNormal

[2019.09.16-00.31.17:323][109]LogBlueprintUserMessages: Early EndPlayMap Detection: Level '/Game/Levels/Lab2.Lab2:PersistentLevel' has LevelScriptBlueprint '/Game/Levels/Lab2.Lab2:PersistentLevel.Lab2' with GeneratedClass '/Game/Levels/Lab2.Lab2_C' with ClassGeneratedBy '/Game/Levels/Lab2.Lab2:PersistentLevel.Lab2'
[2019.09.16-00.31.17:323][109]LogSlate: Updating window title bar state: overlay mode, drag disabled, window buttons hidden, title bar hidden
[2019.09.16-00.31.17:324][109]LogWorld: BeginTearingDown for /Game/Levels/UEDPIE_0_Lab2
[2019.09.16-00.31.17:324][109]LogWorld: UWorld::CleanupWorld for Lab2, bSessionEnded=true, bCleanupResources=true
[2019.09.16-00.31.17:360][109]LogPlayLevel: Display: Shutting down PIE online subsystems
[2019.09.16-00.31.17:361][109]LogBlueprintUserMessages: Late EndPlayMap Detection: Level '/Game/Levels/Lab2.Lab2:PersistentLevel' has LevelScriptBlueprint '/Game/Levels/Lab2.Lab2:PersistentLevel.Lab2' with GeneratedClass '/Game/Levels/Lab2.Lab2_C' with ClassGeneratedBy '/Game/Levels/Lab2.Lab2:PersistentLevel.Lab2'
[2019.09.16-00.31.17:412][109]LogSlate: Updating window title bar state: overlay mode, drag disabled, window buttons hidden, title bar hidden
[2019.09.16-00.31.17:416][109]LogUObjectHash: Compacting FUObjectHashTables data took   3.23ms
[2019.09.16-00.31.17:466][110]LogPlayLevel: Display: Destroying online subsystem :Context_6
[2019.09.16-00.31.23:366][816]BlueprintLog: New page: Compile Particle2D_GravityForceNormal
[2019.09.16-00.31.23:607][816]LogUObjectHash: Compacting FUObjectHashTables data took   4.07ms
[2019.09.16-00.31.25:199][  0]LogTemp: Repeating last play command: Selected Viewport
[2019.09.16-00.31.25:209][  0]LogBlueprintUserMessages: Early PlayInEditor Detection: Level '/Game/Levels/Lab2.Lab2:PersistentLevel' has LevelScriptBlueprint '/Game/Levels/Lab2.Lab2:PersistentLevel.Lab2' with GeneratedClass '/Game/Levels/Lab2.Lab2_C' with ClassGeneratedBy '/Game/Levels/Lab2.Lab2:PersistentLevel.Lab2'
[2019.09.16-00.31.25:209][  0]LogPlayLevel: PlayLevel: No blueprints needed recompiling
[2019.09.16-00.31.25:209][  0]PIE: New page: PIE session: Lab2 (Sep 15, 2019, 4:31:25 PM)
[2019.09.16-00.31.25:209][  0]LogPlayLevel: Creating play world package: /Game/Levels/UEDPIE_0_Lab2
[2019.09.16-00.31.25:212][  0]LogPlayLevel: PIE: StaticDuplicateObject took: (0.002269s)
[2019.09.16-00.31.25:213][  0]LogAIModule: Creating AISystem for world Lab2
[2019.09.16-00.31.25:213][  0]LogPlayLevel: PIE: World Init took: (0.001160s)
[2019.09.16-00.31.25:213][  0]LogPlayLevel: PIE: Created PIE world by copying editor world from /Game/Levels/Lab2.Lab2 to /Game/Levels/UEDPIE_0_Lab2.Lab2 (0.003799s)
[2019.09.16-00.31.25:261][  0]LogUObjectHash: Compacting FUObjectHashTables data took   4.16ms
[2019.09.16-00.31.25:275][  0]LogInit: XAudio2 using 'Speakers (High Definition Audio Device)' : 2 channels at 44.1 kHz using 16 bits per sample (channel mask 0x3)
[2019.09.16-00.31.25:286][  0]LogInit: FAudioDevice initialized.
[2019.09.16-00.31.25:295][  0]LogSlate: Updating window title bar state: overlay mode, drag disabled, window buttons hidden, title bar hidden
[2019.09.16-00.31.25:295][  0]LogLoad: Game class is 'GameModeBase'
[2019.09.16-00.31.25:297][  0]LogWorld: Bringing World /Game/Levels/UEDPIE_0_Lab2.Lab2 up for play (max tick rate 0) at 2019.09.15-20.31.25
[2019.09.16-00.31.25:297][  0]LogWorld: Bringing up level for play took: 0.001312
[2019.09.16-00.31.25:298][  0]LogOnline: OSS: Creating online subsystem instance for: :Context_7
[2019.09.16-00.31.25:301][  0]LogGameMode: FindPlayerStart: PATHS NOT DEFINED or NO PLAYERSTART with positive rating
[2019.09.16-00.31.25:301][  0]LogBlueprintUserMessages: [Particle2D_Gravity_2] X=0.000 Y=450.000
[2019.09.16-00.31.25:303][  0]PIE: Play in editor start time for /Game/Levels/UEDPIE_0_Lab2 -0.326
[2019.09.16-00.31.25:304][  0]LogBlueprintUserMessages: Late PlayInEditor Detection: Level '/Game/Levels/Lab2.Lab2:PersistentLevel' has LevelScriptBlueprint '/Game/Levels/Lab2.Lab2:PersistentLevel.Lab2' with GeneratedClass '/Game/Levels/Lab2.Lab2_C' with ClassGeneratedBy '/Game/Levels/Lab2.Lab2:PersistentLevel.Lab2'
[2019.09.16-00.31.25:304][  0]LogBlueprintDebug: Warning: Hit breakpoint on node 'CallFunc_GenerateForce_normal', from offset 168
[2019.09.16-00.31.25:304][  0]LogBlueprintDebug: 
Script call stack:
	Function /Game/Blueprints/Particle2D_GravityForceNormal.Particle2D_GravityForceNormal_C:ReceiveTick
	Function /Game/Blueprints/Particle2D_GravityForceNormal.Particle2D_GravityForceNormal_C:ExecuteUbergraph_Particle2D_GravityForceNormal

[2019.09.16-00.31.25:326][  0]LogScriptCore: Warning: Cannot call UnrealScript (HUD /Game/Levels/UEDPIE_0_Lab2.Lab2:PersistentLevel.HUD_0 - Function /Script/Engine.HUD:ReceiveDrawHUD) while stopped at a breakpoint.
[2019.09.16-00.31.25:327][  0]LogRenderer: Reallocating scene render targets to support 1280x720 Format 10 NumSamples 1 (Frame:1).
[2019.09.16-00.31.27:657][  0]LogSlate: Window 'Physics Game Preview Standalone (64-bit/PCD3D_SM5)' being destroyed
[2019.09.16-00.31.30:391][  0]LogBlueprintUserMessages: Early EndPlayMap Detection: Level '/Game/Levels/Lab2.Lab2:PersistentLevel' has LevelScriptBlueprint '/Game/Levels/Lab2.Lab2:PersistentLevel.Lab2' with GeneratedClass '/Game/Levels/Lab2.Lab2_C' with ClassGeneratedBy '/Game/Levels/Lab2.Lab2:PersistentLevel.Lab2'
[2019.09.16-00.31.30:391][  0]LogWorld: BeginTearingDown for /Game/Levels/UEDPIE_0_Lab2
[2019.09.16-00.31.30:391][  0]LogWorld: UWorld::CleanupWorld for Lab2, bSessionEnded=true, bCleanupResources=true
[2019.09.16-00.31.30:432][  0]LogPlayLevel: Display: Shutting down PIE online subsystems
[2019.09.16-00.31.30:432][  0]LogBlueprintUserMessages: Late EndPlayMap Detection: Level '/Game/Levels/Lab2.Lab2:PersistentLevel' has LevelScriptBlueprint '/Game/Levels/Lab2.Lab2:PersistentLevel.Lab2' with GeneratedClass '/Game/Levels/Lab2.Lab2_C' with ClassGeneratedBy '/Game/Levels/Lab2.Lab2:PersistentLevel.Lab2'
[2019.09.16-00.31.30:485][  0]LogUObjectHash: Compacting FUObjectHashTables data took   3.08ms
[2019.09.16-00.31.30:540][  1]LogPlayLevel: Display: Destroying online subsystem :Context_7
[2019.09.16-00.31.32:111][184]LogTemp: Repeating last play command: Selected Viewport
[2019.09.16-00.31.32:121][184]LogBlueprintUserMessages: Early PlayInEditor Detection: Level '/Game/Levels/Lab2.Lab2:PersistentLevel' has LevelScriptBlueprint '/Game/Levels/Lab2.Lab2:PersistentLevel.Lab2' with GeneratedClass '/Game/Levels/Lab2.Lab2_C' with ClassGeneratedBy '/Game/Levels/Lab2.Lab2:PersistentLevel.Lab2'
[2019.09.16-00.31.32:122][184]LogPlayLevel: PlayLevel: No blueprints needed recompiling
[2019.09.16-00.31.32:122][184]PIE: New page: PIE session: Lab2 (Sep 15, 2019, 4:31:32 PM)
[2019.09.16-00.31.32:122][184]LogPlayLevel: Creating play world package: /Game/Levels/UEDPIE_0_Lab2
[2019.09.16-00.31.32:125][184]LogPlayLevel: PIE: StaticDuplicateObject took: (0.002835s)
[2019.09.16-00.31.32:126][184]LogAIModule: Creating AISystem for world Lab2
[2019.09.16-00.31.32:126][184]LogPlayLevel: PIE: World Init took: (0.001139s)
[2019.09.16-00.31.32:126][184]LogPlayLevel: PIE: Created PIE world by copying editor world from /Game/Levels/Lab2.Lab2 to /Game/Levels/UEDPIE_0_Lab2.Lab2 (0.004388s)
[2019.09.16-00.31.32:171][184]LogUObjectHash: Compacting FUObjectHashTables data took   2.86ms
[2019.09.16-00.31.32:185][184]LogInit: XAudio2 using 'Speakers (High Definition Audio Device)' : 2 channels at 44.1 kHz using 16 bits per sample (channel mask 0x3)
[2019.09.16-00.31.32:196][184]LogInit: FAudioDevice initialized.
[2019.09.16-00.31.32:210][184]LogLoad: Game class is 'GameModeBase'
[2019.09.16-00.31.32:211][184]LogWorld: Bringing World /Game/Levels/UEDPIE_0_Lab2.Lab2 up for play (max tick rate 0) at 2019.09.15-20.31.32
[2019.09.16-00.31.32:212][184]LogWorld: Bringing up level for play took: 0.000974
[2019.09.16-00.31.32:212][184]LogOnline: OSS: Creating online subsystem instance for: :Context_8
[2019.09.16-00.31.32:215][184]LogBlueprintUserMessages: [Particle2D_Gravity_2] X=0.000 Y=450.000
[2019.09.16-00.31.32:216][184]PIE: Play in editor start time for /Game/Levels/UEDPIE_0_Lab2 0.586
[2019.09.16-00.31.32:216][184]LogBlueprintUserMessages: Late PlayInEditor Detection: Level '/Game/Levels/Lab2.Lab2:PersistentLevel' has LevelScriptBlueprint '/Game/Levels/Lab2.Lab2:PersistentLevel.Lab2' with GeneratedClass '/Game/Levels/Lab2.Lab2_C' with ClassGeneratedBy '/Game/Levels/Lab2.Lab2:PersistentLevel.Lab2'
[2019.09.16-00.31.32:217][184]LogBlueprintDebug: Warning: Hit breakpoint on node 'CallFunc_GenerateForce_normal', from offset 168
[2019.09.16-00.31.32:217][184]LogBlueprintDebug: 
Script call stack:
	Function /Game/Blueprints/Particle2D_GravityForceNormal.Particle2D_GravityForceNormal_C:ReceiveTick
	Function /Game/Blueprints/Particle2D_GravityForceNormal.Particle2D_GravityForceNormal_C:ExecuteUbergraph_Particle2D_GravityForceNormal

[2019.09.16-00.31.35:079][184]LogBlueprintDebug: Warning: Hit breakpoint on node 'CallFunc_AddForce', from offset 231
[2019.09.16-00.31.35:079][184]LogBlueprintDebug: 
Script call stack:
	Function /Game/Blueprints/Particle2D_GravityForceNormal.Particle2D_GravityForceNormal_C:ReceiveTick
	Function /Game/Blueprints/Particle2D_GravityForceNormal.Particle2D_GravityForceNormal_C:ExecuteUbergraph_Particle2D_GravityForceNormal

[2019.09.16-00.31.46:584][184]LogBlueprintUserMessages: Early EndPlayMap Detection: Level '/Game/Levels/Lab2.Lab2:PersistentLevel' has LevelScriptBlueprint '/Game/Levels/Lab2.Lab2:PersistentLevel.Lab2' with GeneratedClass '/Game/Levels/Lab2.Lab2_C' with ClassGeneratedBy '/Game/Levels/Lab2.Lab2:PersistentLevel.Lab2'
[2019.09.16-00.31.46:584][184]LogSlate: Updating window title bar state: overlay mode, drag disabled, window buttons hidden, title bar hidden
[2019.09.16-00.31.46:584][184]LogWorld: BeginTearingDown for /Game/Levels/UEDPIE_0_Lab2
[2019.09.16-00.31.46:584][184]LogWorld: UWorld::CleanupWorld for Lab2, bSessionEnded=true, bCleanupResources=true
[2019.09.16-00.31.46:616][184]LogPlayLevel: Display: Shutting down PIE online subsystems
[2019.09.16-00.31.46:617][184]LogBlueprintUserMessages: Late EndPlayMap Detection: Level '/Game/Levels/Lab2.Lab2:PersistentLevel' has LevelScriptBlueprint '/Game/Levels/Lab2.Lab2:PersistentLevel.Lab2' with GeneratedClass '/Game/Levels/Lab2.Lab2_C' with ClassGeneratedBy '/Game/Levels/Lab2.Lab2:PersistentLevel.Lab2'
[2019.09.16-00.31.46:671][184]LogSlate: Updating window title bar state: overlay mode, drag disabled, window buttons hidden, title bar hidden
[2019.09.16-00.31.46:675][184]LogUObjectHash: Compacting FUObjectHashTables data took   2.98ms
[2019.09.16-00.31.46:721][185]LogPlayLevel: Display: Destroying online subsystem :Context_8
